     read       raw corrected
       id    length    length
--------- --------- ---------
        1      2837      2837
        2       628       615
        3      4357      4279
        4      3797      3793
        5     13746     13545
        7      2031      2023
        8       764       764
        9       609       592
       13       671       672
       15      1819      1700
       16      1247      1247
       17      4290      4224
       20      2034      2034
       21       971       900
       22      4482      4420
       23      3009      3009
       24      4273      4182
       25       570       571
       26      3333      3333
       27      7904      7904
       28      3896      3896
       29       446       446
       30      6103      6103
       32      1477      1488
       34      2119      2119
       38     14213     13937
       39      6968      6973
       40      8014      7917
       41       905       886
       43      1101      1092
       44      2128      2128
       46      1654      1641
       47       701       699
       50      2507      2432
       54      5371      5289
       55       373       371
       56     18495     18495
       58       308       308
       59      1732      1709
       60       335       327
       61     19686     19686
       62      3628      3613
       63     26554     25733
       65       855       849
       66      1105      1103
       67      3733      3710
       68     14482     14159
       69       577       559
       70      2208      2209
       71       796       775
       72     18899     18493
       73     13239     13239
       76      2641      2577
       77      3314      3277
       78      6304      6215
       79      1029      1030
       80      2015      1959
       81      2361      2358
       83      8455      8436
       86       362       358
       87      2013      2002
       88      1035      1009
       89       992       990
       90      1897      1887
       92      9735      9735
       95      1307      1276
       96      2394      2305
       97     12264     11735
       98      2277      2277
      100      1823      1763
      101      9070      8695
      102       945       945
      104       392       392
      105      3225      3225
      109      1777      1767
      110      3313      3288
      111     19378     19304
      112      4484      3150
      117       746       739
      118       527       527
      121      9076      8802
      122      1341      1289
      123      8294      8075
      124      6880      6880
      125      1038      1038
      126       991       985
      127       820       814
      128      1265      1254
      129     23332     22821
      132      3504      3504
      133       557       543
      134      2001      1964
      135      4946      4719
      137      9204      9124
      138      2072      1956
      141      1766      1766
      142       435       423
      144     16222     15956
      145      5899      5695
      146      1164      1164
      147       508       508
      148      1754      1759
      149      3375      3255
      150      2246      2243
      151       363       363
      152      1079      1079
      153      7372      7388
      154      6999      6771
      155       217       217
      156      1301      1256
      157      4825      4579
      158       974       967
      160     13649     13330
      161      1736      1721
      163      2656      2604
      164       997       997
      165      2683      2683
      166       591       576
      167      1198      1198
      168     10050      9823
      169      2014      1947
      170       489       476
      171       728       724
      173      9877      9877
      174       175       175
      175       789       783
      178     27118     26689
      180      2153      2116
      181      1670      1657
      183       535       528
      185      9465      9300
      186      5127      4957
      188      1992      1992
      189       799       799
      191      1339      1339
      192      2684      2649
      193      3008      3008
      194       629       629
      195      1677      1634
      196      1176      1176
      197     12279     12279
      199       813       813
      200     16073     15582
      201       725       724
      203       822       796
      204      2135      2087
      205       361       361
      206      2738      2738
      207     20155     19892
      208     15489     14930
      209      9109      9109
      210      1935      1935
      211      1059      1059
      212      1165      1160
      214      3710      3712
      215      1043      1043
      216       206       206
      217      3592      3464
      218       490       485
      219      2431      2413
      221      1027      1027
      222     17139     16964
      223      1537      1537
      224      1316      1285
      225      2822      2636
      226      3363      3363
      227       958       958
      228      1112      1112
      229       311       311
      230      7578      7559
      232       704       699
      233      1146      1129
      234     15625     15379
      237      1319      1317
      239      1262      1262
      241    124994    124838
      242      4972      4861
      243       704       704
      244       736       727
      245      2550      2465
      247      1875      1875
      249      8135      8086
      250      7666      7666
      253      1962      1951
      255      6423      6381
      256      2378      2378
      257      1161      1160
      258       195       186
      259       544       522
      260      5777      5777
      262      4402      4402
      263       269       266
      264      3529      3447
      265      2259      2214
      268      6981      6981
      270       578       572
      276       395       375
      277      7269      7269
      278     18444     17736
      279     30977     30298
      280      5411      5252
      281      3032      3022
      282      2645      2558
      284      3285      3231
      285      1773      1766
      286    108800    108555
      287       294       294
      289      1492      1492
      290      3457      3453
      291       417       417
      292      1583      1571
      293      2257      2257
      296       891       891
      297      6565      6565
      298      9819      9802
      299       977       977
      300      8236      8236
      301      1620      1619
      302      3215      3215
      304      1739      1690
      305      5162      5160
      306       709       689
      308      1063      1064
      309      5525      5469
      311      1016       948
      312     22227     20969
      314      1437      1437
      320      1051      1051
      321      2235      2221
      322      1160      1160
      323      2137      2068
      324       322       322
      326      1075      1074
      327      1063      1063
      329      1754      1754
      330      1982      1881
      332      4460      4355
      333      1212      1212
      334      1520      1506
      337      3988      3956
      338       929       929
      339      1012       992
      340      1110      1096
      341      1963      1947
      342     10725     10666
      343      2883      2813
      346       203       203
      347      1175      1175
      348      1112      1103
      349       602       602
      352      3631      3492
      354      9885      9860
      355      2667      2667
      356      3596      3579
      358      1356      1355
      359     11089     11045
      360      3403      3403
      361      3846      3845
      362     15113     15113
      363       878       887
      364     14111     14111
      365       957       957
      366       649       649
      367      1329      1258
      370       453       410
      371       386       385
      373     11890     11342
      375      1539      1523
      376       554       554
      378       526       514
      380      1949      1949
      381      1447      1447
      382       686       675
      383      2627      2619
      385     39153     38507
      387       854       811
      388      4591      4557
      389       505       505
      390      5841      5828
      392       764       764
      393       665       654
      395      5817      5740
      396      6903      6890
      397       743       743
      398     11551     11551
      399       649       642
      400      2835      2805
      401       705       691
      402      4169      4106
      403     13789     13503
      405      2941      2784
      406      9896      9835
      407      4325      4297
      408       691       691
      409      1123      1123
      410      1457      1457
      411       733       733
      412      1017      1017
      413      2328      2181
      414      1255      1253
      415     44995     44913
      417     11667     11525
      418      2076      2045
      420       340       339
      421      5425      5423
      422      5328      5328
      424      2615      2520
      425     14193     14071
      426       619       594
      427     44598     44000
      428     11616     11471
      430      1056      1016
      432      1983      1928
      433       337       336
      436     19698     19541
      438      2179      2153
      439       485       477
      440      1091      1091
      444      3799      3799
      445      3539      3398
      447      1103      1091
      448      8989      8977
      449      1302      1302
      451      3217      3197
      453      2374      2374
      454      7416      7416
      456       679       671
      457       533       533
      458       287       274
      460       338       336
      461      4361      4361
      462      1084      1084
      463      1965      1930
      464       380       380
      465       689       674
      466       770       770
      467      1991      1991
      468       373       372
      469       612       607
      470      2363      2284
      471     15926     15500
      475      2790      2790
      476       627       560
      477      1377      1345
      479       841       822
      480      1476      1455
      481      6125      6091
      482      9909      9770
      484     12930     12844
      486       782       782
      487      5283      5119
      488      9402      9264
      489       696       679
      490      1817      1809
      491      5604      5556
      492       584       570
      494       731       722
      495      1910      1892
      496      1830      1783
      497      1655      1631
      498       977       966
      499      1159      1158
      500     25638     25112
      501      5334      5265
      502     10481     10280
      503      1227      1204
      504      4795      4748
      505      4086      3991
      506      2252      2204
      507      3221      3154
      508      2938      2916
      509      2268      2266
      510      1149      1135
      511     10893     10783
      512     18265     18256
      513      2610      2601
      514       681       670
      515      8581      8461
      516       415       415
      517      2143      2106
      518      4804      4737
      519       880       874
      520     13025     13015
      521      6666      6548
      522      5287      5276
      523       793       774
      524      8323      8210
      525      2076      2110
      526      1145      1131
      527      2036      1995
      528       770       768
      529      1078      1077
      530      4174      4133
      531      9704      9630
      532       670       660
      533       934       934
      534      5500      5451
      535       472       465
      536      2720      2682
      537      2369      2371
      538      1604      1558
      539      2007      1996
      540      3210      3138
      541      2183      2136
      542      3530      3503
      543       555       556
      544       849       846
      545       389       379
      546      2635      2592
      547      2510      2460
      548      6311      6237
      549      2354      2332
      550      1960      1958
      552      9369      9217
      553      6304      6424
      554       200       200
      555      1100      1058
      556       369       366
      557      1694      1668
      558       388       386
      559      1478      1473
      560       572       569
      561      1457      1453
      562      1193      1187
      563       863       863
      564      1063      1058
      565       852       840
      566      1025      1014
      567      4184      4080
      568      3787      3765
      569      4433      4404
      570      2064      1997
      571       976       952
      572      2584      2456
      573       740       688
      575      4751      4674
      578       653       626
      579      3412      3288
      580       998       963
      581       694       662
      582      1739      1680
      583      1168      1168
      584      4056      4040
      585      5062      4914
      586       990       955
      587      3016      2944
      588      1345      1318
      589      1258      1258
      590       236       236
      593      1282      1278
      594      1637      1637
      595      1874      1874
      596      9608      9415
      597      2126      2113
      598      1248      1225
      599      3873      3810
      600      6673      6579
      601      3295      3295
      602      4416      4269
      603      5147      5124
      604      1710      1698
      605      1111      1095
      607      2537      2536
      608      3135      3088
      609      4413      4201
      610      1264      1262
      612     21732     21558
      614      3614      3417
      615      1607      1588
      616      7480      7365
      617      1529      1529
      619       856       846
      620      1589      1554
      621      1725      1706
      623      1880      1868
      624      3144      3017
      625      1290      1255
      626      1058      1031
      627      1991      1930
      628      1703      1703
      629      3238      3238
      630      1104      1090
      631       327       323
      632      5096      4987
      633      1550      1525
      634      2388      2308
      635      2267      2256
      637      7015      6948
      638      6897      6872
      639      3232      3173
      640      2202      2114
      641      4946      4891
      642       854       863
      645       686       686
      646      2266      2266
      647       850       836
      648     12912     12719
      649      2265      2242
      650       892       883
      651       950       950
      652      1601      1598
      653      2618      2564
      654      1357      1306
      655      2590      2583
      656       104       104
      657       720       682
      658      1253      1253
      659      3260      3246
      660      3413      3388
      661      1680      1654
      663      6013      6013
      664       640       640
      665      2379      2320
      666      8835      8549
      667      1139      1128
      668      6304      6168
      669      3540      3506
      670      2350      2350
      671      1576      1569
      672      1604      1590
      673      6518      6366
      674      1235      1223
      675       472       434
      676      2492      2475
      677      1409      1406
      678      1624      1614
      679      1185      1171
      680      6928      6707
      681      9742      9232
      682     18766     18766
      683     18075     17683
      684      1294      1294
      686       473       477
      688       360       360
      689       687       669
      690      1779      1742
      691       634       634
      692      2206      2197
      693     10713     10632
      694      1004       982
      695      4694      4553
      696       811       801
      698      1559      1539
      699      3363      3283
      700      1362      1362
      701      1469      1425
      703      1465      1403
      704      1862      1867
      705      2546      2536
      706      1103      1078
      707      1942      1925
      708      1347      1337
      709      4031      3869
      711       734       727
      712      1616      1607
      713       974       973
      715      2705      2698
      716      2236      2174
      717     45057     44092
      718      3011      2981
      719       995       997
      720      1313      1300
      721      9245      9069
      722      2131      2092
      723      2981      2950
      724     14212     13931
      725      3186      3186
      726       691       689
      728      4679      4650
      729      4262      4262
      730      5187      5035
      731      1319      1301
      732      8540      8484
      734      4974      4856
      735      1468      1412
      736      2801      2692
      737      1808      1784
      738      1227      1194
      739      3884      3883
      740      1038       996
      741      3520      3251
      742      5217      5150
      743      1043      1043
      746       621       621
      748      3728      3549
      749     10249     10245
      750       842       829
      752      1497      1482
      753       901       900
      755      3167      3167
      756     12674     12499
      757      1522      1514
      758      1921      1921
      759      2718      2687
      760      4084      4056
      761      1093      1067
      762      4935      4935
      763       733       720
      764      1522      1519
      765      1163      1152
      766       906       880
      768      9028      8906
      769       465       463
      770      1152      1146
      771      1872      1872
      772      1534      1525
      773      1172      1141
      774      3113      2956
      776     11574     11349
      777      3653      3575
      778      4493      4400
      780      2277      2258
      781      1883      1803
      782      7087      6545
      784      1480      1462
      785      3266      3255
      787       512       490
      788      3975      3975
      789       728       727
      790      1718      1698
      791      5925      5810
      792      4417      4096
      793      3604      3574
      794       888       883
      795      7496      7512
      797     21092     20978
      799      3601      3590
      801      3154      3071
      802      1869      1839
      803     11086     10712
      804       379       368
      805      3189      3146
      808      2752      2671
      809      1289      1274
      810      5904      5906
      811       640       640
      812      8125      7980
      813       474       469
      814      5086      5034
      815      1253      1252
      816       665       663
      817      3644      3650
      818       220       212
      819      1706      1706
      820     12898     12299
      821      8936      8919
      822     10094      9923
      823      2354      2296
      824      3283      3252
      826      1253      1252
      827      2461      2447
      829      3677      3677
      830       532       527
      831      1486      1463
      832     13434     13434
      833       472       470
      834       611       599
      835      8714      8712
      836      3565      3523
      837      2704      2704
      838      4592      4508
      840      7191      7087
      841      9045      8957
      842     11783     11685
      843       293       285
      844      1302      1299
      846       768       751
      847       827       816
      848      3118      3049
      850      2060      2042
      851       631       630
      852      5916      5904
      853      4521      4495
      854       267       270
      855      7359      7322
      856      1032      1023
      857      3615      3583
      858     20707     19987
      859      2556      2519
      861      1840      1809
      862     13743     13426
      863      1734      1723
      864      7496      7175
      865      1385      1349
      866       305       294
      867      4760      4736
      869      6953      6760
      870      9797      9668
      871     19036     18687
      873     16900     16626
      874      2282      2262
      875      9686      9565
      876      3078      3063
      877      3796      3788
      878      4031      4021
      879      3042      2903
      880      9516      9311
      881     35897     34792
      882     11738     11336
      883      5725      5548
      884       718       718
      885      1184      1165
      886       816       826
      887      5116      4934
      889     28584     27886
      891      4211      4102
      892      2578      2452
      893      8662      8470
      894       745       745
      895       752       751
      896       460       457
      897     16728     16820
      898       723       695
      900       899       898
      901       567       558
      902      6766      6603
      903      9663      9611
      904      2162      2151
      905      3757      3701
      906      2055      2011
      907      1738      1716
      908      2392      2335
      909     13127     12766
      910       856       856
      911       819       814
      912      2675      2626
      913      2842      2835
      914      1918      1914
      915      3663      3488
      916      1355      1355
      917      1953      1908
      918       790       758
      919     16246     16215
      921      1724      1724
      922     12830     12510
      923      6288      6295
      924      1407      1407
      925     28609     28620
      926      2614      2536
      927       681       681
      928      3848      3698
      929      1090      1080
      930      1113      1113
      931      3120      3037
      932       842       838
      933       726       726
      935      2537      2518
      936     12244     12193
      937      1653      1645
      938      3884      3756
      939      1023       993
      941      2414      2297
      942     23496     22638
      943       734       715
      944      6863      6750
      945     26677     26052
      946      2248      2218
      947     26730     25771
      948      1024       992
      949      8523      8312
      950      2886      2867
      951      2622      2577
      952     20245     19969
      953       787       782
      954      8089      8047
      955       766       766
      956      1391      1382
      957      1128      1127
      958       899       898
      959      3311      3311
      960     13870     13383
      961      1017       952
      962      1262      1246
      963     14326     14007
      964      9555      9499
      965      6432      6432
      966      1851      1808
      967      9493      9257
      968      5246      5087
      969       603       590
      970      9466      9291
      971      4885      4881
      972       636       628
      973      1063      1058
      974      1875      1865
      975      5960      5675
      976      8696      8573
      977       745       728
      979      6281      6163
      980      3038      3025
      982      1313      1306
      983      6409      6406
      984      3120      3120
      985      6221      6210
      986      1545      1548
      987       948       917
      988      5527      5271
      989       995       974
      990      4139      4138
      991      4021      3980
      992      1169      1113
      993      6103      5963
      994     15747     15345
      995       781       781
      996      1142      1144
      997      6324      6205
      998      3278      3260
      999      1211      1189
     1001      1301      1261
     1005       624       607
     1006      9939      9859
     1007      2580      2585
     1009       966       954
     1010       413       413
     1011      4123      4014
     1012       684       673
     1013       230       229
     1014      3491      3491
     1015       838       838
     1017      6457      6345
     1018      5739      5712
     1019     30230     29726
     1020       741       735
     1021      2848      2764
     1022      6522      6503
     1023      4109      4109
     1024      6200      6136
     1026      8862      8722
     1028       469       469
     1029      6943      6832
     1030       346       336
     1031      3873      3759
     1033      3154      3117
     1034      1079      1068
     1035      4574      4411
     1036      2433      2433
     1037     12297     12068
     1039      7204      7186
     1040      2143      2148
     1041       532       529
     1042     14475     14307
     1043      2052      2050
     1044      5862      5784
     1045      1085      1085
     1046      2084      2022
     1047     20759     19986
     1048      1073      1075
     1049      4328      4233
     1050     20872     20314
     1051      1262      1263
     1052      3122      3041
     1054     11056     11010
     1055       797       769
     1056      2265      2211
     1057       969       960
     1058      1308      1281
     1059      2586      2585
     1060      1020      1020
     1061      6209      6202
     1062      1378      1368
     1064      1276      1271
     1066       770       764
     1067      1113      1072
     1068       591       542
     1069      2313      2301
     1070      2234      2195
     1072      1759      1743
     1073     12033     12033
     1075      2047      2064
     1076      2490      2492
     1077       735       712
     1078      4396      4337
     1079       770       770
     1080       903       892
     1081      5265      5239
     1083       747       742
     1084      1147      1144
     1085      6409      6300
     1087       722       722
     1088       660       644
     1089      2614      2562
     1090      6044      6033
     1091      1528      1521
     1092      9709      9410
     1094     12629     12474
     1095       918       908
     1096      3525      3508
     1097     15654     15391
     1098      1772      1767
     1099      2417      2412
     1100      1133      1091
     1102      3273      3239
     1103      1320      1307
     1104     10275     10054
     1105      1308      1308
     1107     14182     13685
     1108      2691      2691
     1109       375       374
     1111      2069      2019
     1113      1856      1824
     1114       864       862
     1115      1665      1660
     1116      1440      1440
     1117      3879      3666
     1118      1259      1242
     1119       357       357
     1120      9173      8918
     1121      2547      2493
     1122     20640     19873
     1123     20358     19759
     1124      2372      2330
     1125       614       604
     1126       725       706
     1127     11262     11158
     1128      1301      1293
     1130      1985      1985
     1131      1471      1471
     1132      3237      3237
     1133      1507      1458
     1134     11060     10608
     1135      1005      1010
     1136     11058     10734
     1137      7036      6978
     1138       806       805
     1139      3088      2985
     1141     14025     13761
     1142      2214      2204
     1143       617       621
     1144       695       691
     1145      2463      2457
     1146       264       270
     1147      2086      2003
     1148      1599      1582
     1149      1877      1863
     1150      6743      6728
     1151       866       866
     1152      3112      3056
     1153      5791      5782
     1154      3119      3060
     1155      1391      1391
     1156     10555     10493
     1157     16099     15900
     1158      1234      1224
     1159     15176     14867
     1160       828       830
     1161      1788      1766
     1163      3506      3413
     1164      1235      1273
     1165      6359      6132
     1166     11048     10955
     1168      1968      1926
     1169      1141      1100
     1170      1212      1210
     1172       399       395
     1173      3693      3608
     1174      2055      2016
     1175      1796      1766
     1176     10986     10771
     1177      3751      3747
     1178      6656      6656
     1179       906       892
     1182      2440      2412
     1184     15144     14891
     1185      2529      2447
     1186      4061      4061
     1187      7648      7609
     1188     15223     14933
     1189      4265      4262
     1190      7484      7454
     1191      3473      3473
     1192      1179      1178
     1194      2934      2879
     1195      1149      1144
     1196      7079      6919
     1197     27411     27411
     1198      1669      1669
     1199       792       783
     1200      6203      6197
     1201       754       754
     1203      2379      2329
     1204     19139     19139
     1205      1146      1142
     1206      2165      2131
     1208       986       984
     1209      1041      1036
     1210     20230     19843
     1212       997       985
     1213       844       844
     1214      5846      5798
     1215      3262      3262
     1217      1623      1619
     1218     12582     12622
     1219       376       367
     1220       482       486
     1221      5836      5753
     1222      1033      1029
     1223      3463      3321
     1224      3071      2975
     1225       906       885
     1226     10555     10543
     1227      3764      3642
     1228      1590      1491
     1229     13551     13433
     1230      2038      2014
     1231      2926      2884
     1232      1541      1542
     1233       413       410
     1234      2975      2906
     1236      2662      2662
     1237      2007      1998
     1238       815       809
     1239      1965      1965
     1240      6412      6285
     1241     14098     13730
     1243      1276      1251
     1244      2376      2331
     1245     11950     11919
     1246       555       559
     1247      9514      9514
     1248     30997     30739
     1249      1115      1113
     1250     18186     17280
     1253      3033      2982
     1254     11666     11488
     1255      5424      5236
     1256      3272      3086
     1257      3508      3504
     1259      3920      3917
     1260      1154      1122
     1261     25959     25596
     1262      1179      1178
     1263     18937     18283
     1265       517       508
     1266      1229      1219
     1267      4387      4387
     1270      8783      8567
     1271      7290      7138
     1272      1228      1202
     1274      9506      9475
     1276      1481      1492
     1277      2465      2465
     1278      8588      8557
     1279      6455      6448
     1280      1103      1103
     1281      5425      5414
     1282       458       458
     1283     50456     49954
     1284     23873     22910
     1285      2305      2255
     1286      2338      2246
     1287      4822      4780
     1288     21382     20853
     1289       604       599
     1290      4817      4783
     1291      9004      8908
     1292     30201     29923
     1295       559       540
     1296      1443      1442
     1297       684       687
     1298      6116      6075
     1299       977       941
     1300       909       850
     1301       836       836
     1302      1066      1062
     1303      5420      5383
     1304     27895     27304
     1305      4605      4605
     1306       645       644
     1307      1406      1406
     1308      1533      1517
     1309     10534     10434
     1310      1186      1187
     1311     16595     16009
     1313       726       715
     1314      1072      1067
     1316      2535      2534
     1318      1178      1155
     1319      1025       984
     1320      6349      6346
     1321      1847      1810
     1322      1971      1987
     1323      8242      8068
     1324      3338      3258
     1325      4754      4750
     1326      1343      1305
     1327      9561      9426
     1328       497       488
     1329      6766      6712
     1330       746       746
     1331      1724      1717
     1332       924       906
     1333     22245     21062
     1334       388       388
     1336      2727      2718
     1338      3981      3906
     1339      9106      8817
     1340      1403      1341
     1341        98        98
     1342     15216     15181
     1343      1411      1382
     1345      1142      1132
     1346     16440     16155
     1347      1073      1073
     1348      2529      2522
     1349      3347      3333
     1350     11911     11525
     1351      4581      4550
     1352       679       666
     1353      3093      2981
     1354       386       386
     1355      6438      6376
     1356       171       171
     1357      3396      3360
     1358      9157      9065
     1359      1706      1666
     1360      5803      5624
     1361      6062      5931
     1362      6721      6493
     1363      8498      8111
     1364      6562      6516
     1365      1573      1573
     1366      1217      1215
     1367     30077     30022
     1368      3947      3831
     1369      1400      1374
     1371     10487     10172
     1372      7446      7423
     1373      5032      4974
     1374      1348      1322
     1375       880       853
     1376      3952      3781
     1377      5870      5812
     1378      2050      2047
     1379      5307      5112
     1380       828       813
     1381      6016      5986
     1382     16046     16016
     1383       707       701
     1384      2010      1989
     1385       935       935
     1387       738       727
     1388       845       833
     1389       564       564
     1390     21955     21552
     1391      3280      3189
     1392     15938     15856
     1393      5251      5112
     1394      7394      7137
     1395       291       291
     1396      1301      1266
     1397      1306      1269
     1398       296       296
     1399      1116      1091
     1400      1500      1486
     1402       379       379
     1403       346       339
     1405     12274     11912
     1406      1158      1158
     1408      2059      2050
     1409     32840     32598
     1410      1314      1296
     1411      1322      1317
     1412      4525      4525
     1413      1839      1813
     1414      5747      5577
     1416       412       407
     1419      1405      1394
     1420      2377      2329
     1421     17863     17391
     1422      1619      1593
     1423      1378      1363
     1425       519       509
     1426       198       198
     1427      3116      3066
     1428       438       427
     1429      3933      3927
     1430       803       803
     1431      4396      4321
     1432       734       717
     1435      3658      3545
     1436      1353      1354
     1437       123       123
     1438      7924      7868
     1439       903       895
     1440      6929      6898
     1441       773       743
     1442       435       433
     1443     11823     11733
     1444      4897      4850
     1447      2224      2189
     1448      2482      2475
     1449      3011      2926
     1450       675       672
     1451      6317      6329
     1452       670       662
     1453      3601      3509
     1454      1045      1067
     1455       510       510
     1456     12812     12365
     1457       658       658
     1459      2600      2589
     1460      1835      1808
     1461       936       934
     1462      6895      6806
     1463      1531      1501
     1464      3755      3754
     1465      4000      3959
     1466      1565      1553
     1467      2043      2045
     1468      2331      2305
     1469      4066      4050
     1470      6253      6168
     1471      1883      1858
     1472       643       642
     1473      1715      1709
     1474     32122     31322
     1475      1473      1470
     1476     26310     26116
     1477     13655     13640
     1479      1157      1113
     1480       947       920
     1481      1859      1859
     1482      8314      8186
     1483       512       512
     1484       296       288
     1485      1117      1095
     1486      1371      1344
     1487      3240      3229
     1488      2935      2850
     1489      1518      1505
     1490     14766     14742
     1491      8314      8222
     1492      3451      3421
     1493      2113      2064
     1495      7612      7525
     1496      6801      6725
     1497      2960      2958
     1498      1897      1890
     1499     12988     12973
     1500      1441      1418
     1501      1130      1111
     1502     10323     10288
     1503       931       908
     1504      1766      1691
     1505      1039      1039
     1506      2490      2476
     1507       733       714
     1508       882       849
     1509     21938     21568
     1510      2792      2751
     1511      1343      1343
     1512      6595      6523
     1513      7540      7518
     1514       302       300
     1515       502       490
     1516     10355      9972
     1517      1284      1275
     1518       576       557
     1519      6404      6348
     1520       879       872
     1521      1744      1696
     1522      2146      2146
     1523      7595      7595
     1524      1186      1186
     1527     10998     10865
     1528       478       474
     1529      3141      3120
     1530      1088      1061
     1531      2473      2386
     1532       995       967
     1533      3802      3807
     1534      1497      1497
     1535      1166      1146
     1536      2809      2771
     1537      2319      2302
     1538      1691      1681
     1541     10074     10069
     1542       861       851
     1543       545       529
     1544       279       273
     1545      8877      8381
     1546      2026      2016
     1547       638       621
     1548      1677      1663
     1549      2906      2906
     1550       618       618
     1551      3286      3249
     1552       817       787
     1554     22501     22520
     1555       893       880
     1556      1990      1976
     1557       325       322
     1558       787       787
     1559     12269     12192
     1560      1446      1427
     1561     24714     24475
     1562      1036      1020
     1563      2609      2609
     1564      7934      7769
     1565      8330      8224
     1566      7555      7449
     1567      1970      1894
     1568       576       574
     1569      2623      2594
     1570      3414      3414
     1571      2644      2632
     1572      3237      3155
     1574      4058      3881
     1575       708       690
     1576       888       889
     1577      4264      4226
     1578      4931      4909
     1579      2507      2473
     1580     12548     12489
     1581     16472     15684
     1582      8868      8560
     1583       821       805
     1584       357       350
     1585      4510      4483
     1587     14141     13804
     1588      1135      1091
     1589     10471     10414
     1590       504       494
     1592      3327      3182
     1593      2435      2357
     1594      3474      3447
     1595     31208     30972
     1596      6151      6107
     1597     10809     10624
     1598      9027      8838
     1599      3166      3154
     1600       349       349
     1601       903       893
     1602      6892      6781
     1603      4205      4143
     1604      3710      3710
     1605      2566      2509
     1606     40842     40842
     1607      7011      7011
     1608      2587      2551
     1609      7394      7303
     1610      2702      2654
     1611      4343      4079
     1612      1588      1588
     1613       492       488
     1614     22666     22464
     1615      1063      1051
     1616      1283      1274
     1617      5754      5568
     1618      1399      1402
     1619       834       828
     1620      1090      1088
     1621       311       311
     1622      2490      2490
     1623     15833     15715
     1624      5481      5469
     1625      3752      3737
     1626      6712      6488
     1627     13437     12963
     1628       491       476
     1629       673       662
     1630      2692      2692
     1631       688       682
     1632      7960      7774
     1633      8862      8547
     1639      2587      2576
     1640      4955      4955
     1642     13080     12802
     1643     15015     14405
     1645      6370      6293
     1646      2760      2760
     1647     11969     11810
     1648      4998      4998
     1649       582       557
     1650      4935      4935
     1652       134       134
     1654     28453     27755
     1655       514       514
     1656      1723      1684
     1660      9586      9503
     1661      1284      1284
     1662       109       109
     1665     10356     10325
     1668      4159      4159
     1675        73        73
     1676      5564      1166
     1682      6864      6891
     1683      2096      2096
     1687      6931       729
     1688      8049      8049
     1690      1403      1379
     1691      1671      1671
     1692     11368     11368
     1694      2529      2529
     1697      8145      7983
     1699      5063      4766
     1701      4300      4300
     1702     15130     14953
     1708       377       377
     1711      9687      9687
     1712      2233      2233
     1713      6745      6649
     1714       196       196
     1715     11314     11314
     1716     15744     15821
     1719       909       898
     1723      4749      4749
     1724     23001     21448
     1726      3235      3235
     1727      1188      1188
     1728      1046      1046
     1729      5101      5054
     1734      8127      8127
     1740       153       155
     1741       402       399
     1744      2574      2537
     1748      2714      2665
     1752       474       472
     1753      8916      8916
     1757        83        83
     1758      8162      8162
     1759     34254     34007
     1761      9827      9827
     1762      2885      2885
     1763      3572      3568
     1765     17448     17447
     1766      1442      1445
     1772      3951      3910
     1773       146       146
     1774       458       458
     1776      5535      5408
     1777     29505     28740
     1782       937       937
     1783      1587      1587
     1784      5913      5824
     1786      1669      1665
     1787       989       947
     1790      4760      4681
     1791     24749     24736
     1793      1276      1276
     1794      5867      5790
     1796      3454      3404
     1797      1376      1375
     1805       320       320
     1808       888       888
     1813     95818     95818
     1818     10275     10257
     1824      5048      5048
     1827      1286      1276
     1829      8903      8465
     1830       107       107
     1831       102       102
     1832      5723      5723
     1834      1536      1536
     1836      4606      4606
     1842      1254      1254
     1844       537       537
     1849      1139      1143
     1851      4300      4300
     1855       619       619
     1856      2365      2325
     1861      1513      1512
     1862      1493      1468
     1863       402       402
     1866      3097      3107
     1867      8450      8368
     1868      2421      2421
     1869      2408      2408
     1870       589       586
     1871    163056    163056
     1872      2423      2423
     1880       283       283
     1882     17547     17279
     1885     40698     40698
     1887       589       589
     1891      2373      2379
     1894      5384      5384
     1896      1631      1624
     1898      4920      4920
     1899       725       720
     1902       661       661
     1905      1570      1573
     1907     28108     28321
     1910      8868      8757
     1911       228       228
     1912       318       318
     1913      3972      3851
     1915       245       245
     1916      5030      5141
     1918      9705      9658
     1920      2128      2110
     1922      9051      8840
     1923     24252     24252
     1925       178       178
     1926    190253    190253
     1927      2550      2550
     1928     20521     20210
     1930       348       350
     1931      7076      6990
     1932     13023     12854
     1933       112       112
     1935    112849    112849
     1936      1062      1047
     1938       129       117
     1942       512       503
     1943      2434      2403
     1944       169       169
     1945     32971     32971
     1946      1422      1409
     1947    180069    180124
     1948     74139     74139
     1949    137739    137754
     1951     46059     46057
     1952     63555     63555
     1955      7355      7307
     1960        66        66
     1963      5514      5525
     1968      1694      1656
     1969      1135      1135
     1970     14579     14585
     1973     56530     56530
     1974       223       223
     1975      5013      5008
     1976      1760      1760
     1979      1188      1191
     1980      7409      7421
     1982     27507     27242
     1985      2552      2552
     1986       407       409
     1987       954       954
     1991      8094      8043
     1992       115       115
     1995       885       880
     1996       919       908
     1998      4572      4572
     2000      1502      1484
     2002      2064      2064
     2008      1653      1649
     2009     32621     32607
     2010     10614     10614
     2012     19044      6441
     2014      3887      3864
     2017       787       787
     2018      1279      1279
     2019      4446      4446
     2025     14421     14421
     2027     52626     52712
     2028    100329    100381
     2029      7208      7201
     2031    156329    156372
     2032    156326    156326
     2033      9603      9603
     2036      8575      8575
     2037       220       220
     2038       882       882
     2039       484       484
     2041       402       393
     2042     11984     11745
     2043      5271      5302
     2044      2178      2178
     2048     23745     23652
     2049      6855      6855
     2050       141       141
     2052    140894    140894
     2053       418       418
     2054       493       493
     2056       584       584
     2057      7315      7315
     2058       880       878
     2059       942       942
     2060      2976      2976
     2061     14456     14456
     2062      3287      3258
     2063       443       443
     2064      4652      4652
     2065       848       848
     2072       280       280
     2073      1145      1145
     2075       534       538
     2077      1447      1447
     2078      1147      1147
     2081       106       106
     2083      2201      2201
     2085     42626     42626
     2087      2892      2892
     2088       482       474
     2089     64552     64552
     2090       142       142
     2091     32047     32009
     2092       816       816
     2094      1685      1685
     2095     23391     23387
     2096      2311      2311
     2098       601       601
     2099      4715      4715
     2100      3102      3091
     2104       883       883
     2106     10303     10075
     2107       217       218
     2109     10033     10005
     2110      4903      4827
     2111      1118      1118
     2112       210       207
     2118      5336      5336
     2120     12836     12318
     2123      1028      1030
     2125      2908      2908
     2127      2389      2389
     2128      4495      4495
     2129       743       743
     2130      3909      3909
     2131       297       297
     2135       990       988
     2139      1214      1222
     2141      3596      3596
     2144      1127      1127
     2145      5715      5715
     2148      1431      1343
     2150      1525      1525
     2153     12011     12011
     2155       933       933
     2157      9654      9654
     2158      5016      4942
     2159      3663      3591
     2161      3035      3010
     2162      1298      1298
     2163        90        90
     2167      7878      7838
     2170        75        75
     2172     23567     23567
     2176    158878    158878
     2177      4536      4536
     2179      1024      1013
     2182     45966     45966
     2183       265       265
     2184      5944      5944
     2185     10143      9617
     2186      5653      5653
     2187    125718    125718
     2192      2698      2698
     2197       193       193
     2198      1601      1601
     2199      5474      5474
     2201      1629      1617
     2205      1059      1059
     2207      1735      1735
     2208       179       179
     2209      3004      2955
     2215      8394      8394
     2216       855       855
     2217       421       421
     2223     41152     41132
     2225      2849      2856
     2229      4387      4308
     2230      2380      2380
     2232       105       105
     2233     12320     12320
     2234      6281      6281
     2236      8787      8557
     2238      1109      1105
     2239      3983      3983
     2240      1329      1329
     2241    348196    348196
     2242      1241      1241
     2244      1120      1120
     2249    179692    179692
     2250      1091      1091
     2251     22851     22319
     2256      7000      7000
     2257      2225      2225
     2258    105850    105850
     2259     79727     79727
     2261      1544      1555
     2262     16588     16595
     2263       909       885
     2264       294       292
     2265       969       968
     2267      2561      2561
     2268      6763      6763
     2270      1178      1178
     2271      5225      5148
     2276       109        99
     2277     12839     12800
     2278       328       328
     2280      1491      1491
     2283      5917      5676
     2284       412       412
     2285      4021      4021
     2287       547       547
     2290      1574      1574
     2292      3577      3545
     2293      1271      1271
     2294     11918     11726
     2295      2195      2195
     2296      1459      1459
     2297     12240     12240
     2298       496       496
     2299      6119      5874
     2300       576       576
     2301      1170      1156
     2303      7076      7076
     2304     17795     17167
     2305       203       203
     2306      3210      1313
     2307      1333      1332
     2308       284       284
     2312     10667     10652
     2313     17896     17899
     2319      3967      3967
     2320      1610      1610
     2324      1508      1508
     2325      1187      1187
     2327      2166      2167
     2330       691       693
     2331       304       301
     2332     11429     10634
     2335     19486     19486
     2337       253       251
     2339      3813      3676
     2340      2249      2205
     2341       599       599
     2345      3693      3616
     2347       643       632
     2350      4944      4937
     2357      1808      1808
     2358      1025       978
     2359       259       261
     2361       579       579
     2362       228       228
     2364      8549      8556
     2366       314       313
     2367     30899     30883
     2373      1692      1692
     2374     46712     46712
     2376       672       660
     2377     62358     62318
     2379      8180      7998
     2382       826       826
     2384    189850    189850
     2385      4266      4266
     2390      1686      1686
     2391       255       255
     2393        71        71
     2394     10672     10672
     2399       491       491
     2400      4214      4157
     2401      3188      3099
     2405       146       146
     2407       361       361
     2410       802       802
     2411       779       779
     2414    145836    145843
     2416      5273      5257
     2417       913       913
     2418     28380     28342
     2422      2739      2730
     2424       731       731
     2425     17422     17422
     2428       212       212
     2430       159       159
     2431     12389     12389
     2432      2316      2246
     2437      8749      2261
     2442       661       661
     2446       417       417
     2447      1173      1173
     2448      3848      3848
     2453      2817      2817
     2456       852       852
     2458       263       263
     2459       596       596
     2461      2488      2488
     2463      2158      2158
     2464     10169     10160
     2466       246       246
     2467        87        87
     2468       121       121
     2469       690       690
     2476       162       162
     2478       705       705
     2479       521       521
     2480     10922     10912
     2481    107121    107121
     2482      1202      1202
     2484       382       382
     2485       100       100
     2487      1670      1670
     2488      1347      1292
     2489      2402      2402
     2491       125       126
     2492        75        75
     2493      6211      6211
     2495       419       410
     2498      1807      1807
     2499     17033     17033
     2507       453       453
     2509      1918      1918
     2511       757       757
     2512      7954      7954
     2514        69        69
     2515      2003      2003
     2516      3698      3698
     2517     18580     17944
     2522      6592      6592
     2525      2738      2738
     2526      5870      5870
     2527     16324     16320
     2529       300       300
     2531      4155      4170
     2532     13218     13218
     2534      1938      1938
     2536     12864     12697
     2537      2544      2527
     2540       903       903
     2542       299       299
     2543      5776      5736
     2544      4129      4076
     2546      1253      1251
     2547      1361      1361
     2549        52        52
     2550      1887      1887
     2552       680       663
     2554     28932     28932
     2556      2055      2015
     2559       657       657
     2561       138       138
     2562       203       203
     2563     10520     10524
     2564      2290      2247
     2566      2201      2190
     2570       583       583
     2571      1376      1376
     2572     40103     39995
     2575      6650      6283
     2576      3324      3291
     2578      1677      1677
     2581      2499      2499
     2582      4951      5007
     2587     14204     13446
     2589      4568      4571
     2590      8014      8014
     2592      2212      2212
     2597       148       148
     2599       628       628
     2601     15620     15620
     2608      6136      6015
     2609       861       843
     2612      1066      1059
     2614    279653    279653
     2615      5926      5926
     2623      2615      2613
     2624     81120     81120
     2625      6161      6127
     2626    237539    237539
     2628    187570    187570
     2629     68276     68276
     2631     16998     16337
     2633      3520      3520
     2634     75779     75779
     2636     14705     14705
     2637     17268     17143
     2640     16637     16016
     2642      1724      1724
     2643      1185      1185
     2644     39859     39975
     2646      1900      1900
     2650      1206      1151
     2651      4748      4625
     2652      1936      1938
     2653       664       658
     2655      1562      1562
     2657     15065      4385
     2659       365       365
     2662     38383     38370
     2665     10348     10317
     2667       109       109
     2668      2785      2726
     2670     11451     11352
     2671       200       201
     2676       800       800
     2677       482       482
     2680      1643      1643
     2682      1653      1653
     2683     86914     86914
     2684        61        61
     2685     17181     17181
     2686      3712      3712
     2688      2503      2503
     2689      7914      7914
     2690      5600      5600
     2692      3713      3713
     2693       455       454
     2695      5619      5619
     2696      1059      1059
     2700      1028       989
     2703      5128      5106
     2707     15115     15115
     2709       833       831
     2713       327       327
     2714      1127      1127
     2715      1669      1669
     2718      5084      5084
     2719      6624      6628
     2720     10291     10291
     2721       199       199
     2729      4859      4859
     2731      2817      2786
     2735       590       593
     2736      2831      2831
     2737      1322      1291
     2738      1051      1051
     2742       397       397
     2743      1232      1225
     2746       140       140
     2749      1593      1593
     2750      7024      6714
     2754       122       122
     2755      4857      4682
     2757       129       129
     2759      6620      6620
     2760        55        55
     2761     50647     50647
     2762      2883      2883
     2765       324       324
     2767      2101      2101
     2768      1473      1473
     2769      1429      1413
     2770       222       222
     2771       232       232
     2776      5054      5020
     2777      4096       381
     2778       568       568
     2779      2025      2025
     2780      8655      8343
     2782      4944      4929
     2784      1181      1181
     2785      1032      1032
     2789       170       170
     2791      1818      1818
     2793     72819     72819
     2794      8680      8680
     2795     15404     15404
     2796      2651      2651
     2799      1406      1345
     2806      3646      3647
     2809      1612      1612
     2814      2244      2244
     2815       638       637
     2817      1185      1172
     2819       126       126
     2821      2144      2144
     2825      5763      5763
     2826     34811     34561
     2829      4459      4459
     2830       581       575
     2832       111       111
     2836      1709      1709
     2839      4333      4333
     2840       302       300
     2842      2976      2976
     2846       891       887
     2847       631       631
     2849      4810      4810
     2851      6931      6931
     2852      1583      1491
     2853       547       547
     2855        76        76
     2856     18261     18033
     2857      1555      1542
     2858      1614      1592
     2860       315       315
     2861     13057      3698
     2864       437       437
     2866    140292    140292
     2867      5408      5408
     2869       615       615
     2872      3825      3822
     2873      1635      1635
     2879       807       788
     2881       416       416
     2883     17268     17268
     2886       142       142
     2891      2139      2139
     2892      1237      1230
     2893      1601      1591
     2895      1343      1343
     2899      2543      2543
     2902      6644      6540
     2905      2321      2321
     2908      1776      1776
     2909      1218      1218
     2912      2229      2229
     2914      5351      5351
     2915     20282     20118
     2916      1907      1857
     2921      5727      5578
     2922      2670      2670
     2923      9988      9988
     2926      4706      4638
     2927     84706     84706
     2929      1699      1699
     2930      5813      5627
     2933       413       413
     2935      1966      1966
     2937      2342      2342
     2939      1032      1032
     2940       124       124
     2942     19021     18851
     2945      5119      5119
     2950      5304      5304
     2952       825       811
     2954        93        93
     2955      2880      1227
     2957      6097      5878
     2958      4067      4067
     2959      5008      5008
     2960      1456      1456
     2961      7181      7161
     2962       161       161
     2964    388351    388351
     2965        93        93
     2968      6676      6676
     2969       453       453
     2972      1051      1051
     2973      1912      1912
     2976       291       291
     2977      5512      5512
     2978       960       916
     2988      1220      1220
     2990     35858     34453
     2993       200       197
     2994      8524      8445
     2996      4769      4696
     2999       112       115
     3003      8967      8740
     3007       680       679
     3008      1300      1250
     3009    118389    118389
     3010      2517      2517
     3011      2528      2528
     3012      7292      7295
     3014     62660     62681
     3015      1100      1100
     3018      7158      7158
     3023      5031      5030
     3025      3839      3805
     3029     12707     12618
     3031       342       342
     3033       777       757
     3035      3564      3511
     3036       124       124
     3037       554       554
     3039      3229      3229
     3040      6088      6030
     3041      1217      1217
     3042      6604      6574
     3043       402       402
     3044      1824      1782
     3047      1449      1449
     3048       885       869
     3049      3532      3532
     3051       272       272
     3052     38483     38337
     3054       441       430
     3055     10103     10103
     3057       403       403
     3059      1889      1889
     3062       920       920
     3063        75        75
     3064      1519      1519
     3066      1711      1711
     3068       793       793
     3069     14919     14901
     3071      2222      2222
     3074      1711      1708
     3075     26402     26405
     3076       364       364
     3078      1239      1215
     3080      5715      5613
     3081     39782     39782
     3082      3645      3593
     3084      8076      7873
     3085       431       431
     3086      5777      5798
     3087       306       306
     3089       382       388
     3091        57        57
     3094       866       851
     3097     18413     18413
     3098      4069      4069
     3099     33479     32934
     3105      1949      1949
     3109       229       224
     3111      4664      4596
     3112      1303      1303
     3114       417       417
     3115     11775     11424
     3117        68        68
     3118       279       279
     3120    178475    178475
     3122      6138      6037
     3124      5532      5532
     3126     17022     17036
     3127      1475      1478
     3130     68936     68936
     3135      4830      4521
     3136      3041      2941
     3137     10667     10667
     3138     10801     10801
     3139     50582     50553
     3140     64064     64064
     3141      1365      1346
     3142     13949     13908
     3143      3026      3047
     3144    110370    110112
     3145     34972     34972
     3147      4588      4588
     3152       949       949
     3154     97084     97084
     3155      5527      5527
     3161       705       705
     3163     13750     13756
     3164    194975    194975
     3165      2883      2883
     3166     13629     13629
     3168     21212      2653
     3169      1569      1569
     3172      3072      3072
     3179       290       290
     3182       441       441
     3183      2366      2366
     3188       101       100
     3191      2842      2804
     3192     29633     29641
     3194     14370     14317
     3195    130350    130350
     3198     72850     72850
     3199       144       144
     3200      6391      6391
     3201      8386      8348
     3202      1981      1981
     3204       948       930
     3206      1907      1898
     3211      1052      1046
     3214       298       283
     3216     13582     13247
     3220      7458      7309
     3225      3771      3761
     3226      1042      1030
     3228       733       733
     3229       888       888
     3233      1786      1733
     3234      3441      3440
     3235    176503    176503
     3239    255469    255469
     3240     49706     49456
     3242      3154      3154
     3245     10325     10156
     3246      6877      6877
     3248      5532      5532
     3249      4035      4035
     3250      2578      2574
     3251       614       614
     3252        71        71
     3255       555       555
     3256       530       532
     3258      3660      3565
     3260       952       952
     3263       284       284
     3266      1755      1752
     3270       779       780
     3273      1322      1322
     3279     24948     24948
     3282     25526     25526
     3284        63        63
     3285     32735     32042
     3286      2270      2270
     3293      4796      4796
     3294      4744      4744
     3295      3285      3285
     3301       344       342
     3306      1003       993
     3307        67        67
     3313      2512      2512
     3316      1185      1185
     3317      3716      3617
     3318       367       371
     3319       866       849
     3323     32005     32005
     3324     10618     10618
     3328     23604     23132
     3329       285       285
     3331     27753     27707
     3337        97        97
     3340       162       162
     3345      2284      2284
     3346      3399      3399
     3347      2508      2508
     3351       230       230
     3353       535       535
     3355    203681    203681
     3356        70        70
     3358       683       660
     3360       242       242
     3361       464       457
     3363      6467      6303
     3364      6003      6003
     3369      9798      9721
     3372       824       824
     3373     37941     37941
     3374     13499     13372
     3376      2782      2732
     3378     32796     32018
     3379       871       871
     3380       928       913
     3382       239       239
     3383     27621     27407
     3385      4013      3924
     3390      2839      2839
     3391      4100      4097
     3394      1373      1373
     3399      2868      2868
     3400      2513      2513
     3401       559       563
     3406      1278      1263
     3408      2067      2032
     3409      1254      1221
     3411      3703      3703
     3414     11595     11595
     3415       485       486
     3417      6631      6484
     3422      4281      4281
     3426       912       905
     3430      4734      4734
     3431     17560     17560
     3434     89967     89967
     3436      1064      1064
     3437     10524     10501
     3439      3874      3874
     3440      5790      5682
     3441       326       326
     3446     22457     22385
     3449       258       259
     3452      4615      4615
     3453      1884      1884
     3455     42275     41982
     3457      3369      3349
     3459       527       527
     3460     42841     42841
     3463       880       873
     3466     16800     16800
     3469      8174      8174
     3472      2637      2575
     3473       425       419
     3476      2679      2679
     3477      2511      2511
     3478       778       778
     3479      1670      1605
     3480     13739     13739
     3481     12031     12087
     3483     84908     84908
     3487      1554      1548
     3488       212       209
     3490      5072      5072
     3491       822       822
     3492      1250      1239
     3496      4512      4512
     3497      3265      3193
     3498      2524      2473
     3499     32137     32139
     3503      1118      1107
     3504    131279    131279
     3508      1346      1324
     3509     12498     12499
     3510       107       107
     3511       709       709
     3513     19654     19654
     3515      3612      3612
     3516      1137      1137
     3518       146       146
     3519      7195      6645
     3520     16125     15494
     3522      4275      4230
     3523      2727      2727
     3524       756       747
     3525       416       406
     3526        70        70
     3528      8010      7762
     3531       488       486
     3535      1517      1512
     3540     19381     19381
     3542     14642     14562
     3544       585       597
     3546       235       233
     3549      1894      1895
     3550       938       938
     3554      2612      2612
     3555      1634       668
     3557       456       456
     3560       503       503
     3563       433       433
     3566      3852      3769
     3567      8330      8397
     3568       329       327
     3571      2976      2976
     3572      2310      2221
     3574      1191      1168
     3575     28245     28245
     3578      8325      8325
     3579       607       607
     3587      3914      3914
     3588      4326      4240
     3589      5235      5140
     3593     25163     24577
     3594    287191    287191
     3595        54        54
     3596       229       229
     3602     21172     21274
