
Found perl:
   /usr/bin/perl
   This is perl 5, version 22, subversion 1 (v5.22.1) built for x86_64-linux-gnu-thread-multi

Found java:
   /usr/bin/java
   openjdk version "1.8.0_181"

Found canu:
   /home/jovyan/software/canu/Linux-amd64/bin/canu
   Canu snapshot v1.8 +43 changes (r9253 ceda4d6ec5d7a3c9e261908314dcfa80562e6e9a)

Running job 1 based on command line options.
Initializing.
Opening seqStore '../../sample.seqStore'.
Correcting reads 1 to 3604.
Reading 18495 corrections from './red.red'.
Correcting 4087197 bases with 9408 indel adjustments.
--Allocate 3 + 0 + 0 MB for bases, adjusts and reads.
Corrected 4077795 bases with 5483 substitutions, 9405 deletions and 3 insertions.
Loading overlaps.
Read_Olaps()--  Loading 36494 overlaps from '../sample.ovlStore' for reads 1 to 3604
--Allocate 1 MB for overlaps.
Read_Olaps()--  Loaded 36494 overlaps -- 27348 normal and 9146 innie.
Sorting overlaps.
Recomputing overlaps.
--Allocate 8 MB for fseq and rseq.
--Allocate 32 MB for fadj and radj.
--Allocate 16 MB for pedWorkArea_t.
-- Allocate 1 MB for Edit_Array pointers.
Recomputing overlaps -         2 -         2 -      3593--Allocate 16 MB for edit array work space 0 (positions 0-4092)
Recomputing overlaps -         2 -      1026 -      3593Recomputing overlaps -         2 -      2050 -      3593Recomputing overlaps -         2 -      3074 -      3593
--  Release bases, adjusts and reads.
Olaps Fwd 27348
Olaps Rev 9146
Total:  36494
Failed: 2993 (both)
Failed: 3110 (either)
Failed: 3110 (match to end)
Failed: 2993 (negative length)
rhaFail 2019 rhaPass 15371
Sorting overlaps.
Saving corrected error rates to file ./00001.oea.WORKING
--Allocate 0 MB for output error rates.

Bye.
