
Configuring for:
  hash table:       80000000 bases.
  read stream:    1000000000 bases.


       Raw          Raw  Corrected    Corrected    Trimmed      Trimmed
     Reads        Bases      Reads        Bases      Reads        Bases
---------- ------------ ---------- ------------ ---------- ------------
        93       382386         65       286861         47        74194
       186       749225        132       569567         94       197434
       279      1331409        200       977256        138       267055
       372      1794401        266      1298020        176       313551
       465      2229900        335      1652879        224       377356
       558      2612998        420      1969429        302       603933
       651      2874413        500      2190990        370       751622
       744      3221673        583      2495702        443       916688
       837      3584839        660      2781524        514      1069161
       930      4069656        743      3241382        592      1376903
      1023      4551433        826      3658395        671      1657235
      1116      4973634        903      3965694        742      1858923
      1209      5445409        985      4363876        815      2113207
      1302      6012724       1064      4859154        889      2388236
      1395      6480101       1149      5295358        965      2649653
      1488      6859885       1229      5609604       1036      2816898
      1581      7265406       1315      5979457       1114      2981180
      1674      7833635       1384      6396279       1170      3192991
      1767      8632214       1427      6648822       1183      3254680
      1860      9704953       1461      6884030       1201      3318078
      1953     11427410       1514      8124206       1229      3370105
      2046     13058284       1560      8864318       1247      3392204
      2139     14008642       1614      9322256       1260      3416402
      2232     15286984       1656      9838123       1271      3448035
      2325     16861946       1712     10787788       1289      3510218
      2418     18505740       1755     11397787       1305      3541805
      2511     19400026       1798     11617773       1315      3547506
      2604     20353899       1845     11884295       1332      3574509
      2697     22486992       1894     13166387       1351      3625553
      2790     23554370       1938     13331785       1364      3655050
      2883     24420472       1981     13712105       1380      3677334
      2976     25710883       2026     14337249       1393      3706388
      3069     26601941       2073     14728318       1415      3772340
      3162     28143680       2121     15593879       1434      3819708
      3255     30297065       2165     16647733       1454      3873652
      3348     31286474       2198     16866727       1465      3936304
      3441     32466035       2241     17394801       1486      4005543
      3534     33625658       2289     17921139       1514      4041906
---------- ------------ ---------- ------------ ---------- ------------
      3604     34840031       2318     18367583       1525      4083593

  Job       Hash Range        # Reads      # Bases      Stream Range        # Reads      # Bases
----- --------------------- --------- ------------  --------------------- --------- ------------
    1          1-3604            1525      4085118           1-3604            1525      4085118
