
Counting 17  million canonical 22-mers from 1 input file:
    canu-seqStore: ../../sample.seqStore


SIMPLE MODE
-----------

  Disabled for mers larger than 20.


COMPLEX MODE
------------

prefix     # of   struct   kmers/    segs/     data    total
  bits   prefix   memory   prefix   prefix   memory   memory
------  -------  -------  -------  -------  -------  -------
     1     2  P    12 kB  8968 kM   754  S    94 MB    94 MB
     2     4  P    11 kB  4484 kM   368  S    92 MB    92 MB
     3     8  P    12 kB  2242 kM   180  S    90 MB    90 MB
     4    16  P    12 kB  1121 kM    88  S    88 MB    88 MB
     5    32  P    14 kB   560 kM    43  S    86 MB    86 MB
     6    64  P    17 kB   280 kM    21  S    84 MB    84 MB
     7   128  P    25 kB   140 kM    11  S    88 MB    88 MB
     8   256  P    38 kB    70 kM     5  S    80 MB    80 MB
     9   512  P    68 kB    35 kM     3  S    96 MB    96 MB
    10  1024  P   128 kB    17 kM     2  S   128 MB   128 MB  Best Value!
    11  2048  P   240 kB  8969  M     1  S   128 MB   128 MB
    12  4096  P   480 kB  4485  M     1  S   256 MB   256 MB
    13  8192  P   960 kB  2243  M     1  S   512 MB   512 MB
    14    16 kP  1920 kB  1122  M     1  S  1024 MB  1025 MB
    15    32 kP  3840 kB   561  M     1  S  2048 MB  2051 MB


FINAL CONFIGURATION
-------------------

Configured complex mode for 0.125 GB memory per batch, and up to 1 batch.

Bye.
