
Found perl:
   /usr/bin/perl
   This is perl 5, version 22, subversion 1 (v5.22.1) built for x86_64-linux-gnu-thread-multi

Found java:
   /usr/bin/java
   openjdk version "1.8.0_181"

Found canu:
   /home/jovyan/software/canu/Linux-amd64/bin/canu
   Canu snapshot v1.8 +43 changes (r9253 ceda4d6ec5d7a3c9e261908314dcfa80562e6e9a)

Running job 1 based on command line options.

STRING_NUM_BITS          31
OFFSET_BITS              31
STRING_NUM_MASK          2147483647
OFFSET_MASK              2147483647
MAX_STRING_NUM           2147483647

Hash_Mask_Bits           22
bgnHashID                1
bgnHashID                3604
Max_Hash_Data_Len        18369901
Max_Hash_Load            0.800000
Kmer Length              22
Min Overlap Length       50
Max Error Rate           0.120000
Min Kmer Matches         0

Num_PThreads             2

sizeof(Hash_Bucket_t)    216
sizeof(Check_Vector_t)   4
sizeof(Hash_Frag_Info_t) 4

HASH_TABLE_SIZE          4194304

hash table size:         864 MB
hash check array         16 MB
string info              0 MB
string start             0 MB

Initializing 2 work areas.
Build_Hash_Index from 1 to 3604

Found 2318 reads with length 18369901 to load; 1286 skipped by being too short; 0 skipped per library restriction
String_Ct:           0/        3604  totalLen:        2838/    18369901  Hash_Entries:        2816/    70464307  Load: 0.00%
HASH LOADING STOPPED: curID            3602 out of         3604
HASH LOADING STOPPED: length       18369901 out of     18369901 max.
HASH LOADING STOPPED: entries      15900776 out of     70464307 max (load 18.05).

Read 74 kmers to mark to skip


Range: 1-3604.  Store has 3604 reads.
Chunk: 226 reads/thread -- (G.endRefID=3604 - G.bgnRefID=1) / G.Num_PThreads=2 / 8

Starting 1-3604 with 226 per thread

Thread 01 processes reads 227-452
Thread 00 processes reads 1-226
Thread 01 writes    reads 227-452 (9820 overlaps 9820/8355/0 kmer hits with/without overlap/skipped)
Thread 01 processes reads 453-678
Thread 00 writes    reads 1-226 (9000 overlaps 9000/8870/0 kmer hits with/without overlap/skipped)
Thread 00 processes reads 679-904
Thread 01 writes    reads 453-678 (35264 overlaps 35264/9684/0 kmer hits with/without overlap/skipped)
Thread 01 processes reads 905-1130
Thread 00 writes    reads 679-904 (27198 overlaps 27198/8802/0 kmer hits with/without overlap/skipped)
Thread 00 processes reads 1131-1356
Thread 00 writes    reads 1131-1356 (14792 overlaps 14792/5887/0 kmer hits with/without overlap/skipped)
Thread 00 processes reads 1357-1582
Thread 00 writes    reads 1357-1582 (11245 overlaps 11245/4240/0 kmer hits with/without overlap/skipped)
Thread 00 processes reads 1583-1808
Thread 01 writes    reads 905-1130 (20074 overlaps 20074/7089/0 kmer hits with/without overlap/skipped)
Thread 01 processes reads 1809-2034
Thread 01 writes    reads 1809-2034 (1064 overlaps 1064/2380/0 kmer hits with/without overlap/skipped)
Thread 01 processes reads 2035-2260
Thread 00 writes    reads 1583-1808 (2734 overlaps 2734/1899/0 kmer hits with/without overlap/skipped)
Thread 00 processes reads 2261-2486
Thread 01 writes    reads 2035-2260 (658 overlaps 658/1366/0 kmer hits with/without overlap/skipped)
Thread 01 processes reads 2487-2712
Thread 00 writes    reads 2261-2486 (553 overlaps 553/1170/0 kmer hits with/without overlap/skipped)
Thread 00 processes reads 2713-2938
Thread 00 writes    reads 2713-2938 (283 overlaps 283/607/0 kmer hits with/without overlap/skipped)
Thread 00 processes reads 2939-3164
Thread 00 writes    reads 2939-3164 (290 overlaps 290/750/0 kmer hits with/without overlap/skipped)
Thread 00 processes reads 3165-3390
Thread 00 writes    reads 3165-3390 (242 overlaps 242/271/0 kmer hits with/without overlap/skipped)
Thread 00 processes reads 3391-3604
Thread 00 writes    reads 3391-3604 (85 overlaps 85/99/0 kmer hits with/without overlap/skipped)
Thread 01 writes    reads 2487-2712 (508 overlaps 508/1143/0 kmer hits with/without overlap/skipped)
Build_Hash_Index from 3603 to 3604

Found 0 reads with length 0 to load; 2 skipped by being too short; 0 skipped per library restriction
HASH LOADING STOPPED: curID            3604 out of         3604
HASH LOADING STOPPED: length              0 out of     18369901 max.
HASH LOADING STOPPED: entries             0 out of     70464307 max (load 0.00).

Read 74 kmers to mark to skip


Range: 1-3604.  Store has 3604 reads.
Chunk: 226 reads/thread -- (G.endRefID=3604 - G.bgnRefID=1) / G.Num_PThreads=2 / 8

Starting 1-3604 with 226 per thread

Thread 00 processes reads 1-226
Thread 01 processes reads 227-452
Thread 00 writes    reads 1-226 (0 overlaps 0/0/0 kmer hits with/without overlap/skipped)
Thread 00 processes reads 453-678
Thread 01 writes    reads 227-452 (0 overlaps 0/0/0 kmer hits with/without overlap/skipped)
Thread 01 processes reads 679-904
Thread 00 writes    reads 453-678 (0 overlaps 0/0/0 kmer hits with/without overlap/skipped)
Thread 00 processes reads 905-1130
Thread 01 writes    reads 679-904 (0 overlaps 0/0/0 kmer hits with/without overlap/skipped)
Thread 01 processes reads 1131-1356
Thread 00 writes    reads 905-1130 (0 overlaps 0/0/0 kmer hits with/without overlap/skipped)
Thread 00 processes reads 1357-1582
Thread 01 writes    reads 1131-1356 (0 overlaps 0/0/0 kmer hits with/without overlap/skipped)
Thread 01 processes reads 1583-1808
Thread 00 writes    reads 1357-1582 (0 overlaps 0/0/0 kmer hits with/without overlap/skipped)
Thread 00 processes reads 1809-2034
Thread 01 writes    reads 1583-1808 (0 overlaps 0/0/0 kmer hits with/without overlap/skipped)
Thread 01 processes reads 2035-2260
Thread 01 writes    reads 2035-2260 (0 overlaps 0/0/0 kmer hits with/without overlap/skipped)
Thread 01 processes reads 2261-2486
Thread 00 writes    reads 1809-2034 (0 overlaps 0/0/0 kmer hits with/without overlap/skipped)
Thread 00 processes reads 2487-2712
Thread 01 writes    reads 2261-2486 (0 overlaps 0/0/0 kmer hits with/without overlap/skipped)
Thread 01 processes reads 2713-2938
Thread 00 writes    reads 2487-2712 (0 overlaps 0/0/0 kmer hits with/without overlap/skipped)
Thread 00 processes reads 2939-3164
Thread 01 writes    reads 2713-2938 (0 overlaps 0/0/0 kmer hits with/without overlap/skipped)
Thread 01 processes reads 3165-3390
Thread 01 writes    reads 3165-3390 (0 overlaps 0/0/0 kmer hits with/without overlap/skipped)
Thread 01 processes reads 3391-3604
Thread 00 writes    reads 2939-3164 (0 overlaps 0/0/0 kmer hits with/without overlap/skipped)
Thread 01 writes    reads 3391-3604 (0 overlaps 0/0/0 kmer hits with/without overlap/skipped)
Bye.
