
Configuring for:
  hash table:       80000000 bases.
  read stream:    1000000000 bases.


       Raw          Raw  Corrected    Corrected    Trimmed      Trimmed
     Reads        Bases      Reads        Bases      Reads        Bases
---------- ------------ ---------- ------------ ---------- ------------
        93       382386         65       286861          0            0
       186       749225        132       569567          0            0
       279      1331409        200       977256          0            0
       372      1794401        266      1298020          0            0
       465      2229900        335      1652879          0            0
       558      2612998        420      1969429          0            0
       651      2874413        500      2190990          0            0
       744      3221673        583      2495702          0            0
       837      3584839        660      2781524          0            0
       930      4069656        743      3241382          0            0
      1023      4551433        826      3658395          0            0
      1116      4973634        903      3965694          0            0
      1209      5445409        985      4363876          0            0
      1302      6012724       1064      4859154          0            0
      1395      6480101       1149      5295358          0            0
      1488      6859885       1229      5609604          0            0
      1581      7265406       1315      5979457          0            0
      1674      7833635       1384      6396279          0            0
      1767      8632214       1427      6648822          0            0
      1860      9704953       1461      6884030          0            0
      1953     11427410       1514      8124206          0            0
      2046     13058284       1560      8864318          0            0
      2139     14008642       1614      9322256          0            0
      2232     15286984       1656      9838123          0            0
      2325     16861946       1712     10787788          0            0
      2418     18505740       1755     11397787          0            0
      2511     19400026       1798     11617773          0            0
      2604     20353899       1845     11884295          0            0
      2697     22486992       1894     13166387          0            0
      2790     23554370       1938     13331785          0            0
      2883     24420472       1981     13712105          0            0
      2976     25710883       2026     14337249          0            0
      3069     26601941       2073     14728318          0            0
      3162     28143680       2121     15593879          0            0
      3255     30297065       2165     16647733          0            0
      3348     31286474       2198     16866727          0            0
      3441     32466035       2241     17394801          0            0
      3534     33625658       2289     17921139          0            0
---------- ------------ ---------- ------------ ---------- ------------
      3604     34840031       2318     18367583          0            0

  Job       Hash Range        # Reads      # Bases      Stream Range        # Reads      # Bases
----- --------------------- --------- ------------  --------------------- --------- ------------
    1          1-3604            2318     18369901           1-3604            2318     18369901
