
INITIAL EDGES
-------- ----------------------------------------
    1073 reads are contained
    2364 reads have no best edges (singleton)
     120 reads have only one best edge (spur) 
              113 are mutual best
      47 reads have two best edges 
                9 have one mutual best edge
               33 have two mutual best edges


ERROR RATES (1532 samples)
-----------
mean   0.05636025 stddev 0.02724241 -> 0.21981472 fraction error =  21.981472% error
median 0.05600000 mad    0.02000000 -> 0.23391200 fraction error =  23.391200% error


EDGE FILTERING
-------- ------------------------------------------
    2232 reads have a suspicious overlap pattern
       0 reads had edges filtered
                0 had one
                0 had two
       9 reads have length incompatible edges
                7 have one
                2 have two

FINAL EDGES
-------- ----------------------------------------
    1073 reads are contained
    2460 reads have no best edges (singleton)
      64 reads have only one best edge (spur) 
               14 are mutual best
       7 reads have two best edges 
                0 have one mutual best edge
                7 have two mutual best edges

