
----------------------------------------
Adding sentinel breaks at the ends of contigs.

----------------------------------------
Adding breaks at confused reads.

----------------------------------------
Finding contig-end to contig-middle intersections.

createUnitigs()-- tig 1 len 62882 first read 1724 with 2 placements - last read 871 with 2 placements
createUnitigs()-- read   1724 place   0 edgeTo tig     1 reads #    1      1572-     2367 verified        96-    21549 position        51-    21549 covered     163-  21447 SELF EXPECTED_5'

Scan reads from #67 to #155 for high coordinate in verified region 48094-62882
Test read #    67 ident     881     21488-    56251 against verified region     48094-    62882 - CANDIDATE hangs  -26542  -13352 - SAVED
Test read #    68 ident    1474     21696-    53108 against verified region     48094-    62882 - CANDIDATE hangs  -26340  -16540
Test read #    72 ident    1261     23437-    49099 against verified region     48094-    62882 - CANDIDATE hangs  -24632  -20484
Test read #    81 ident    3593     27894-    52548 against verified region     48094-    62882 - CANDIDATE hangs  -20152  -17067
Test read #    83 ident     945     28527-    54643 against verified region     48094-    62882 - CANDIDATE hangs  -19557  -15032
Test read #    87 ident     947     29394-    55147 against verified region     48094-    62882 - CANDIDATE hangs  -18682  -14534
Test read #    97 ident     889     33564-    61470 against verified region     48094-    62882 - CANDIDATE hangs  -14509   -8276 - SAVED
Test read #   103 ident    1390     34532-    56152 against verified region     48094-    62882 - CANDIDATE hangs  -13533  -13518
Test read #   104 ident     500     34926-    60110 against verified region     48094-    62882 - CANDIDATE hangs  -13139   -9537
Test read #   112 ident    1288     37322-    58220 against verified region     48094-    62882 - CANDIDATE hangs  -10760  -11332
Test read #   115 ident    1123     37896-    57652 against verified region     48094-    62882 - CANDIDATE hangs  -10181  -12013
Test read #   116 ident    1581     37971-    53684 against verified region     48094-    62882 - CANDIDATE hangs  -10110  -15974
Test read #   122 ident    1050     38889-    59245 against verified region     48094-    62882 - CANDIDATE hangs   -9185  -10352
Test read #   125 ident    1188     40046-    54939 against verified region     48094-    62882 - CANDIDATE hangs   -8040  -14726
Test read #   126 ident     922     40082-    52627 against verified region     48094-    62882 - CANDIDATE hangs   -8014  -17005
Test read #   128 ident    1092     41161-    50520 against verified region     48094-    62882 - CANDIDATE hangs   -6936  -19065
Test read #   131 ident     208     42309-    57174 against verified region     48094-    62882 - CANDIDATE hangs   -5780  -12464
Test read #   134 ident    1141     42434-    56126 against verified region     48094-    62882 - CANDIDATE hangs   -5664  -13543
Test read #   135 ident    1311     42565-    58642 against verified region     48094-    62882 - CANDIDATE hangs   -5501  -10992
Test read #   138 ident     756     42837-    55239 against verified region     48094-    62882 - CANDIDATE hangs   -5273  -14421
Test read #   140 ident     871     44173-    62882 against verified region     48094-    62882
Test read #   141 ident     491     44806-    50274 against verified region     48094-    62882 - CANDIDATE hangs   -3311  -19308
Test read #   142 ident    1405     44877-    56792 against verified region     48094-    62882 - CANDIDATE hangs   -3235  -12871
Test read #   143 ident     648     44901-    57681 against verified region     48094-    62882 - CANDIDATE hangs   -3230  -11955
Test read #   144 ident    3245     44928-    55092 against verified region     48094-    62882 - CANDIDATE hangs   -3193  -14572
Test read #   145 ident    1241     45338-    59086 against verified region     48094-    62882 - CANDIDATE hangs   -2776  -10566
Test read #   146 ident    1574     45879-    49675 against verified region     48094-    62882 - CANDIDATE hangs   -2244  -19899
Test read #   147 ident     552     46084-    55309 against verified region     48094-    62882 - CANDIDATE hangs   -2029  -14359
Test read #   148 ident    1184     46523-    61450 against verified region     48094-    62882 - CANDIDATE hangs   -1516   -8273
Test read #   149 ident    1196     47075-    53921 against verified region     48094-    62882 - CANDIDATE hangs   -1042  -15728
Test read #   150 ident     963     47423-    61328 against verified region     48094-    62882 - CANDIDATE hangs    -705   -8289
Test read #   151 ident    1339     48039-    56813 against verified region     48094-    62882 - CANDIDATE hangs     -80  -12841
Test read #   152 ident     585     48312-    53147 against verified region     48094-    62882 - CANDIDATE hangs     193  -16503
Test read #   153 ident    2575     49580-    55839 against verified region     48094-    62882 - CANDIDATE hangs    1464  -13818
Test read #   154 ident     792     52071-    56014 against verified region     48094-    62882 - CANDIDATE hangs    3906  -13638
Test read #   155 ident    1206     54237-    56288 against verified region     48094-    62882 - CANDIDATE hangs    6048  -13365
Found appropriate intersecting read.
createUnitigs()-- read   1724 place   1 edgeTo tig     1 reads #   67       881-     1206 verified     48094-    62882 position     48094-    69647 covered       0-  14535 BREAK at pos    61470 read    889 isLow 0 sim 0.9032
createUnitigs()-- saving 1 breakpoints to master list.

Scan reads from #0 to #49 for low coordinate in verified region 0-14730
Test read #     0 ident    1724         0-    21572 against verified region         0-    14730
Test read #     1 ident    1572        96-     3114 against verified region         0-    14730 - CANDIDATE hangs    4068  -11593
Test read #     2 ident     966       228-     2039 against verified region         0-    14730 - CANDIDATE hangs    4199  -12679
Test read #     3 ident    2495       268-      507 against verified region         0-    14730 - CANDIDATE hangs    4215  -14229
Test read #     4 ident     546       603-     3067 against verified region         0-    14730 - CANDIDATE hangs    4592  -11634
Test read #     5 ident    1159      1837-    16653 against verified region         0-    14730 - CANDIDATE hangs    5801    1910 - SAVED
Test read #     6 ident     941      2566-     4680 against verified region         0-    14730 - CANDIDATE hangs    6573   -9990
Test read #     7 ident     505      2569-     6582 against verified region         0-    14730 - CANDIDATE hangs    6583   -8105
Test read #     8 ident     538      2889-     4416 against verified region         0-    14730 - CANDIDATE hangs    6901  -10264
Test read #     9 ident     699      3483-     6781 against verified region         0-    14730 - CANDIDATE hangs    7502   -7900
Test read #    10 ident    1221      3621-     9324 against verified region         0-    14730 - CANDIDATE hangs    7650   -5427
Test read #    11 ident     967      4032-    13260 against verified region         0-    14730 - CANDIDATE hangs    8071   -1503
Test read #    12 ident     906      4146-     6148 against verified region         0-    14730 - CANDIDATE hangs    8174   -8522
Test read #    13 ident     560      4369-     4615 against verified region         0-    14730 - CANDIDATE hangs    8377  -10050
Test read #    14 ident     730      4992-     9962 against verified region         0-    14730 - CANDIDATE hangs    9008   -4788
Test read #    15 ident     822      5056-    15022 against verified region         0-    14730 - CANDIDATE hangs    9102     277
Test read #    16 ident     761      5580-     6638 against verified region         0-    14730 - CANDIDATE hangs    9605   -8031
Test read #    17 ident    1567      5623-     7453 against verified region         0-    14730 - CANDIDATE hangs    9638   -7221
Test read #    18 ident     504      5907-    10597 against verified region         0-    14730 - CANDIDATE hangs    9924   -4155
Test read #    19 ident     498      6248-     7132 against verified region         0-    14730 - CANDIDATE hangs   10262   -7538
Test read #    20 ident    1121      6429-     8921 against verified region         0-    14730 - CANDIDATE hangs   10449   -5808
Test read #    21 ident     988      6847-    12040 against verified region         0-    14730 - CANDIDATE hangs   10858   -2714
Test read #    22 ident     668      7125-    13333 against verified region         0-    14730 - CANDIDATE hangs   11120   -1431
Test read #    23 ident     741      7777-    10908 against verified region         0-    14730 - CANDIDATE hangs   11780   -3840
Test read #    24 ident     673      7809-    14202 against verified region         0-    14730 - CANDIDATE hangs   11834    -567
Test read #    25 ident     774      8436-    11388 against verified region         0-    14730 - CANDIDATE hangs   12389   -3366
Test read #    26 ident     931      8836-    11868 against verified region         0-    14730 - CANDIDATE hangs   12777   -2885
Test read #    27 ident     748      8873-    12328 against verified region         0-    14730 - CANDIDATE hangs   12813   -2422
Test read #    28 ident    1431      8888-    13079 against verified region         0-    14730 - CANDIDATE hangs   12833   -1683
Test read #    29 ident    1453      9367-    12869 against verified region         0-    14730 - CANDIDATE hangs   13300   -1892
Test read #    30 ident    1228      9467-    10837 against verified region         0-    14730 - CANDIDATE hangs   13392   -3914
Test read #    31 ident    2990      9526-    44036 against verified region         0-    14730 - CANDIDATE hangs   13356   29059
Test read #    32 ident     961     11515-    12131 against verified region         0-    14730 - CANDIDATE hangs   15444   -2621
Test read #    33 ident     781     11517-    13273 against verified region         0-    14730 - CANDIDATE hangs   15476   -1492
Test read #    34 ident     526     12203-    13316 against verified region         0-    14730 - CANDIDATE hangs   16135   -1451
Test read #    35 ident    2587     13290-    26767 against verified region         0-    14730 - CANDIDATE hangs   17281   12050
Test read #    36 ident    3216     13299-    26467 against verified region         0-    14730 - CANDIDATE hangs   17294   11753
Test read #    37 ident    1697     13301-    19589 against verified region         0-    14730 - CANDIDATE hangs   17282    4867
Test read #    38 ident    1699     13322-    18090 against verified region         0-    14730 - CANDIDATE hangs   17290    3357
Test read #    39 ident     992     13336-    14430 against verified region         0-    14730 - CANDIDATE hangs   17292    -311
Test read #    40 ident    1018     13376-    19027 against verified region         0-    14730 - CANDIDATE hangs   17349    4299
Test read #    41 ident    3406     13481-    14662 against verified region         0-    14730 - CANDIDATE hangs   17433     -74
Test read #    42 ident      15     13568-    15029 against verified region         0-    14730 - CANDIDATE hangs   17523     302
Test read #    43 ident     586     13615-    14400 against verified region         0-    14730 - CANDIDATE hangs   17566    -333
Test read #    44 ident    1255     13775-    18499 against verified region         0-    14730 - CANDIDATE hangs   17730    3751
Test read #    45 ident    1968     13817-    14958 against verified region         0-    14730 - CANDIDATE hangs   17771     231
Test read #    46 ident    1360     13944-    19510 against verified region         0-    14730 - CANDIDATE hangs   17915    4781
Test read #    47 ident    1024     14135-    20281 against verified region         0-    14730 - CANDIDATE hangs   18115    5564
Test read #    48 ident    1100     14344-    15360 against verified region         0-    14730 - CANDIDATE hangs   18301     643
Test read #    49 ident     812     14501-    22421 against verified region         0-    14730 - CANDIDATE hangs   18484    7719
Found appropriate intersecting read.
createUnitigs()-- read    871 place   0 edgeTo tig     1 reads #    0      1724-      812 verified         0-    14730 position     -3977-    14730 covered    3903-  18676 BREAK at pos     1837 read   1159 isLow 1 sim 1.0000
createUnitigs()-- read    871 place   1 edgeTo tig     1 reads #   67       881-     1206 verified     44154-    61470 position     44154-    62871 covered       0-  17204 SELF EXPECTED_3'
createUnitigs()-- saving 1 breakpoints to master list.

createUnitigs()-- tig 3 len 16455 first read 1595 with 1 placements - last read 680 with 2 placements
createUnitigs()-- read   1595 place   0 edgeTo tig     3 reads #    1      2416-      740 verified       954-    13954 position        14-    13954 covered     952-  13918 SELF EXPECTED_5'
createUnitigs()-- read    680 place   0 edgeTo tig     3 reads #    0      1595-      740 verified     11027-    15432 position     11027-    16447 covered       0-   4388 SELF EXPECTED_3'

Scan reads from #6 to #16 for low coordinate in verified region 9334-9415
Test read #     6 ident     396      9330-     9407 against verified region      9334-     9415
Test read #    14 ident    1215      9334-     9408 against verified region      9334-     9415
Test read #    15 ident     378      9336-     9415 against verified region      9334-     9415 - CANDIDATE hangs       1   -5333
Test read #    16 ident    1544      9336-     9407 against verified region      9334-     9415 - CANDIDATE hangs       1   -5336

Failed to find appropriate intersecting read.

createUnitigs()-- read    680 place   1 edgeTo tig  1189 reads #    6       396-     1544 verified      9334-     9415 position      9334-    14745 covered       0-     75 EXPECTED_3' TOO_SMALL NO_OVERLAPS

createUnitigs()-- tig 8 len 10885 first read 385 with 1 placements - last read 666 with 2 placements
createUnitigs()-- read    385 place   0 edgeTo tig     8 reads #    1      1495-      865 verified     10451-       26 position     10451-        5 covered       0-  10437 SELF
createUnitigs()-- read    666 place   0 edgeTo tig     8 reads #    0       385-      865 verified      2425-    10788 position      2425-    10874 covered       0-   8364 SELF EXPECTED_3'

Scan reads from #4 to #4 for high coordinate in verified region 2630-2970
Test read #     4 ident    1081      2065-     2970 against verified region      2630-     2970

Failed to find appropriate intersecting read.

createUnitigs()-- read    666 place   1 edgeTo tig   153 reads #    4      1081-     1081 verified      2970-     2630 position     11073-     2630 covered    8103-   8451 TOO_SMALL NO_OVERLAPS

createUnitigs()-- tig 9 len 18353 first read 683 with 1 placements - last read 521 with 1 placements
createUnitigs()-- read    683 place   0 edgeTo tig     9 reads #    1      1456-      639 verified      1350-    16796 position        15-    16796 covered    1397-  16761 SELF EXPECTED_5'
createUnitigs()-- read    521 place   0 edgeTo tig     9 reads #    0       683-      639 verified     11912-    18239 position     11912-    18350 covered       0-   6312 SELF EXPECTED_3'

createUnitigs()-- tig 15 len 373 first read 2366 with 1 placements - last read 2437 with 3 placements
createUnitigs()-- read   2366 place   0 edgeTo tig    15 reads #    1      3240-     2437 verified        12-      287 position         0-      287 covered       0-    284 SELF TOO_SMALL

Scan reads from #8 to #8 for low coordinate in verified region 122-178
Test read #     8 ident     938       122-      196 against verified region       122-      178

Failed to find appropriate intersecting read.

createUnitigs()-- read   2437 place   0 edgeTo tig    15 reads #    8       938-      938 verified       178-      122 position       178-        5 covered       0-     56 TOO_SMALL NO_OVERLAPS
createUnitigs()-- read   2437 place   1 edgeTo tig    15 reads #   13       675-      675 verified       246-      184 position       349-      174 covered     103-    163 SELF EXPECTED_5' TOO_SMALL
createUnitigs()-- read   2437 place   2 edgeTo tig    15 reads #    0      2366-     2366 verified       289-      215 position       395-      215 covered     106-    173 SELF EXPECTED_5' TOO_SMALL

createUnitigs()-- tig 18 len 7379 first read 403 with 1 placements - last read 1371 with 1 placements
createUnitigs()-- read    403 place   0 edgeTo tig    18 reads #    1       278-     1408 verified      7270-      736 position      7270-       -1 covered       0-   6494 SELF EXPECTED_3'
createUnitigs()-- read   1371 place   0 edgeTo tig    18 reads #    0       403-     1408 verified      7375-     3803 position      7375-     3803 covered       0-   3577 SELF

createUnitigs()-- tig 26 len 11566 first read 717 with 1 placements - last read 717 with 1 placements
createUnitigs()-- read    717 place   0 edgeTo tig    26 reads #    1      1531-      657 verified     10769-       21 position     11557-        6 covered     768-  11565 SELF
createUnitigs()-- read    717 place   0 edgeTo tig    26 reads #    1      1531-      657 verified     10769-       21 position     11557-        6 covered     768-  11565 SELF EXPECTED_5'

createUnitigs()-- tig 28 len 8030 first read 721 with 1 placements - last read 991 with 3 placements
createUnitigs()-- read    721 place   0 edgeTo tig    28 reads #    1      1323-      891 verified      6062-      340 position      6062-       -2 covered       0-   5669 SELF EXPECTED_3'

Scan reads from #18 to #18 for low coordinate in verified region 11028-11102
Test read #    18 ident    1466     11028-    11102 against verified region     11028-    11102

Failed to find appropriate intersecting read.

createUnitigs()-- read    991 place   0 edgeTo tig     3 reads #   18      1466-     1466 verified     11028-    11102 position     11028-    15007 covered       0-     73 EXPECTED_3' TOO_SMALL NO_OVERLAPS
createUnitigs()-- read    991 place   1 edgeTo tig    28 reads #    0       721-      891 verified      4044-     8025 position      4044-     8025 covered       0-   3978 SELF

Scan reads from #6 to #16 for low coordinate in verified region 9334-9415
Test read #     6 ident     396      9330-     9407 against verified region      9334-     9415
Test read #    14 ident    1215      9334-     9408 against verified region      9334-     9415
Test read #    15 ident     378      9336-     9415 against verified region      9334-     9415 - CANDIDATE hangs       1   -3904
Test read #    16 ident    1544      9336-     9407 against verified region      9334-     9415 - CANDIDATE hangs       1   -3908

Failed to find appropriate intersecting read.

createUnitigs()-- read    991 place   2 edgeTo tig  1189 reads #    6       396-     1544 verified      9334-     9415 position      9334-    13315 covered       0-     74 EXPECTED_3' TOO_SMALL NO_OVERLAPS

createUnitigs()-- tig 33 len 34984 first read 3285 with 1 placements - last read 1931 with 1 placements
createUnitigs()-- read   3285 place   0 edgeTo tig    33 reads #    1      3378-      736 verified     32000-       92 position     32000-       39 covered       0-  31974 SELF
createUnitigs()-- read   1931 place   0 edgeTo tig    33 reads #    0      3285-      736 verified     34933-    28203 position     34987-    28203 covered       0-   6745 SELF

createUnitigs()-- tig 38 len 121 first read 2926 with 2 placements - last read 2009 with 1 placements
createUnitigs()-- read   2926 place   0 edgeTo tig    38 reads #    1      2999-     1970 verified       108-       13 position       112-       -4 covered       0-     99 SELF EXPECTED_3' TOO_SMALL
createUnitigs()-- read   2926 place   1 edgeTo tig    38 reads #    5      2100-     2100 verified       104-       39 position       143-       26 covered      39-     99 SELF EXPECTED_3' TOO_SMALL
createUnitigs()-- read   2009 place   0 edgeTo tig    38 reads #    0      2926-     2493 verified        31-      118 position        26-      120 covered       0-     87 SELF EXPECTED_3' TOO_SMALL

createUnitigs()-- tig 49 len 1468 first read 50 with 1 placements - last read 1058 with 1 placements
createUnitigs()-- read     50 place   0 edgeTo tig    49 reads #    1      3369-     1058 verified      1467-        3 position      1467-        0 covered       0-   1464 SELF
createUnitigs()-- read   1058 place   0 edgeTo tig    49 reads #    0        50-     1488 verified      1467-      310 position      1467-      310 covered       0-   1138 SELF

createUnitigs()-- tig 52 len 7572 first read 101 with 1 placements - last read 101 with 1 placements
createUnitigs()-- read    101 place   0 edgeTo tig    52 reads #    1      2670-      259 verified      7553-        6 position      7565-        3 covered       0-   7567 SELF
createUnitigs()-- read    101 place   0 edgeTo tig    52 reads #    1      2670-      259 verified      7553-        6 position      7565-        3 covered       0-   7567 SELF

createUnitigs()-- tig 53 len 12546 first read 1291 with 2 placements - last read 135 with 1 placements
createUnitigs()-- read   1291 place   0 edgeTo tig    53 reads #    1       160-     1049 verified      7429-       20 position      7429-        5 covered       0-   7416 SELF

Scan reads from #10 to #10 for low coordinate in verified region 9336-9409
Test read #    10 ident    2893      9331-     9409 against verified region      9336-     9409

Failed to find appropriate intersecting read.

createUnitigs()-- read   1291 place   1 edgeTo tig  1189 reads #   10      2893-     2893 verified      9336-     9409 position      9336-    16756 covered       0-     69 EXPECTED_3' TOO_SMALL NO_OVERLAPS
createUnitigs()-- read    135 place   0 edgeTo tig    53 reads #    1       160-     1054 verified     12541-    10832 position     12545-    10832 covered       0-   1696 SELF

createUnitigs()-- tig 54 len 694 first read 209 with 1 placements - last read 209 with 1 placements
createUnitigs()-- read    209 place   0 edgeTo tig    54 reads #    1      1920-     1436 verified       693-        0 position       693-        0 covered       0-    688 SELF
createUnitigs()-- read    209 place   0 edgeTo tig    54 reads #    1      1920-     1436 verified       693-        0 position       693-        0 covered       0-    688 SELF

createUnitigs()-- tig 59 len 756 first read 304 with 1 placements - last read 304 with 1 placements
createUnitigs()-- read    304 place   0 edgeTo tig    59 reads #    1      1145-      836 verified       755-        0 position       755-        0 covered       0-    756 SELF
createUnitigs()-- read    304 place   0 edgeTo tig    59 reads #    1      1145-      836 verified       755-        0 position       755-        0 covered       0-    756 SELF

createUnitigs()-- tig 72 len 2914 first read 534 with 1 placements - last read 534 with 1 placements
createUnitigs()-- read    534 place   0 edgeTo tig    72 reads #    1      2994-      671 verified      2908-        3 position      2911-        3 covered       0-   2915 SELF
createUnitigs()-- read    534 place   0 edgeTo tig    72 reads #    1      2994-      671 verified      2908-        3 position      2911-        3 covered       0-   2915 SELF

createUnitigs()-- tig 77 len 2085 first read 616 with 1 placements - last read 2110 with 1 placements
createUnitigs()-- read    616 place   0 edgeTo tig    77 reads #    1       168-     2110 verified      2082-        0 position      2082-        0 covered       0-   2081 SELF
createUnitigs()-- read   2110 place   0 edgeTo tig    77 reads #    0       616-      168 verified        35-     2082 position        35-     2085 covered       0-   2047 SELF

createUnitigs()-- tig 88 len 771 first read 723 with 1 placements - last read 723 with 1 placements
createUnitigs()-- read    723 place   0 edgeTo tig    88 reads #    1      1818-      650 verified       770-        0 position       770-        0 covered       0-    771 SELF
createUnitigs()-- read    723 place   0 edgeTo tig    88 reads #    1      1818-      650 verified       770-        0 position       770-        0 covered       0-    771 SELF

createUnitigs()-- tig 91 len 788 first read 749 with 1 placements - last read 749 with 1 placements
createUnitigs()-- read    749 place   0 edgeTo tig    91 reads #    1        21-      846 verified       782-        0 position       788-        0 covered       6-    778 SELF EXPECTED_3'
createUnitigs()-- read    749 place   0 edgeTo tig    91 reads #    1        21-      846 verified       782-        0 position       788-        0 covered       6-    778 SELF EXPECTED_5'

createUnitigs()-- tig 92 len 596 first read 772 with 1 placements - last read 2109 with 1 placements
createUnitigs()-- read    772 place   0 edgeTo tig    92 reads #    1       817-     2109 verified       596-        0 position       596-        0 covered       0-    584 SELF
createUnitigs()-- read   2109 place   0 edgeTo tig    92 reads #    0       772-      817 verified         3-      596 position         3-      596 covered       0-    593 SELF

createUnitigs()-- tig 95 len 2623 first read 801 with 1 placements - last read 801 with 1 placements
createUnitigs()-- read    801 place   0 edgeTo tig    95 reads #    1       587-     1072 verified      2620-        1 position      2622-        0 covered       0-   2617 SELF
createUnitigs()-- read    801 place   0 edgeTo tig    95 reads #    1       587-     1072 verified      2620-        1 position      2622-        0 covered       0-   2617 SELF

createUnitigs()-- tig 114 len 2700 first read 1910 with 1 placements - last read 954 with 1 placements
createUnitigs()-- read   1910 place   0 edgeTo tig   114 reads #    1       954-     1849 verified      2697-        2 position      2697-        1 covered       0-   2698 SELF
createUnitigs()-- read    954 place   0 edgeTo tig   114 reads #    0      1910-     1849 verified      2698-        4 position      2699-        4 covered       0-   2695 SELF

createUnitigs()-- tig 116 len 7837 first read 964 with 1 placements - last read 1373 with 1 placements
createUnitigs()-- read    964 place   0 edgeTo tig   116 reads #    1       946-     1373 verified      7825-        8 position      7825-        8 covered       0-   7799 SELF
createUnitigs()-- read   1373 place   0 edgeTo tig   116 reads #    0       964-     1262 verified      7831-     6314 position      7837-     6314 covered       0-   1497 SELF

createUnitigs()-- tig 119 len 2083 first read 1290 with 1 placements - last read 1463 with 2 placements
createUnitigs()-- read   1290 place   0 edgeTo tig   119 reads #    1       985-     1463 verified         6-     2073 position         0-     2073 covered       0-   2070 SELF
createUnitigs()-- read   1463 place   0 edgeTo tig   119 reads #    0      1290-      654 verified       729-     2081 position       729-     2081 covered       0-   1353 SELF

Scan reads from #7 to #7 for low coordinate in verified region 9335-9406
Test read #     7 ident    1584      9330-     9406 against verified region      9335-     9406

Failed to find appropriate intersecting read.

createUnitigs()-- read   1463 place   1 edgeTo tig  1189 reads #    7      1584-     1584 verified      9335-     9406 position      9335-    10688 covered       0-     71 EXPECTED_3' TOO_SMALL NO_OVERLAPS

createUnitigs()-- tig 123 len 19299 first read 994 with 1 placements - last read 655 with 1 placements
createUnitigs()-- read    994 place   0 edgeTo tig   123 reads #    1       123-      257 verified        30-    14173 position        30-    14173 covered       0-  14095 SELF
createUnitigs()-- read    655 place   0 edgeTo tig   123 reads #    2      1019-     1009 verified     16753-    19296 position     16753-    19296 covered       0-   2516 SELF

createUnitigs()-- tig 127 len 1441 first read 1033 with 1 placements - last read 1033 with 1 placements
createUnitigs()-- read   1033 place   0 edgeTo tig   127 reads #    1       425-     1533 verified      1440-        0 position      1440-        0 covered       0-   1441 SELF
createUnitigs()-- read   1033 place   0 edgeTo tig   127 reads #    1       425-     1533 verified      1440-        0 position      1440-        0 covered       0-   1441 SELF

createUnitigs()-- tig 142 len 174 first read 1192 with 1 placements - last read 715 with 1 placements
createUnitigs()-- read   1192 place   0 edgeTo tig   142 reads #    1       516-      715 verified       174-        0 position       174-        0 covered       0-    173 SELF TOO_SMALL
createUnitigs()-- read    715 place   0 edgeTo tig   142 reads #    0      1192-      516 verified       174-       77 position       174-       77 covered       0-     96 SELF TOO_SMALL

createUnitigs()-- tig 143 len 1264 first read 1946 with 1 placements - last read 499 with 1 placements
createUnitigs()-- read   1946 place   0 edgeTo tig   143 reads #    1      1200-     2737 verified         3-      273 position         0-      273 covered       0-    271 SELF TOO_SMALL
createUnitigs()-- read    499 place   0 edgeTo tig   143 reads #    1      1200-     2737 verified      1263-      521 position      1264-      521 covered       0-    736 SELF

createUnitigs()-- tig 148 len 3889 first read 1248 with 1 placements - last read 1248 with 1 placements
createUnitigs()-- read   1248 place   0 edgeTo tig   148 reads #    1       950-      914 verified      3883-       11 position      3883-        4 covered       0-   3886 SELF
createUnitigs()-- read   1248 place   0 edgeTo tig   148 reads #    1       950-      914 verified      3883-       11 position      3883-        4 covered       0-   3886 SELF

createUnitigs()-- tig 153 len 26136 first read 802 with 1 placements - last read 178 with 1 placements
createUnitigs()-- read    802 place   0 edgeTo tig   153 reads #    1      1292-      178 verified      1716-       17 position      1716-        0 covered       0-   1662 SELF
createUnitigs()-- read    178 place   0 edgeTo tig   153 reads #    0       802-      841 verified      1169-    26097 position      1169-    26097 covered       0-  24917 SELF

createUnitigs()-- tig 179 len 472 first read 1473 with 1 placements - last read 1473 with 1 placements
createUnitigs()-- read   1473 place   0 edgeTo tig   179 reads #    1       407-     1160 verified       471-        0 position       472-        0 covered       0-    461 SELF TOO_SMALL
createUnitigs()-- read   1473 place   0 edgeTo tig   179 reads #    1       407-     1160 verified       471-        0 position       472-        0 covered       0-    461 SELF TOO_SMALL

createUnitigs()-- tig 182 len 2102 first read 1491 with 1 placements - last read 1571 with 1 placements
createUnitigs()-- read   1491 place   0 edgeTo tig   182 reads #    1       951-     1571 verified      2102-      609 position      2102-        0 covered       0-   1493 SELF EXPECTED_3'
createUnitigs()-- read   1571 place   0 edgeTo tig   182 reads #    0      1491-      951 verified       751-     2101 position       751-     2101 covered       0-   1340 SELF

createUnitigs()-- tig 191 len 1286 first read 1551 with 1 placements - last read 907 with 1 placements
createUnitigs()-- read   1551 place   0 edgeTo tig   191 reads #    1      1645-     1975 verified      1283-        0 position      1283-        0 covered       0-   1281 SELF
createUnitigs()-- read    907 place   0 edgeTo tig   191 reads #    0      1551-     1975 verified        43-     1283 position        43-     1285 covered       0-   1244 SELF

createUnitigs()-- tig 193 len 2824 first read 54 with 1 placements - last read 1164 with 1 placements
createUnitigs()-- read     54 place   0 edgeTo tig   193 reads #    1      1565-     1164 verified      2805-        4 position      2805-        0 covered       0-   2804 SELF
createUnitigs()-- read   1164 place   0 edgeTo tig   193 reads #    0        54-     1565 verified      2093-     2822 position      2093-     2822 covered       0-    728 SELF

createUnitigs()-- tig 197 len 1497 first read 1603 with 1 placements - last read 1603 with 1 placements
createUnitigs()-- read   1603 place   0 edgeTo tig   197 reads #    1       990-      625 verified      1491-        0 position      1497-        0 covered       7-   1477 SELF
createUnitigs()-- read   1603 place   0 edgeTo tig   197 reads #    1       990-      625 verified      1491-        0 position      1497-        0 covered       7-   1477 SELF EXPECTED_5'

createUnitigs()-- tig 201 len 5972 first read 1623 with 1 placements - last read 78 with 1 placements
createUnitigs()-- read   1623 place   0 edgeTo tig   201 reads #    1       903-      137 verified      5964-        6 position      5964-        0 covered       0-   5957 SELF
createUnitigs()-- read     78 place   0 edgeTo tig   201 reads #    0      1623-      137 verified      5967-      197 position      5969-      197 covered       0-   5759 SELF

createUnitigs()-- tig 203 len 689 first read 1639 with 1 placements - last read 1471 with 1 placements
createUnitigs()-- read   1639 place   0 edgeTo tig   203 reads #    1       388-     1471 verified       689-        0 position       689-        0 covered       0-    690 SELF
createUnitigs()-- read   1471 place   0 edgeTo tig   203 reads #    0      1639-      388 verified        79-      689 position        79-      689 covered       0-    610 SELF

createUnitigs()-- tig 217 len 4265 first read 144 with 1 placements - last read 1377 with 1 placements
createUnitigs()-- read    144 place   0 edgeTo tig   217 reads #    1      1955-     1377 verified         1-     3607 position         0-     3607 covered       0-   3601 SELF
createUnitigs()-- read   1377 place   0 edgeTo tig   217 reads #    0       144-      778 verified      4257-      697 position      4263-      697 covered       0-   3568 SELF

createUnitigs()-- tig 221 len 3011 first read 2158 with 1 placements - last read 2158 with 1 placements
createUnitigs()-- read   2158 place   0 edgeTo tig   221 reads #    1      1369-      578 verified      3009-        2 position      3011-        2 covered       3-   3004 SELF
createUnitigs()-- read   2158 place   0 edgeTo tig   221 reads #    1      1369-      578 verified      3009-        2 position      3011-        2 covered       3-   3004 SELF EXPECTED_5'

createUnitigs()-- tig 224 len 13273 first read 2304 with 1 placements - last read 279 with 1 placements
createUnitigs()-- read   2304 place   0 edgeTo tig   224 reads #    1      1928-      456 verified     13260-       11 position     13260-       11 covered       0-  13248 SELF
createUnitigs()-- read    279 place   0 edgeTo tig   224 reads #    0      2304-     1527 verified     13266-     3484 position     13266-     3484 covered       0-   9765 SELF

createUnitigs()-- tig 241 len 2487 first read 2826 with 1 placements - last read 2826 with 1 placements
createUnitigs()-- read   2826 place   0 edgeTo tig   241 reads #    1      1487-        9 verified      2482-        0 position      2482-        0 covered       0-   2477 SELF
createUnitigs()-- read   2826 place   0 edgeTo tig   241 reads #    1      1487-        9 verified      2482-        0 position      2482-        0 covered       0-   2477 SELF

createUnitigs()-- tig 243 len 12963 first read 2856 with 1 placements - last read 880 with 1 placements
createUnitigs()-- read   2856 place   0 edgeTo tig   243 reads #    1       995-     1916 verified     12904-       16 position     12904-       16 covered       0-  12860 SELF EXPECTED_3'
createUnitigs()-- read    880 place   0 edgeTo tig   243 reads #    0      2856-     1916 verified     12922-     5277 position     12950-     5277 covered       0-   7676 SELF

createUnitigs()-- tig 245 len 6967 first read 2915 with 1 placements - last read 2915 with 1 placements
createUnitigs()-- read   2915 place   0 edgeTo tig   245 reads #    1      2062-     1612 verified      6942-       28 position      6945-       28 covered       0-   6899 SELF
createUnitigs()-- read   2915 place   0 edgeTo tig   245 reads #    1      2062-     1612 verified      6942-       28 position      6945-       28 covered       0-   6899 SELF

createUnitigs()-- tig 246 len 1210 first read 2961 with 1 placements - last read 2292 with 1 placements
createUnitigs()-- read   2961 place   0 edgeTo tig   246 reads #    1      3319-     1055 verified      1203-        1 position      1203-        0 covered       0-   1195 SELF
createUnitigs()-- read   2292 place   0 edgeTo tig   246 reads #    0      2961-     1055 verified        23-     1204 position        23-     1208 covered       0-   1188 SELF

createUnitigs()-- tig 251 len 1072 first read 3042 with 1 placements - last read 1274 with 1 placements
createUnitigs()-- read   3042 place   0 edgeTo tig   251 reads #    1       809-     1274 verified      1070-        0 position      1070-        0 covered       0-   1065 SELF
createUnitigs()-- read   1274 place   0 edgeTo tig   251 reads #    0      3042-      809 verified        13-     1070 position        13-     1072 covered       0-   1058 SELF

createUnitigs()-- tig 1188 len 12258 first read 63 with 1 placements - last read 63 with 1 placements

Scan reads from #0 to #17 for high coordinate in verified region 0-11784
Test read #     0 ident     893         0-     8464 against verified region         0-    11784 - CANDIDATE hangs    3339    -476
Test read #     1 ident    1136       214-    10848 against verified region         0-    11784 - CANDIDATE hangs     942    -658
Test read #     2 ident    3520      1813-    12348 against verified region         0-    11784
Test read #     3 ident    1413      2817-     4629 against verified region         0-    11784 - CANDIDATE hangs    7173   -3277
Test read #     4 ident    1324      7962-    11154 against verified region         0-    11784 - CANDIDATE hangs     632   -8411
Test read #     5 ident    1234      8680-    11459 against verified region         0-    11784 - CANDIDATE hangs     323   -9128
Test read #     9 ident    1427      9331-    12347 against verified region         0-    11784
Test read #    17 ident    1138     10212-    10982 against verified region         0-    11784 - CANDIDATE hangs     807  -10660

Failed to find appropriate intersecting read.

createUnitigs()-- read     63 place   0 edgeTo tig  1189 reads #    0       893-     1138 verified     11784-        0 position     11789-     -452 covered       0-  11769 EXPECTED_3' NO_OVERLAPS

Scan reads from #0 to #17 for low coordinate in verified region 0-11784
Test read #     0 ident     893         0-     8464 against verified region         0-    11784
Test read #     1 ident    1136       214-    10848 against verified region         0-    11784 - CANDIDATE hangs     942    -658
Test read #     2 ident    3520      1813-    12348 against verified region         0-    11784 - CANDIDATE hangs    -570   -2258 - SAVED
Test read #     3 ident    1413      2817-     4629 against verified region         0-    11784 - CANDIDATE hangs    7173   -3277
Test read #     4 ident    1324      7962-    11154 against verified region         0-    11784 - CANDIDATE hangs     632   -8411
Test read #     5 ident    1234      8680-    11459 against verified region         0-    11784 - CANDIDATE hangs     323   -9128
Test read #     9 ident    1427      9331-    12347 against verified region         0-    11784 - CANDIDATE hangs    -563   -9779
Test read #    17 ident    1138     10212-    10982 against verified region         0-    11784 - CANDIDATE hangs     807  -10660
Found appropriate intersecting read.
createUnitigs()-- read     63 place   0 edgeTo tig  1189 reads #    0       893-     1138 verified     11784-        0 position     11789-     -452 covered       0-  11769 BREAK at pos     1813 read   3520 isLow 1 sim 0.8186
createUnitigs()-- saving 1 breakpoints to master list.

createUnitigs()-- tig 1189 len 12348 first read 893 with 5 placements - last read 3520 with 2 placements

Scan reads from #137 to #137 for high coordinate in verified region 42687-42761
Test read #   137 ident    3487     42687-    42761 against verified region     42687-    42761

Failed to find appropriate intersecting read.

createUnitigs()-- read    893 place   0 edgeTo tig     1 reads #  137      3487-     3487 verified     42687-    42761 position     42687-    51138 covered       0-     75 TOO_SMALL NO_OVERLAPS

Scan reads from #11 to #14 for high coordinate in verified region 8806-8883
Test read #    11 ident    3007      8806-     8882 against verified region      8806-     8883 - CANDIDATE hangs       4   -8377
Test read #    12 ident    1205      8807-     8883 against verified region      8806-     8883
Test read #    14 ident     729      8814-     8880 against verified region      8806-     8883 - CANDIDATE hangs      11   -8378

Failed to find appropriate intersecting read.

createUnitigs()-- read    893 place   1 edgeTo tig     3 reads #   11      3007-      729 verified      8806-     8883 position      8802-    17259 covered       4-     75 EXPECTED_5' TOO_SMALL NO_OVERLAPS

Scan reads from #0 to #0 for high coordinate in verified region 476-8919
Test read #     0 ident      63         0-    12258 against verified region       476-     8919

Failed to find appropriate intersecting read.

createUnitigs()-- read    893 place   2 edgeTo tig  1188 reads #    0        63-       63 verified       476-     8919 position       476-     8919 covered       0-   8452 NO_OVERLAPS
createUnitigs()-- read    893 place   3 edgeTo tig  1189 reads #    1      1136-     1324 verified       214-     8469 position         4-     8469 covered     203-   8452 SELF EXPECTED_5'

Scan reads from #6 to #13 for high coordinate in verified region 9331-9410
Test read #     6 ident     396      9330-     9407 against verified region      9331-     9410 - CANDIDATE hangs      -1   -8377 - SAVED
Test read #     7 ident    1584      9330-     9406 against verified region      9331-     9410 - CANDIDATE hangs      -1   -8379
Test read #     8 ident     439      9330-     9403 against verified region      9331-     9410 - CANDIDATE hangs      -1   -8380
Test read #    10 ident    2893      9331-     9409 against verified region      9331-     9410 - CANDIDATE hangs      -1   -8376
Test read #    11 ident     532      9332-     9407 against verified region      9331-     9410 - CANDIDATE hangs       0   -8378
Test read #    12 ident    1266      9332-     9405 against verified region      9331-     9410 - CANDIDATE hangs       0   -8378
Test read #    13 ident    3054      9333-     9410 against verified region      9331-     9410
Found appropriate intersecting read.
createUnitigs()-- read    893 place   4 edgeTo tig  1189 reads #    6       396-     3054 verified      9331-     9410 position      9331-    17784 covered       0-     78 TOO_SMALL

Scan reads from #0 to #0 for low coordinate in verified region 2258-12258
Test read #     0 ident      63         0-    12258 against verified region      2258-    12258

Failed to find appropriate intersecting read.

createUnitigs()-- read   3520 place   0 edgeTo tig  1188 reads #    0        63-       63 verified     12258-     2258 position     12828-     2258 covered     570-  10501 EXPECTED_5' NO_OVERLAPS
createUnitigs()-- read   3520 place   1 edgeTo tig  1189 reads #    0       893-     1427 verified     12343-     1822 position     12343-     1822 covered       0-  10501 SELF

Histogram of number of placements per contig end:
numPlacements  numEnds
            0       91
            1        3

----------------------------------------
Found 97 breakpoints (including duplicates).
      94 from sentinels.
      0 from confused edges.
      3 from intersections.

Splitting contigs into unitigs.


createUnitigs()-- contig 1 found 2 breakpoints

splitTig()-- processing tig 1

splitTig()-- processing tig 1
splitTig()-- piece  0 from        0 t to     1837 t
splitTig()-- piece  1 from     1837 t to    61470 f
splitTig()-- piece  2 from    61470 f to    62882 f
splitTig()-- new tig 1 (id=0) at read 1724 0-21572
splitTig()-- Move read     1724        0-21572    to piece  0 tig      1
splitTig()-- Move read     1572       96-3114     to piece  0 tig      1
splitTig()-- Move read      966      228-2039     to piece  0 tig      1
splitTig()-- Move read     2495      507-268      to piece  0 tig      1
splitTig()-- Move read      546      603-3067     to piece  0 tig      1
splitTig()-- new tig 2 (id=1) at read 1159 1837-16653
splitTig()-- Move read     1159    16653-1837     to piece  1 tig      2
splitTig()-- Move read      941     2566-4680     to piece  1 tig      2
splitTig()-- Move read      505     6582-2569     to piece  1 tig      2
splitTig()-- Move read      538     2889-4416     to piece  1 tig      2
splitTig()-- Move read      699     6781-3483     to piece  1 tig      2
splitTig()-- Move read     1221     3621-9324     to piece  1 tig      2
splitTig()-- Move read      967     4032-13260    to piece  1 tig      2
splitTig()-- Move read      906     4146-6148     to piece  1 tig      2
splitTig()-- Move read      560     4615-4369     to piece  1 tig      2
splitTig()-- Move read      730     9962-4992     to piece  1 tig      2
splitTig()-- Move read      822     5056-15022    to piece  1 tig      2
splitTig()-- Move read      761     5580-6638     to piece  1 tig      2
splitTig()-- Move read     1567     7453-5623     to piece  1 tig      2
splitTig()-- Move read      504    10597-5907     to piece  1 tig      2
splitTig()-- Move read      498     6248-7132     to piece  1 tig      2
splitTig()-- Move read     1121     6429-8921     to piece  1 tig      2
splitTig()-- Move read      988    12040-6847     to piece  1 tig      2
splitTig()-- Move read      668    13333-7125     to piece  1 tig      2
splitTig()-- Move read      741     7777-10908    to piece  1 tig      2
splitTig()-- Move read      673    14202-7809     to piece  1 tig      2
splitTig()-- Move read      774     8436-11388    to piece  1 tig      2
splitTig()-- Move read      931    11868-8836     to piece  1 tig      2
splitTig()-- Move read      748     8873-12328    to piece  1 tig      2
splitTig()-- Move read     1431     8888-13079    to piece  1 tig      2
splitTig()-- Move read     1453     9367-12869    to piece  1 tig      2
splitTig()-- Move read     1228    10837-9467     to piece  1 tig      2
splitTig()-- Move read     2990     9526-44036    to piece  1 tig      2
splitTig()-- Move read      961    12131-11515    to piece  1 tig      2
splitTig()-- Move read      781    11517-13273    to piece  1 tig      2
splitTig()-- Move read      526    12203-13316    to piece  1 tig      2
splitTig()-- Move read     2587    26767-13290    to piece  1 tig      2
splitTig()-- Move read     3216    26467-13299    to piece  1 tig      2
splitTig()-- Move read     1697    19589-13301    to piece  1 tig      2
splitTig()-- Move read     1699    18090-13322    to piece  1 tig      2
splitTig()-- Move read      992    14430-13336    to piece  1 tig      2
splitTig()-- Move read     1018    13376-19027    to piece  1 tig      2
splitTig()-- Move read     3406    14662-13481    to piece  1 tig      2
splitTig()-- Move read       15    13568-15029    to piece  1 tig      2
splitTig()-- Move read      586    13615-14400    to piece  1 tig      2
splitTig()-- Move read     1255    18499-13775    to piece  1 tig      2
splitTig()-- Move read     1968    14958-13817    to piece  1 tig      2
splitTig()-- Move read     1360    13944-19510    to piece  1 tig      2
splitTig()-- Move read     1024    14135-20281    to piece  1 tig      2
splitTig()-- Move read     1100    14344-15360    to piece  1 tig      2
splitTig()-- Move read      812    22421-14501    to piece  1 tig      2
splitTig()-- Move read     1374    16190-14939    to piece  1 tig      2
splitTig()-- Move read      488    15414-24590    to piece  1 tig      2
splitTig()-- Move read     1363    23697-15571    to piece  1 tig      2
splitTig()-- Move read     1224    18542-15646    to piece  1 tig      2
splitTig()-- Move read     1304    16377-43683    to piece  1 tig      2
splitTig()-- Move read      878    19245-16401    to piece  1 tig      2
splitTig()-- Move read     2148    17014-18359    to piece  1 tig      2
splitTig()-- Move read     1319    17406-18306    to piece  1 tig      2
splitTig()-- Move read     2339    17631-21253    to piece  1 tig      2
splitTig()-- Move read      542    17806-21309    to piece  1 tig      2
splitTig()-- Move read     1220    17951-18326    to piece  1 tig      2
splitTig()-- Move read      939    19030-18134    to piece  1 tig      2
splitTig()-- Move read     1111    21218-19210    to piece  1 tig      2
splitTig()-- Move read      541    19404-21440    to piece  1 tig      2
splitTig()-- Move read      525    21465-19411    to piece  1 tig      2
splitTig()-- Move read      536    22030-19415    to piece  1 tig      2
splitTig()-- Move read     2367    20000-20389    to piece  1 tig      2
splitTig()-- Move read      881    56251-21488    to piece  1 tig      2
splitTig()-- Move read     1474    21696-53108    to piece  1 tig      2
splitTig()-- Move read     1642    21843-34637    to piece  1 tig      2
splitTig()-- Move read      960    22290-35610    to piece  1 tig      2
splitTig()-- Move read     1254    22844-34248    to piece  1 tig      2
splitTig()-- Move read     1261    23437-49099    to piece  1 tig      2
splitTig()-- Move read      522    30203-24971    to piece  1 tig      2
splitTig()-- Move read     1107    39243-25804    to piece  1 tig      2
splitTig()-- Move read      970    35132-25906    to piece  1 tig      2
splitTig()-- Move read      518    25981-30643    to piece  1 tig      2
splitTig()-- Move read     1154    26632-29607    to piece  1 tig      2
splitTig()-- Move read      501    26797-31982    to piece  1 tig      2
splitTig()-- Move read     1829    35942-27538    to piece  1 tig      2
splitTig()-- Move read     1157    43836-27893    to piece  1 tig      2
splitTig()-- Move read     3593    27894-52548    to piece  1 tig      2
splitTig()-- Move read     1353    28005-30912    to piece  1 tig      2
splitTig()-- Move read      945    54643-28527    to piece  1 tig      2
splitTig()-- Move read     1120    29101-37943    to piece  1 tig      2
splitTig()-- Move read     1035    29116-33465    to piece  1 tig      2
splitTig()-- Move read      669    32798-29358    to piece  1 tig      2
splitTig()-- Move read      947    55147-29394    to piece  1 tig      2
splitTig()-- Move read     3317    33526-29982    to piece  1 tig      2
splitTig()-- Move read      909    30492-43227    to piece  1 tig      2
splitTig()-- Move read     2640    46647-30577    to piece  1 tig      2
splitTig()-- Move read     1361    37559-31659    to piece  1 tig      2
splitTig()-- Move read      883    32057-37541    to piece  1 tig      2
splitTig()-- Move read      949    40468-32206    to piece  1 tig      2
splitTig()-- Move read      515    40967-32468    to piece  1 tig      2
splitTig()-- Move read      681    32715-41681    to piece  1 tig      2
splitTig()-- Move read     1117    36901-33355    to piece  1 tig      2
splitTig()-- Move read      889    33564-61470    to piece  1 tig      2
splitTig()-- Move read     2651    33742-38322    to piece  1 tig      2
splitTig()-- Move read      507    36965-33809    to piece  1 tig      2
splitTig()-- Move read     3519    33824-40468    to piece  1 tig      2
splitTig()-- Move read      838    33871-38383    to piece  1 tig      2
splitTig()-- Move read     1379    39445-34424    to piece  1 tig      2
splitTig()-- Move read     1390    34532-56152    to piece  1 tig      2
splitTig()-- Move read      500    34926-60110    to piece  1 tig      2
splitTig()-- Move read      567    35654-39675    to piece  1 tig      2
splitTig()-- Move read     1530    36118-37052    to piece  1 tig      2
splitTig()-- Move read     1270    44951-36350    to piece  1 tig      2
splitTig()-- Move read      791    36442-42206    to piece  1 tig      2
splitTig()-- Move read      805    37015-40100    to piece  1 tig      2
splitTig()-- Move read     2755    41700-37047    to piece  1 tig      2
splitTig()-- Move read     3082    37232-40768    to piece  1 tig      2
splitTig()-- Move read     1288    37322-58220    to piece  1 tig      2
splitTig()-- Move read     1089    39909-37430    to piece  1 tig      2
splitTig()-- Move read      531    37839-47442    to piece  1 tig      2
splitTig()-- Move read     1123    57652-37896    to piece  1 tig      2
splitTig()-- Move read     1581    53684-37971    to piece  1 tig      2
splitTig()-- Move read     1165    44434-38274    to piece  1 tig      2
splitTig()-- Move read      823    40651-38407    to piece  1 tig      2
splitTig()-- Move read     1218    40160-38473    to piece  1 tig      2
splitTig()-- Move read     1545    46821-38494    to piece  1 tig      2
splitTig()-- Move read     2700    38837-39735    to piece  1 tig      2
splitTig()-- Move read     1050    38889-59245    to piece  1 tig      2
splitTig()-- Move read     1194    41933-39064    to piece  1 tig      2
splitTig()-- Move read      887    39910-44793    to piece  1 tig      2
splitTig()-- Move read     1188    40046-54939    to piece  1 tig      2
splitTig()-- Move read      922    52627-40082    to piece  1 tig      2
splitTig()-- Move read     1462    47456-40632    to piece  1 tig      2
splitTig()-- Move read     1092    41161-50520    to piece  1 tig      2
splitTig()-- Move read      575    41197-45787    to piece  1 tig      2
splitTig()-- Move read     1151    42111-42229    to piece  1 tig      2
splitTig()-- Move read      208    42309-57174    to piece  1 tig      2
splitTig()-- Move read      527    44310-42404    to piece  1 tig      2
splitTig()-- Move read     1286    44603-42425    to piece  1 tig      2
splitTig()-- Move read     1141    42434-56126    to piece  1 tig      2
splitTig()-- Move read     1311    58642-42565    to piece  1 tig      2
splitTig()-- Move read     1231    42611-45496    to piece  1 tig      2
splitTig()-- Move read     3487    42687-42761    to piece  1 tig      2
splitTig()-- Move read      756    42837-55239    to piece  1 tig      2
splitTig()-- Move read      632    43163-48078    to piece  1 tig      2
splitTig()-- new tig 3 (id=2) at read 871 44173-62882
splitTig()-- Move read      871    44173-62882    to piece  2 tig      3
splitTig()-- Move read      491    44806-50274    to piece  1 tig      2
splitTig()-- Move read     1405    56792-44877    to piece  1 tig      2
splitTig()-- Move read      648    57681-44901    to piece  1 tig      2
splitTig()-- Move read     3245    44928-55092    to piece  1 tig      2
splitTig()-- Move read     1241    45338-59086    to piece  1 tig      2
splitTig()-- Move read     1574    49675-45879    to piece  1 tig      2
splitTig()-- Move read      552    55309-46084    to piece  1 tig      2
splitTig()-- Move read     1184    46523-61450    to piece  1 tig      2
splitTig()-- Move read     1196    53921-47075    to piece  1 tig      2
splitTig()-- Move read      963    47423-61328    to piece  1 tig      2
splitTig()-- Move read     1339    48039-56813    to piece  1 tig      2
splitTig()-- Move read      585    48312-53147    to piece  1 tig      2
splitTig()-- Move read     2575    55839-49580    to piece  1 tig      2
splitTig()-- Move read      792    56014-52071    to piece  1 tig      2
splitTig()-- Move read     1206    54237-56288    to piece  1 tig      2
createUnitigs()-- contig 1 was split into 3 unitigs, 1 through 3.
createUnitigs()-- piece   0 -> tig 1 from contig 1 0-21572
createUnitigs()-- piece   1 -> tig 2 from contig 1 1837-61470
createUnitigs()-- piece   2 -> tig 3 from contig 1 44173-62882


splitTig()-- processing tig 3
createUnitigs()-- contig 3 copied into unitig 4.
createUnitigs()-- piece   0 -> tig 4 from contig 3 0-16455


splitTig()-- processing tig 8
createUnitigs()-- contig 8 copied into unitig 5.
createUnitigs()-- piece   0 -> tig 5 from contig 8 0-10885


splitTig()-- processing tig 9
createUnitigs()-- contig 9 copied into unitig 6.
createUnitigs()-- piece   0 -> tig 6 from contig 9 0-18353


splitTig()-- processing tig 15
createUnitigs()-- contig 15 copied into unitig 7.
createUnitigs()-- piece   0 -> tig 7 from contig 15 0-373


splitTig()-- processing tig 18
createUnitigs()-- contig 18 copied into unitig 8.
createUnitigs()-- piece   0 -> tig 8 from contig 18 0-7379


splitTig()-- processing tig 26
createUnitigs()-- contig 26 copied into unitig 9.
createUnitigs()-- piece   0 -> tig 9 from contig 26 0-11566


splitTig()-- processing tig 28
createUnitigs()-- contig 28 copied into unitig 10.
createUnitigs()-- piece   0 -> tig 10 from contig 28 0-8030


splitTig()-- processing tig 33
createUnitigs()-- contig 33 copied into unitig 11.
createUnitigs()-- piece   0 -> tig 11 from contig 33 0-34984


splitTig()-- processing tig 38
createUnitigs()-- contig 38 copied into unitig 12.
createUnitigs()-- piece   0 -> tig 12 from contig 38 0-121


splitTig()-- processing tig 49
createUnitigs()-- contig 49 copied into unitig 13.
createUnitigs()-- piece   0 -> tig 13 from contig 49 0-1468


splitTig()-- processing tig 52
createUnitigs()-- contig 52 copied into unitig 14.
createUnitigs()-- piece   0 -> tig 14 from contig 52 0-7572


splitTig()-- processing tig 53
createUnitigs()-- contig 53 copied into unitig 15.
createUnitigs()-- piece   0 -> tig 15 from contig 53 0-12546


splitTig()-- processing tig 54
createUnitigs()-- contig 54 copied into unitig 16.
createUnitigs()-- piece   0 -> tig 16 from contig 54 0-694


splitTig()-- processing tig 59
createUnitigs()-- contig 59 copied into unitig 17.
createUnitigs()-- piece   0 -> tig 17 from contig 59 0-756


splitTig()-- processing tig 72
createUnitigs()-- contig 72 copied into unitig 18.
createUnitigs()-- piece   0 -> tig 18 from contig 72 0-2914


splitTig()-- processing tig 77
createUnitigs()-- contig 77 copied into unitig 19.
createUnitigs()-- piece   0 -> tig 19 from contig 77 0-2085


splitTig()-- processing tig 88
createUnitigs()-- contig 88 copied into unitig 20.
createUnitigs()-- piece   0 -> tig 20 from contig 88 0-771


splitTig()-- processing tig 91
createUnitigs()-- contig 91 copied into unitig 21.
createUnitigs()-- piece   0 -> tig 21 from contig 91 0-788


splitTig()-- processing tig 92
createUnitigs()-- contig 92 copied into unitig 22.
createUnitigs()-- piece   0 -> tig 22 from contig 92 0-596


splitTig()-- processing tig 95
createUnitigs()-- contig 95 copied into unitig 23.
createUnitigs()-- piece   0 -> tig 23 from contig 95 0-2623


splitTig()-- processing tig 114
createUnitigs()-- contig 114 copied into unitig 24.
createUnitigs()-- piece   0 -> tig 24 from contig 114 0-2700


splitTig()-- processing tig 116
createUnitigs()-- contig 116 copied into unitig 25.
createUnitigs()-- piece   0 -> tig 25 from contig 116 0-7837


splitTig()-- processing tig 119
createUnitigs()-- contig 119 copied into unitig 26.
createUnitigs()-- piece   0 -> tig 26 from contig 119 0-2083


splitTig()-- processing tig 123
createUnitigs()-- contig 123 copied into unitig 27.
createUnitigs()-- piece   0 -> tig 27 from contig 123 0-19299


splitTig()-- processing tig 127
createUnitigs()-- contig 127 copied into unitig 28.
createUnitigs()-- piece   0 -> tig 28 from contig 127 0-1441


splitTig()-- processing tig 142
createUnitigs()-- contig 142 copied into unitig 29.
createUnitigs()-- piece   0 -> tig 29 from contig 142 0-174


splitTig()-- processing tig 143
createUnitigs()-- contig 143 copied into unitig 30.
createUnitigs()-- piece   0 -> tig 30 from contig 143 0-1264


splitTig()-- processing tig 148
createUnitigs()-- contig 148 copied into unitig 31.
createUnitigs()-- piece   0 -> tig 31 from contig 148 0-3889


splitTig()-- processing tig 153
createUnitigs()-- contig 153 copied into unitig 32.
createUnitigs()-- piece   0 -> tig 32 from contig 153 0-26136


splitTig()-- processing tig 179
createUnitigs()-- contig 179 copied into unitig 33.
createUnitigs()-- piece   0 -> tig 33 from contig 179 0-472


splitTig()-- processing tig 182
createUnitigs()-- contig 182 copied into unitig 34.
createUnitigs()-- piece   0 -> tig 34 from contig 182 0-2102


splitTig()-- processing tig 191
createUnitigs()-- contig 191 copied into unitig 35.
createUnitigs()-- piece   0 -> tig 35 from contig 191 0-1286


splitTig()-- processing tig 193
createUnitigs()-- contig 193 copied into unitig 36.
createUnitigs()-- piece   0 -> tig 36 from contig 193 0-2824


splitTig()-- processing tig 197
createUnitigs()-- contig 197 copied into unitig 37.
createUnitigs()-- piece   0 -> tig 37 from contig 197 0-1497


splitTig()-- processing tig 201
createUnitigs()-- contig 201 copied into unitig 38.
createUnitigs()-- piece   0 -> tig 38 from contig 201 0-5972


splitTig()-- processing tig 203
createUnitigs()-- contig 203 copied into unitig 39.
createUnitigs()-- piece   0 -> tig 39 from contig 203 0-689


splitTig()-- processing tig 217
createUnitigs()-- contig 217 copied into unitig 40.
createUnitigs()-- piece   0 -> tig 40 from contig 217 0-4265


splitTig()-- processing tig 221
createUnitigs()-- contig 221 copied into unitig 41.
createUnitigs()-- piece   0 -> tig 41 from contig 221 0-3011


splitTig()-- processing tig 224
createUnitigs()-- contig 224 copied into unitig 42.
createUnitigs()-- piece   0 -> tig 42 from contig 224 0-13273


splitTig()-- processing tig 241
createUnitigs()-- contig 241 copied into unitig 43.
createUnitigs()-- piece   0 -> tig 43 from contig 241 0-2487


splitTig()-- processing tig 243
createUnitigs()-- contig 243 copied into unitig 44.
createUnitigs()-- piece   0 -> tig 44 from contig 243 0-12963


splitTig()-- processing tig 245
createUnitigs()-- contig 245 copied into unitig 45.
createUnitigs()-- piece   0 -> tig 45 from contig 245 0-6967


splitTig()-- processing tig 246
createUnitigs()-- contig 246 copied into unitig 46.
createUnitigs()-- piece   0 -> tig 46 from contig 246 0-1210


splitTig()-- processing tig 251
createUnitigs()-- contig 251 copied into unitig 47.
createUnitigs()-- piece   0 -> tig 47 from contig 251 0-1072


splitTig()-- processing tig 1188
createUnitigs()-- contig 1188 copied into unitig 48.
createUnitigs()-- piece   0 -> tig 48 from contig 1188 0-12258

createUnitigs()-- contig 1189 found 1 breakpoint

splitTig()-- processing tig 1189

splitTig()-- processing tig 1189
splitTig()-- piece  0 from        0 t to     1813 t
splitTig()-- piece  1 from     1813 t to    12348 f
splitTig()-- new tig 49 (id=0) at read 893 0-8464
splitTig()-- Move read      893        0-8464     to piece  0 tig     49
splitTig()-- Move read     1136      214-10848    to piece  0 tig     49
splitTig()-- new tig 50 (id=1) at read 3520 1813-12348
splitTig()-- Move read     3520    12348-1813     to piece  1 tig     50
splitTig()-- Move read     1413     2817-4629     to piece  1 tig     50
splitTig()-- Move read     1324     7962-11154    to piece  1 tig     50
splitTig()-- Move read     1234    11459-8680     to piece  1 tig     50
splitTig()-- Move read      396     9330-9407     to piece  1 tig     50
splitTig()-- Move read     1584     9330-9406     to piece  1 tig     50
splitTig()-- Move read      439     9330-9403     to piece  1 tig     50
splitTig()-- Move read     1427     9331-12347    to piece  1 tig     50
splitTig()-- Move read     2893     9331-9409     to piece  1 tig     50
splitTig()-- Move read      532     9332-9407     to piece  1 tig     50
splitTig()-- Move read     1266     9332-9405     to piece  1 tig     50
splitTig()-- Move read     3054     9333-9410     to piece  1 tig     50
splitTig()-- Move read     1215     9334-9408     to piece  1 tig     50
splitTig()-- Move read      378     9336-9415     to piece  1 tig     50
splitTig()-- Move read     1544     9336-9407     to piece  1 tig     50
splitTig()-- Move read     1138    10982-10212    to piece  1 tig     50
createUnitigs()-- contig 1189 was split into 2 unitigs, 49 through 50.
createUnitigs()-- piece   0 -> tig 49 from contig 1189 0-10848
createUnitigs()-- piece   1 -> tig 50 from contig 1189 1813-12348
unitig 1 with 5 reads, 1 backbone and 4 unplaced.
unitig 2 with 150 reads, 3 backbone and 147 unplaced.
WARNING: unitig 2 first read     1159     14816-        0 is not backbone, removing.
WARNING: unitig 2 first read      941       729-     2843 is not backbone, removing.
WARNING: unitig 2 first read      505      4745-      732 is not backbone, removing.
WARNING: unitig 2 first read      538      1052-     2579 is not backbone, removing.
WARNING: unitig 2 first read      699      4944-     1646 is not backbone, removing.
WARNING: unitig 2 first read     1221      1784-     7487 is not backbone, removing.
WARNING: unitig 2 first read      967      2195-    11423 is not backbone, removing.
WARNING: unitig 2 first read      906      2309-     4311 is not backbone, removing.
WARNING: unitig 2 first read      560      2778-     2532 is not backbone, removing.
WARNING: unitig 2 first read      730      8125-     3155 is not backbone, removing.
WARNING: unitig 2 first read      822      3219-    13185 is not backbone, removing.
WARNING: unitig 2 first read      761      3743-     4801 is not backbone, removing.
WARNING: unitig 2 first read     1567      5616-     3786 is not backbone, removing.
WARNING: unitig 2 first read      504      8760-     4070 is not backbone, removing.
WARNING: unitig 2 first read      498      4411-     5295 is not backbone, removing.
WARNING: unitig 2 first read     1121      4592-     7084 is not backbone, removing.
WARNING: unitig 2 first read      988     10203-     5010 is not backbone, removing.
WARNING: unitig 2 first read      668     11496-     5288 is not backbone, removing.
WARNING: unitig 2 first read      741      5940-     9071 is not backbone, removing.
WARNING: unitig 2 first read      673     12365-     5972 is not backbone, removing.
WARNING: unitig 2 first read      774      6599-     9551 is not backbone, removing.
WARNING: unitig 2 first read      931     10031-     6999 is not backbone, removing.
WARNING: unitig 2 first read      748      7036-    10491 is not backbone, removing.
WARNING: unitig 2 first read     1431      7051-    11242 is not backbone, removing.
WARNING: unitig 2 first read     1453      7530-    11032 is not backbone, removing.
WARNING: unitig 2 first read     1228      9000-     7630 is not backbone, removing.
unitig 3 with 1 reads, 1 backbone and 0 unplaced.
unitig 4 with 21 reads, 4 backbone and 17 unplaced.
unitig 5 with 8 reads, 3 backbone and 5 unplaced.
unitig 6 with 10 reads, 3 backbone and 7 unplaced.
unitig 7 with 15 reads, 3 backbone and 12 unplaced.
unitig 8 with 5 reads, 2 backbone and 3 unplaced.
WARNING: unitig 8 last  read     1371         0-     3577 is not backbone, removing.
unitig 9 with 8 reads, 2 backbone and 6 unplaced.
unitig 10 with 5 reads, 2 backbone and 3 unplaced.
WARNING: unitig 10 last  read      991      3986-        0 is not backbone, removing.
unitig 11 with 13 reads, 2 backbone and 11 unplaced.
WARNING: unitig 11 first read     3285     32011-        0 is not backbone, removing.
WARNING: unitig 11 last  read     1931         0-     6758 is not backbone, removing.
unitig 12 with 11 reads, 2 backbone and 9 unplaced.
unitig 13 with 4 reads, 1 backbone and 3 unplaced.
unitig 14 with 9 reads, 1 backbone and 8 unplaced.
unitig 15 with 12 reads, 1 backbone and 11 unplaced.
WARNING: unitig 15 first read     1291      7415-        0 is not backbone, removing.
WARNING: unitig 15 last  read      135         0-     1696 is not backbone, removing.
unitig 16 with 3 reads, 1 backbone and 2 unplaced.
unitig 17 with 3 reads, 1 backbone and 2 unplaced.
unitig 18 with 5 reads, 1 backbone and 4 unplaced.
unitig 19 with 3 reads, 1 backbone and 2 unplaced.
WARNING: unitig 19 last  read     2110      2050-        0 is not backbone, removing.
unitig 20 with 3 reads, 1 backbone and 2 unplaced.
unitig 21 with 3 reads, 1 backbone and 2 unplaced.
unitig 22 with 3 reads, 1 backbone and 2 unplaced.
unitig 23 with 4 reads, 1 backbone and 3 unplaced.
unitig 24 with 4 reads, 1 backbone and 3 unplaced.
WARNING: unitig 24 first read     1910      2697-        0 is not backbone, removing.
unitig 25 with 8 reads, 1 backbone and 7 unplaced.
WARNING: unitig 25 last  read     1373         0-     1508 is not backbone, removing.
unitig 26 with 4 reads, 1 backbone and 3 unplaced.
WARNING: unitig 26 first read     1290         0-     2075 is not backbone, removing.
WARNING: unitig 26 last  read     1463      1353-        0 is not backbone, removing.
unitig 27 with 14 reads, 1 backbone and 13 unplaced.
WARNING: unitig 27 first read      994         0-    14178 is not backbone, removing.
WARNING: unitig 27 first read      123         5-     2832 is not backbone, removing.
unitig 28 with 3 reads, 1 backbone and 2 unplaced.
unitig 29 with 3 reads, 1 backbone and 2 unplaced.
unitig 30 with 4 reads, 1 backbone and 3 unplaced.
WARNING: unitig 30 first read     1946         0-      270 is not backbone, removing.
WARNING: unitig 30 last  read      499         0-      741 is not backbone, removing.
unitig 31 with 6 reads, 1 backbone and 5 unplaced.
unitig 32 with 15 reads, 1 backbone and 14 unplaced.
WARNING: unitig 32 first read      802      1661-        0 is not backbone, removing.
WARNING: unitig 32 last  read      178     24989-        0 is not backbone, removing.
WARNING: unitig 32 last  read      841      5169-       23 is not backbone, removing.
unitig 33 with 3 reads, 1 backbone and 2 unplaced.
unitig 34 with 3 reads, 1 backbone and 2 unplaced.
unitig 35 with 5 reads, 1 backbone and 4 unplaced.
WARNING: unitig 35 last  read      907      1244-        0 is not backbone, removing.
unitig 36 with 5 reads, 1 backbone and 4 unplaced.
WARNING: unitig 36 first read       54      2809-        0 is not backbone, removing.
WARNING: unitig 36 last  read     1164       728-        0 is not backbone, removing.
unitig 37 with 3 reads, 1 backbone and 2 unplaced.
unitig 38 with 4 reads, 1 backbone and 3 unplaced.
WARNING: unitig 38 last  read       78         0-     5775 is not backbone, removing.
unitig 39 with 3 reads, 1 backbone and 2 unplaced.
unitig 40 with 4 reads, 1 backbone and 3 unplaced.
WARNING: unitig 40 first read      144         0-     3608 is not backbone, removing.
WARNING: unitig 40 last  read     1377         0-     3568 is not backbone, removing.
unitig 41 with 5 reads, 1 backbone and 4 unplaced.
unitig 42 with 11 reads, 1 backbone and 10 unplaced.
WARNING: unitig 42 last  read      279         0-     9790 is not backbone, removing.
unitig 43 with 4 reads, 1 backbone and 3 unplaced.
unitig 44 with 14 reads, 1 backbone and 13 unplaced.
WARNING: unitig 44 last  read      880         0-     7681 is not backbone, removing.
unitig 45 with 7 reads, 1 backbone and 6 unplaced.
unitig 46 with 4 reads, 1 backbone and 3 unplaced.
WARNING: unitig 46 last  read     2292      1188-        0 is not backbone, removing.
unitig 47 with 3 reads, 1 backbone and 2 unplaced.
WARNING: unitig 47 last  read     1274      1059-        0 is not backbone, removing.
unitig 48 with 1 reads, 1 backbone and 0 unplaced.
unitig 50 with 16 reads, 2 backbone and 14 unplaced.

----------------------------------------
Generating graph
