
==> PARAMETERS.

Resources:
  Memory                4 GB
  Compute Threads       2 (command line)

Lengths:
  Minimum read          0 bases
  Minimum overlap       50 bases

Overlap Error Rates:
  Graph                 0.120 (12.000%)
  Max                   0.120 (12.000%)

Deviations:
  Graph                 6.000
  Bubble                6.000
  Repeat                3.000

Edge Confusion:
  Absolute              2100
  Percent               200.0000

Unitig Construction:
  Minimum intersection  500 bases
  Maxiumum placements   2 positions

Debugging Enabled:
  (none)

==> LOADING AND FILTERING OVERLAPS.

ReadInfo()-- Using 3604 reads, no minimum read length used.

OverlapCache()-- limited to 4096MB memory (user supplied).

OverlapCache()--       0MB for read data.
OverlapCache()--       0MB for best edges.
OverlapCache()--       0MB for tigs.
OverlapCache()--       0MB for tigs - read layouts.
OverlapCache()--       0MB for tigs - error profiles.
OverlapCache()--    1024MB for tigs - error profile overlaps.
OverlapCache()--     424MB for other processes.
OverlapCache()-- ---------
OverlapCache()--    1449MB for data structures (sum of above).
OverlapCache()-- ---------
OverlapCache()--       0MB for overlap store structure.
OverlapCache()--    2646MB for overlap data.
OverlapCache()-- ---------
OverlapCache()--    4096MB allowed.
OverlapCache()--
OverlapCache()-- Retain at least 3 overlaps/read, based on 1.94x coverage.
OverlapCache()-- Initial guess at 48128 overlaps/read.
OverlapCache()--
OverlapCache()-- Adjusting for sparse overlaps.
OverlapCache()--
OverlapCache()--               reads loading olaps          olaps               memory
OverlapCache()--   olaps/read       all      some          loaded                 free
OverlapCache()--   ----------   -------   -------     ----------- -------     --------
OverlapCache()--        48128      3604         0           36494 100.00%       2646 MB
OverlapCache()--
OverlapCache()-- Loading overlaps.
OverlapCache()--
OverlapCache()--          read from store           saved in cache
OverlapCache()--   ------------ ---------   ------------ ---------
OverlapCache()--   ------------ ---------   ------------ ---------
OverlapCache()--          36494 (100.00%)          35402 (097.01%)
OverlapCache()--
OverlapCache()-- Ignored 0 duplicate overlaps.
OverlapCache()--
OverlapCache()-- Symmetrizing overlaps.
OverlapCache()--   Finding missing twins.
OverlapCache()--   Found 0 missing twins in 35402 overlaps, 0 are strong.
OverlapCache()--   Dropping weak non-twin overlaps; allocated 0 MB scratch space.
OverlapCache()--   Dropped 0 overlaps; scratch space released.
OverlapCache()--   Adding 0 missing twin overlaps.
OverlapCache()--   Finished.

BestOverlapGraph()-- allocating best edges (0MB)

BestOverlapGraph()-- finding initial best edges.

BestOverlapGraph()-- filtering suspicious reads.
BestOverlapGraph()-- marked 2223 reads as suspicious.

BestOverlapGraph()-- filtering high error edges.

BestOverlapGraph()-- filtering reads with lopsided best edges.

BestOverlapGraph()-- filtering spur reads.
BestOverlapGraph()-- detected 119 spur reads and 2370 singleton reads.
BestOverlapGraph()-- detected 120 zombie reads.

BestOverlapGraph()-- removing best edges for contained reads.

==> BUILDING GREEDY TIGS.

breakSingletonTigs()-- Removed 169 singleton tigs; reads are now unplaced.
optimizePositions()-- Optimizing read positions for 3605 reads in 266 tigs, with 2 threads.
optimizePositions()--   Allocating scratch space for 3605 reads (225 KB).
optimizePositions()--   Initializing positions with 2 threads.
optimizePositions()--   Recomputing positions, iteration 1, with 2 threads.
optimizePositions()--     Reset zero.
optimizePositions()--     Checking convergence.
optimizePositions()--     converged:   1494 reads
optimizePositions()--     changed:     2111 reads
optimizePositions()--   Recomputing positions, iteration 2, with 2 threads.
optimizePositions()--     Reset zero.
optimizePositions()--     Checking convergence.
optimizePositions()--     converged:   1505 reads
optimizePositions()--     changed:     2100 reads
optimizePositions()--   Recomputing positions, iteration 3, with 2 threads.
optimizePositions()--     Reset zero.
optimizePositions()--     Checking convergence.
optimizePositions()--     converged:   1505 reads
optimizePositions()--     changed:     2100 reads
optimizePositions()--   Recomputing positions, iteration 4, with 2 threads.
optimizePositions()--     Reset zero.
optimizePositions()--     Checking convergence.
optimizePositions()--     converged:   1506 reads
optimizePositions()--     changed:     2099 reads
optimizePositions()--   Recomputing positions, iteration 5, with 2 threads.
optimizePositions()--     Reset zero.
optimizePositions()--     Checking convergence.
optimizePositions()--     converged:   1506 reads
optimizePositions()--     changed:     2099 reads
optimizePositions()--   Expanding short reads with 2 threads.
optimizePositions()--   Updating positions.
optimizePositions()--   Finished.

==> PLACE CONTAINED READS.

computeErrorProfiles()-- Computing error profiles for 266 tigs, with 2 threads.
computeErrorProfiles()-- Finished.

placeContains()-- placing 1073 contained and 2401 unplaced reads, with 2 threads.
placeContains()-- Placed 473 contained reads and 0 unplaced reads.
placeContains()-- Failed to place 600 contained reads (too high error suspected) and 2401 unplaced reads (lack of overlaps suspected).
optimizePositions()-- Optimizing read positions for 3605 reads in 266 tigs, with 2 threads.
optimizePositions()--   Allocating scratch space for 3605 reads (225 KB).
optimizePositions()--   Initializing positions with 2 threads.
optimizePositions()--   Recomputing positions, iteration 1, with 2 threads.
optimizePositions()--     Reset zero.
optimizePositions()--     Checking convergence.
optimizePositions()--     converged:   1042 reads
optimizePositions()--     changed:     2563 reads
optimizePositions()--   Recomputing positions, iteration 2, with 2 threads.
optimizePositions()--     Reset zero.
optimizePositions()--     Checking convergence.
optimizePositions()--     converged:   1216 reads
optimizePositions()--     changed:     2389 reads
optimizePositions()--   Recomputing positions, iteration 3, with 2 threads.
optimizePositions()--     Reset zero.
optimizePositions()--     Checking convergence.
optimizePositions()--     converged:   1363 reads
optimizePositions()--     changed:     2242 reads
optimizePositions()--   Recomputing positions, iteration 4, with 2 threads.
optimizePositions()--     Reset zero.
optimizePositions()--     Checking convergence.
optimizePositions()--     converged:   1413 reads
optimizePositions()--     changed:     2192 reads
optimizePositions()--   Recomputing positions, iteration 5, with 2 threads.
optimizePositions()--     Reset zero.
optimizePositions()--     Checking convergence.
optimizePositions()--     converged:   1436 reads
optimizePositions()--     changed:     2169 reads
optimizePositions()--   Expanding short reads with 2 threads.
optimizePositions()--   Updating positions.
optimizePositions()--   Finished.

==> MERGE ORPHANS.

computeErrorProfiles()-- Computing error profiles for 266 tigs, with 2 threads.
computeErrorProfiles()-- Finished.

findPotentialOrphans()-- working on 266 tigs.
mergeOrphans()-- Found 1 potential orphans.
mergeOrphans()-- placed        0 unique orphan tigs
mergeOrphans()-- shattered     0 repeat orphan tigs
mergeOrphans()--
classifyAsUnassembled()--      0 tigs           0 bases -- singleton
classifyAsUnassembled()--      0 tigs           0 bases -- too few reads        (< 2 reads)
classifyAsUnassembled()--      0 tigs           0 bases -- too short            (< 0 bp)
classifyAsUnassembled()--      0 tigs           0 bases -- single spanning read (> 1.000000 tig length)
classifyAsUnassembled()--     50 tigs      170432 bases -- low coverage         (> 0.500000 tig length at < 3 coverage)
classifyAsUnassembled()--     46 tigs      341566 bases -- acceptable contigs


==> GENERATING ASSEMBLY GRAPH.

computeErrorProfiles()-- Computing error profiles for 266 tigs, with 2 threads.
computeErrorProfiles()-- Finished.

AssemblyGraph()-- allocating vectors for placements, 0.165MB
AssemblyGraph()-- finding edges for 603 reads (473 contained), ignoring 3001 unplaced reads, with 2 threads.
AssemblyGraph()-- building reverse edges.
AssemblyGraph()-- build complete.
AssemblyGraph()-- generating './sample.initial.assembly.gfa'.
AssemblyGraph()-- Found 0 edges to unassembled contigs.
AssemblyGraph()--        0 bubble placements
AssemblyGraph()--        0 repeat placements

AssemblyGraph()-- Intratig edges:            0 contained         0 5'         0 3' (in both contig and unitig)
AssemblyGraph()-- Contig only edges:       258 contained       214 5'       209 3'
AssemblyGraph()-- Unitig only edges:         0 contained         0 5'         0 3'
AssemblyGraph()-- Intercontig edges:       187 contained        53 5'        63 3' (in neither contig nor unitig)

==> BREAK REPEATS.

computeErrorProfiles()-- Computing error profiles for 266 tigs, with 2 threads.
computeErrorProfiles()-- Finished.
markRepeatReads()-- Found 0 confused edges.

==> CLEANUP MISTAKES.

splitDiscontinuous()-- Tested 96 tigs, split none.
promoteToSingleton()-- Moved 922 unplaced reads to singleton tigs.
dropDead()-- Modified 1 tigs.  Dropped 1 first and 0 last reads, 0 tigs had both reads dropped.
splitDiscontinuous()-- Tested 96 tigs, split none.
promoteToSingleton()-- Moved 0 unplaced reads to singleton tigs.

==> CLEANUP GRAPH.

AssemblyGraph()-- rebuilding
AssemblyGraph()-- building reverse edges.
AssemblyGraph()-- rebuild complete.
AssemblyGraph()-- filtering edges
AssemblyGraph()-- 516 contig edges and 0 unitig edges.
AssemblyGraph()-- 0 bubble edges and 0 repeat edges.
AssemblyGraph()-- 262 middle contig edges filtered from 85 reads.
AssemblyGraph()-- 0 repeat end edges filtered from 0 reads.
AssemblyGraph()-- 262 repeat edges (not output).
AssemblyGraph()-- 6 bubble edges.
AssemblyGraph()-- 6 intersecting edges (from the end of a tig to somewhere else).

==> GENERATE OUTPUTS.

AssemblyGraph()-- generating './sample.final.assembly.gfa'.
AssemblyGraph()-- Found 0 edges to unassembled contigs.
AssemblyGraph()--        0 bubble placements
AssemblyGraph()--        0 repeat placements

AssemblyGraph()-- Intratig edges:            0 contained         0 5'         0 3' (in both contig and unitig)
AssemblyGraph()-- Contig only edges:       285 contained       213 5'       208 3'
AssemblyGraph()-- Unitig only edges:         0 contained         0 5'         0 3'
AssemblyGraph()-- Intercontig edges:         0 contained         4 5'         2 3' (in neither contig nor unitig)
AssemblyGraph()-- generating './sample.contigs.gfa'.

==> GENERATE UNITIGS.

computeErrorProfiles()-- Computing error profiles for 1190 tigs, with 2 threads.
computeErrorProfiles()-- Finished.
splitDiscontinuous()-- Tested 48 tigs, split none.
AssemblyGraph()-- generating './sample.unitigs.gfa'.

Bye.
