
Found perl:
   /usr/bin/perl
   This is perl 5, version 22, subversion 1 (v5.22.1) built for x86_64-linux-gnu-thread-multi

Found java:
   /usr/bin/java
   openjdk version "1.8.0_181"

Found canu:
   /home/jovyan/software/canu/Linux-amd64/bin/canu
   Canu snapshot v1.8 +43 changes (r9253 ceda4d6ec5d7a3c9e261908314dcfa80562e6e9a)

Running job 1 based on command line options.

Counting 3987  thousand canonical 22-mers from 1 input file:
    canu-seqStore: ../../sample.seqStore


SIMPLE MODE
-----------

  Disabled for mers larger than 20.


COMPLEX MODE
------------

prefix     # of   struct   kmers/    segs/     data    total
  bits   prefix   memory   prefix   prefix   memory   memory
------  -------  -------  -------  -------  -------  -------
     1     2  P  2912  B  1993 kM   168  S    21 MB    21 MB
     2     4  P  3072  B   996 kM    82  S    20 MB    20 MB
     3     8  P  3456  B   498 kM    40  S    20 MB    20 MB
     4    16  P  4352  B   249 kM    20  S    20 MB    20 MB
     5    32  P  6144  B   124 kM    10  S    20 MB    20 MB
     6    64  P  9728  B    62 kM     5  S    20 MB    20 MB
     7   128  P    17 kB    31 kM     3  S    24 MB    24 MB
     8   256  P    32 kB    15 kM     2  S    32 MB    32 MB
     9   512  P    60 kB  7976  M     1  S    32 MB    32 MB
    10  1024  P   120 kB  3988  M     1  S    64 MB    64 MB  Best Value!
    11  2048  P   240 kB  1994  M     1  S   128 MB   128 MB
    12  4096  P   480 kB   997  M     1  S   256 MB   256 MB
    13  8192  P   960 kB   499  M     1  S   512 MB   512 MB
    14    16 kP  1920 kB   250  M     1  S  1024 MB  1025 MB
    15    32 kP  3840 kB   125  M     1  S  2048 MB  2051 MB


FINAL CONFIGURATION
-------------------

Configured complex mode for 0.063 GB memory per batch, and up to 1 batch.

kmerCountFileWriter()-- Creating './sample.01.meryl.WORKING' for 22-mers, with prefixSize 10 suffixSize 34 numFiles 64
Loading kmers from '../../sample.seqStore' into buckets.
Used 0.279 GB out of 2.000 GB to store           57 kmers.

Writing results to './sample.01.meryl.WORKING', using 2 threads.
finishIteration()--

Finished counting.
Bye.
