
Found perl:
   /usr/bin/perl
   This is perl 5, version 22, subversion 1 (v5.22.1) built for x86_64-linux-gnu-thread-multi

Found java:
   /usr/bin/java
   openjdk version "1.8.0_181"

Found canu:
   /home/jovyan/software/canu/Linux-amd64/bin/canu
   Canu snapshot v1.8 +43 changes (r9253 ceda4d6ec5d7a3c9e261908314dcfa80562e6e9a)

Running job 1 based on command line options.

Attempting to increase maximum allowed processes and open files.
./scripts/2-sort.sh: 1: ulimit: Illegal option -u
./scripts/2-sort.sh: 1: ulimit: Illegal option -u
./scripts/2-sort.sh: 70: ulimit: Illegal option -u
./scripts/2-sort.sh: 1: ulimit: Illegal option -u
  Changed max processes per user from  to  (max ).
  Max open files limited to 1048576, no increase possible.


Finding overlaps.
  found     339675 overlaps in './sample.ovlStore.BUILDING/bucket0001/sliceSizes'.

Loading     339675 overlaps using 0.01 GB of allowed (-M) 1 GB memory.
  loading     339675 overlaps from './sample.ovlStore.BUILDING/bucket0001/slice0001'.

Sorting.

Writing sorted overlaps.
  created './sample.ovlStore.BUILDING/0001' with 339675 overlaps for reads 1 to 3571.
Success!
