
Found perl:
   /usr/bin/perl
   This is perl 5, version 22, subversion 1 (v5.22.1) built for x86_64-linux-gnu-thread-multi

Found java:
   /usr/bin/java
   openjdk version "1.8.0_181"

Found canu:
   /home/jovyan/software/canu/Linux-amd64/bin/canu
   Canu snapshot v1.8 +43 changes (r9253 ceda4d6ec5d7a3c9e261908314dcfa80562e6e9a)

Running job 2 based on command line options.
-- Opening seqStore '../sample.utgStore/partitionedReads.seqStore' partition 1.
-- Opening tigStore '../sample.utgStore' version 1.
-- Opening output results file './utgcns/0001.cns.WORKING'.
--
-- Computing consensus for b=0 to e=50 with errorRate 0.2000 (max 0.4000) and minimum overlap 40
--
                           ----------CONTAINED READS----------  -DOVETAIL  READS-
  tigID    length   reads      used coverage  ignored coverage      used coverage
------- --------- -------  -------- -------- -------- --------  -------- --------
      1     21572       5         4    0.35x        0    0.00x         1    1.00x
      2     51944     124       121   18.12x        0    0.00x         3    1.87x
      4     16455      21        17    1.35x        0    0.00x         4    1.96x
      5     10885       8         6    1.38x        0    0.00x         2    1.74x
      6     18353      10         7    1.67x        0    0.00x         3    1.88x
      7       373      15        12    3.27x        0    0.00x         3    1.99x
      8      7377       4         2    0.74x        0    0.00x         2    1.89x
      9     11566       8         7    1.77x        0    0.00x         1    1.00x
     10      8027       4         2    0.99x        0    0.00x         2    1.71x
     11     34848      11         9    0.86x        0    0.00x         2    1.28x
     12       121      11         9    4.65x        0    0.00x         2    1.76x
     13      1468       4         3    2.43x        0    0.00x         1    1.00x
     14      7572       9         8    3.55x        0    0.00x         1    1.00x
     15     12521      10         9    2.60x        0    0.00x         1    1.00x
     16       694       3         2    1.76x        0    0.00x         1    1.00x
     17       756       3         2    1.93x        0    0.00x         1    1.00x
     18      2914       5         4    2.45x        0    0.00x         1    1.00x
     19      2082       2         1    0.63x        0    0.00x         1    1.00x
     20       771       3         2    1.95x        0    0.00x         1    1.00x
     21       788       3         2    1.85x        0    0.00x         1    1.00x
     22       596       3         2    1.98x        0    0.00x         1    1.00x
     23      2623       4         3    2.20x        0    0.00x         1    1.00x
     24      2698       3         2    1.06x        0    0.00x         1    1.00x
     25      7831       7         6    2.19x        0    0.00x         1    1.00x
     26      2075       2         1    0.56x        0    0.00x         1    1.00x
     27     19289      12        11    3.25x        0    0.00x         1    1.00x
     28      1441       3         2    1.87x        0    0.00x         1    1.00x
     29       174       3         2    1.55x        0    0.00x         1    1.00x
     30      1260       2         1    0.91x        0    0.00x         1    1.00x
     31      3889       6         5    1.74x        0    0.00x         1    1.00x
     32     26068      12        11    0.87x        0    0.00x         1    1.00x
     33       472       3         2    1.69x        0    0.00x         1    1.00x
     34      2102       3         2    1.30x        0    0.00x         1    1.00x
     35      1283       4         3    1.78x        0    0.00x         1    1.00x
     36      2818       3         2    0.55x        0    0.00x         1    1.00x
     37      1497       3         2    1.83x        0    0.00x         1    1.00x
     38      5967       3         2    1.04x        0    0.00x         1    1.00x
     39       689       3         2    1.84x        0    0.00x         1    1.00x
     40      4256       2         1    0.60x        0    0.00x         1    1.00x
     41      3011       5         4    2.32x        0    0.00x         1    1.00x
     42     13269      10         9    3.21x        0    0.00x         1    1.00x
     43      2487       4         3    2.01x        0    0.00x         1    1.00x
     44     12922      13        12    2.53x        0    0.00x         1    1.00x
     45      6967       7         6    2.24x        0    0.00x         1    1.00x
     46      1204       3         2    1.17x        0    0.00x         1    1.00x
     47      1070       2         1    0.78x        0    0.00x         1    1.00x
     49     10848       2         0    0.00x        0    0.00x         2    1.Consensus finished successfully.

Bye.
76x
     50     10535      16        15    1.17x        0    0.00x         1    1.00x

Processed 48 tigs and 2 singletons.

