
Found perl:
   /usr/bin/perl
   This is perl 5, version 22, subversion 1 (v5.22.1) built for x86_64-linux-gnu-thread-multi

Found java:
   /usr/bin/java
   openjdk version "1.8.0_181"

Found canu:
   /home/jovyan/software/canu/Linux-amd64/bin/canu
   Canu snapshot v1.8 +43 changes (r9253 ceda4d6ec5d7a3c9e261908314dcfa80562e6e9a)

Running job 1 based on command line options.
-- Opening seqStore '../sample.ctgStore/partitionedReads.seqStore' partition 1.
-- Opening tigStore '../sample.ctgStore' version 1.
-- Opening output results file './ctgcns/0001.cns.WORKING'.
--
-- Computing consensus for b=0 to e=1189 with errorRate 0.2000 (max 0.4000) and minimum overlap 40
--
                           ----------CONTAINED READS----------  -DOVETAIL  READS-
  tigID    length   reads      used coverage  ignored coverage      used coverage
------- --------- -------  -------- -------- -------- --------  -------- --------
      1     62882     156       151   16.81x        0    0.00x         5    2.19x
      3     16455      21        17    1.35x        0    0.00x         4    1.96x
      5     32580      10         7    0.82x        0    0.00x         3    1.77x
      7      7664       4         1    0.29x        0    0.00x         3    1.97x
      8     10885       8         6    1.38x        0    0.00x         2    1.74x
      9     18353      10         7    1.67x        0    0.00x         3    1.88x
     15       373      15        12    3.27x        0    0.00x         3    1.99x
     18      7379       5         2    0.74x        0    0.00x         3    2.37x
     19      2700       2         0    0.00x        0    0.00x         2    1.38x
     20      6739       3         1    0.43x        0    0.00x         2    1.60x
     21      5969       2         0    0.00x        0    0.00x         2    1.94x
     22      3227       3         1    0.06x        0    0.00x         2    1.47x
     24     15160       4         2    0.20x        0    0.00x         2    1.32x
     25     14885       4         2    0.39x        0    0.00x         2    1.71x
     26     11566       8         7    1.77x        0    0.00x         1    1.00x
     27      2419       5         2    0.06x        0    0.00x         3    1.07x
     28      8030       5         2    0.99x        0    0.00x         3    2.21x
     33     34984      13         9    0.86x        0    0.00x         4    2.38x
     37      1551       2         0    0.00x        0    0.00x         2    1.14x
     38       121      11         9    4.65x        0    0.00x         2    1.76x
     40     10025       5         3    0.55x        0    0.00x         2    1.12x
     48       560       2         1    0.98x        0    0.00x         1    1.00x
     49      1468       4         3    2.43x        0    0.00x         1    1.00x
     51       869       2         1    0.87x        0    0.00x         1    1.00x
     52      7572       9         8    3.55x        0    0.00x         1    1.00x
     53     12546      12         9    2.60x        0    0.00x         3    1.72x
     54       694       3         2    1.76x        0    0.00x         1    1.00x
     55       492       2         1    0.99x        0    0.00x         1    1.00x
     59       756       3         2    1.93x        0    0.00x         1    1.00x
     60       670       2         1    0.98x        0    0.00x         1    1.00x
     66       953       2         1    0.95x        0    0.00x         1    1.00x
     67       375       2         1    0.74x        0    0.00x         1    1.00x
     70      1717       3         2    1.07x        0    0.00x         1    1.00x
     72      2914       5         4    2.45x        0    0.00x         1    1.00x
     73      2094       3         2    1.02x        0    0.00x         1    1.00x
     77      2085       3         1    0.63x        0    0.00x         2    1.98x
     78       746       2         1    0.98x        0    0.00x         1    1.00x
     80      2305       2         1    0.81x        0    0.00x         1    1.00x
     85       874       2         1    1.00x        0    0.00x         1    1.00x
     86      1377       3         1    0.44x        0    0.00x         2    1.70x
     87      1312       2         1    0.97x        0    0.00x         1    1.00x
     88       771       3         2    1.95x        0    0.00x         1    1.00x
     90      2842       2         1    0.14x        0    0.00x         1    1.00x
     91       788       3         2    1.85x        0    0.00x         1    1.00x
     92       596       3         2    1.98x        0    0.00x         1    1.00x
     93      1275       2         1    0.67x        0    0.00x         1    1.00x
     94      4578       5         4    1.41x        0    0.00x         1    1.Consensus finished successfully.

Bye.
00x
     95      2623       4         3    2.20x        0    0.00x         1    1.00x
     97       900       2         1    0.90x        0    0.00x         1    1.00x
     98      1486       2         1    0.56x        0    0.00x         1    1.00x
     99      2150       2         1    0.99x        0    0.00x         1    1.00x
    101       683       2         1    0.28x        0    0.00x         1    1.00x
    103      1749       2         0    0.00x        0    0.00x         2    1.94x
    114      2700       4         2    1.06x        0    0.00x         2    2.00x
    116      7837       8         6    2.19x        0    0.00x         2    1.19x
    119      2083       4         1    0.56x        0    0.00x         3    2.64x
    123     19299      14        12    3.40x        0    0.00x         2    1.73x
    127      1441       3         2    1.87x        0    0.00x         1    1.00x
    129      3081       2         1    0.94x        0    0.00x         1    1.00x
    142       174       3         2    1.55x        0    0.00x         1    1.00x
    143      1264       4         1    0.91x        0    0.00x         3    1.80x
    148      3889       6         5    1.74x        0    0.00x         1    1.00x
    150      1500       3         2    1.38x        0    0.00x         1    1.00x
    153     26136      15        12    1.07x        0    0.00x         3    2.02x
    162      1311       3         2    1.26x        0    0.00x         1    1.00x
    165       344       2         1    0.27x        0    0.00x         1    1.00x
    178       487       2         1    0.12x        0    0.00x         1    1.00x
    179       472       3         2    1.69x        0    0.00x         1    1.00x
    182      2102       3         2    1.30x        0    0.00x         1    1.00x
    187      1698       3         1    0.71x        0    0.00x         2    1.61x
    188      2406       2         1    0.50x        0    0.00x         1    1.00x
    191      1286       5         3    1.77x        0    0.00x         2    1.97x
    193      2824       5         2    0.55x        0    0.00x         3    2.25x
    197      1497       3         2    1.83x        0    0.00x         1    1.00x
    201      5972       4         2    1.04x        0    0.00x         2    1.97x
    203       689       3         2    1.84x        0    0.00x         1    1.00x
    205      1176       2         0    0.00x        0    0.00x         2    1.96x
    215        94       2         1    0.60x        0    0.00x         1    1.00x
    217      4265       4         1    0.60x        0    0.00x         3    2.68x
    221      3011       5         4    2.32x        0    0.00x         1    1.00x
    222      5906       4         3    1.55x        0    0.00x         1    1.00x
    224     13273      11         9    3.21x        0    0.00x         2    1.74x
    225       448       2         1    0.76x        0    0.00x         1    1.00x
    227      5776       4         3    1.37x        0    0.00x         1    1.00x
    232      1207       3         2    1.19x        0    0.00x         1    1.00x
    241      2487       4         3    2.01x        0    0.00x         1    1.00x
    243     12963      14        12    2.52x        0    0.00x         2    1.59x
    244      1113       2         0    0.00x        0    0.00x         2    1.79x
    245      6967       7         6    2.24x        0    0.00x         1    1.00x
    246      1210       4         2    1.16x        0    0.00x         2    1.98x
    250      2143       4         2    0.80x        0    0.00x         2    1.25x
    251      1072       3         1    0.78x        0    0.00x         2    1.99x
    254      4663       4         3    1.37x        0    0.00x         1    1.00x
    257      3059       3         2    0.99x        0    0.00x         1    1.00x
    262      1094       2         1    0.81x        0    0.00x         1    1.00x
   1189     12348      18        15    1.00x        0    0.00x         3    2.40x

Processed 96 tigs and 923 singletons.

