2	71	uniq-repeat-cont
3	3516	middle-missing
4	77	contained-repeat
5	10236	no-3-prime
7	1247	uniq-repeat-cont
9	483	contained-repeat
15	1446	contained-repeat
17	560	middle-only
21	782	span-repeat
22	1929	contained-repeat
24	4087	contained-repeat
25	64	contained-repeat
38	2895	contained-repeat
40	1751	contained-repeat
41	426	contained-repeat
43	73	contained-repeat
46	497	unique
47	72	contained-repeat
50	1464	middle-only
54	2804	uniq-repeat-cont
55	78	uniq-repeat-cont
58	56	contained-repeat
59	1385	contained-repeat
60	69	contained-repeat
63	12245	dovetail-repeat
65	72	contained-repeat
66	66	contained-repeat
67	1028	contained-repeat
68	5462	contained-repeat
69	278	contained-repeat
70	63	contained-repeat
71	583	contained-repeat
72	6762	no-3-prime
76	1639	unique
77	859	middle-only
78	5759	uniq-repeat-cont
80	1875	contained-repeat
86	52	contained-repeat
88	521	contained-repeat
89	67	contained-repeat
90	73	contained-repeat
95	929	contained-repeat
96	2022	uniq-repeat-cont
97	7322	uniq-repeat-dove
100	1450	contained-repeat
101	7567	middle-only
109	67	contained-repeat
110	491	uniq-repeat-cont
111	694	contained-repeat
117	223	contained-repeat
121	5534	contained-repeat
122	1052	contained-repeat
123	2828	contained-repeat
125	61	unique
126	62	contained-repeat
128	64	contained-repeat
129	13050	contained-repeat
133	409	uniq-repeat-cont
134	1564	uniq-repeat-cont
135	1696	uniq-repeat-cont
137	1940	contained-repeat
138	1764	contained-repeat
142	70	contained-repeat
144	3601	uniq-repeat-cont
145	2364	contained-repeat
146	104	unique
149	3093	uniq-anchor
154	4634	contained-repeat
156	1213	contained-repeat
157	4501	contained-repeat
158	68	contained-repeat
160	12485	middle-only
161	73	contained-repeat
166	73	contained-repeat
168	1311	uniq-repeat-cont
169	1851	contained-repeat
170	337	uniq-repeat-cont
175	600	contained-repeat
178	24917	uniq-anchor
180	1874	contained-repeat
183	73	contained-repeat
185	5508	contained-repeat
186	1889	uniq-repeat-cont
188	80	unique
192	1127	unique
195	678	contained-repeat
200	9034	contained-repeat
203	259	contained-repeat
204	518	no-5-prime
207	976	contained-repeat
208	14812	contained-repeat
209	688	middle-only
217	2969	span-repeat
218	223	contained-repeat
219	486	middle-only
222	3043	contained-repeat
224	1092	middle-missing
225	2096	contained-repeat
230	76	contained-repeat
233	1055	contained-repeat
234	1669	contained-repeat
237	66	contained-repeat
242	4571	unique
244	69	contained-repeat
245	1185	contained-repeat
249	1076	contained-repeat
253	76	contained-repeat
255	355	contained-repeat
257	867	contained-repeat
258	77	contained-repeat
259	329	contained-repeat
260	160	no-5-prime
263	66	contained-repeat
264	1413	contained-repeat
265	739	contained-repeat
270	78	contained-repeat
276	73	contained-repeat
278	6635	no-3-prime
279	9765	uniq-repeat-cont
280	2200	no-3-prime
281	70	contained-repeat
282	1256	uniq-repeat-cont
284	959	span-repeat
285	477	contained-repeat
286	80	contained-repeat
290	57	no-5-prime
292	71	contained-repeat
298	547	unique
304	756	middle-only
306	479	uniq-repeat-cont
308	72	contained-repeat
309	728	unique
311	862	contained-repeat
312	20720	contained-repeat
321	170	contained-repeat
323	1954	contained-repeat
326	56	contained-repeat
330	1480	contained-repeat
332	1808	uniq-repeat-cont
334	1139	contained-repeat
337	1467	contained-repeat
339	71	contained-repeat
341	827	contained-repeat
342	670	middle-only
343	883	unique
348	469	no-3-prime
352	2714	contained-repeat
354	754	contained-repeat
356	626	middle-missing
358	77	contained-repeat
363	260	contained-repeat
367	1040	contained-repeat
370	311	contained-repeat
373	11177	dovetail-repeat
375	213	contained-repeat
378	77	contained-repeat
382	350	unique
383	193	no-3-prime
385	10437	dovetail-repeat
387	637	unique
388	655	uniq-repeat-cont
390	70	contained-repeat
393	68	contained-repeat
395	849	uniq-repeat-cont
396	76	contained-repeat
398	60	unique
399	539	contained-repeat
400	835	unique
401	58	contained-repeat
402	1444	uniq-repeat-cont
403	7246	uniq-repeat-dove
406	2008	contained-repeat
407	355	uniq-repeat-cont
413	2134	contained-repeat
414	78	contained-repeat
417	2204	no-3-prime
420	111	contained-repeat
421	355	unique
424	2277	contained-repeat
425	1263	uniq-repeat-cont
426	75	contained-repeat
427	2967	uniq-repeat-cont
428	3055	no-3-prime
430	794	contained-repeat
432	1333	contained-repeat
433	50	contained-repeat
436	2883	unique
438	953	middle-only
439	73	contained-repeat
444	60	unique
445	2083	contained-repeat
447	375	middle-only
448	693	span-repeat
449	77	contained-repeat
451	267	contained-repeat
456	655	contained-repeat
458	71	contained-repeat
460	57	contained-repeat
463	849	unique
470	2174	contained-repeat
471	15071	no-5-prime
476	414	contained-repeat
477	1255	contained-repeat
479	59	contained-repeat
480	1234	no-3-prime
481	1360	uniq-repeat-cont
482	3233	span-repeat
484	712	contained-repeat
487	5104	contained-repeat
488	9155	contained-repeat
489	668	uniq-repeat-cont
490	1714	middle-only
491	5459	contained-repeat
492	475	contained-repeat
494	720	contained-repeat
495	1883	contained-repeat
496	1778	contained-repeat
497	1180	no-5-prime
498	881	contained-repeat
499	736	uniq-repeat-cont
500	25111	contained-repeat
501	5181	contained-repeat
502	10279	contained-repeat
503	1204	uniq-repeat-cont
504	4679	contained-repeat
505	3990	contained-repeat
506	2107	uniq-repeat-cont
507	3147	contained-repeat
508	678	contained-repeat
509	1133	uniq-anchor
510	71	contained-repeat
511	10771	contained-repeat
512	489	contained-repeat
513	150	unique
514	76	contained-repeat
515	8460	contained-repeat
516	173	uniq-repeat-cont
517	2087	contained-repeat
518	4661	contained-repeat
519	832	no-3-prime
520	2841	span-repeat
521	6419	dovetail-repeat
522	5222	contained-repeat
523	636	unique
524	8204	contained-repeat
525	2030	contained-repeat
526	1113	contained-repeat
527	1903	contained-repeat
528	86	contained-repeat
530	4030	contained-repeat
531	9559	contained-repeat
532	75	contained-repeat
533	815	contained-repeat
534	2915	middle-only
535	76	contained-repeat
536	2606	contained-repeat
537	79	contained-repeat
538	1526	contained-repeat
539	71	contained-repeat
540	3039	contained-repeat
541	2036	contained-repeat
542	3503	contained-repeat
543	84	uniq-repeat-cont
546	2461	contained-repeat
547	2372	contained-repeat
548	6123	uniq-repeat-cont
549	2087	middle-only
552	9216	contained-repeat
553	1063	contained-repeat
555	1058	contained-repeat
556	289	contained-repeat
557	1657	contained-repeat
559	1244	no-3-prime
560	245	contained-repeat
561	1352	uniq-repeat-cont
562	956	contained-repeat
564	487	unique
565	593	contained-repeat
566	72	contained-repeat
567	4007	contained-repeat
568	1037	no-3-prime
569	4301	no-3-prime
570	1913	contained-repeat
571	164	span-repeat
572	2455	contained-repeat
573	593	contained-repeat
575	4571	contained-repeat
578	541	contained-repeat
579	3201	contained-repeat
580	895	contained-repeat
581	598	contained-repeat
582	1497	uniq-repeat-cont
584	1775	uniq-repeat-cont
585	4835	contained-repeat
586	779	contained-repeat
587	2067	uniq-repeat-cont
596	9382	contained-repeat
597	70	contained-repeat
598	1154	contained-repeat
599	3670	contained-repeat
600	4064	no-5-prime
602	4153	contained-repeat
605	1094	contained-repeat
607	90	unique
608	3011	contained-repeat
609	4199	uniq-repeat-cont
610	635	contained-repeat
612	19748	dovetail-repeat
614	3096	contained-repeat
615	808	uniq-repeat-cont
616	2081	middle-only
619	740	middle-only
620	1463	contained-repeat
621	1704	contained-repeat
623	1329	uniq-repeat-cont
624	2827	contained-repeat
625	1254	contained-repeat
626	1029	contained-repeat
627	1854	contained-repeat
629	62	contained-repeat
630	69	contained-repeat
631	323	middle-missing
632	4901	contained-repeat
633	616	middle-missing
634	2194	contained-repeat
637	1043	uniq-repeat-cont
638	1712	unique
639	3159	contained-repeat
640	2077	contained-repeat
641	4147	uniq-repeat-cont
642	683	contained-repeat
647	802	contained-repeat
648	12717	contained-repeat
649	883	unique
650	759	uniq-repeat-cont
652	69	contained-repeat
653	2303	middle-only
654	1164	contained-repeat
655	2516	uniq-repeat-cont
657	553	contained-repeat
660	960	span-repeat
661	1565	uniq-repeat-cont
663	54	contained-repeat
665	2194	uniq-repeat-cont
666	8451	uniq-repeat-dove
667	1114	uniq-anchor
668	6167	contained-repeat
669	3432	contained-repeat
671	1496	uniq-repeat-cont
672	1501	contained-repeat
673	6363	contained-repeat
675	62	contained-repeat
676	679	no-3-prime
677	1322	contained-repeat
678	101	unique
679	285	contained-repeat
680	5408	no-3-prime
681	8913	contained-repeat
683	16761	no-5-prime
689	654	contained-repeat
690	1741	contained-repeat
691	523	contained-repeat
692	1901	span-repeat
693	7428	no-5-prime
694	826	no-3-prime
695	4344	no-3-prime
696	85	contained-repeat
698	1442	uniq-repeat-cont
699	3282	contained-repeat
701	1293	contained-repeat
703	1127	contained-repeat
705	297	unique
706	980	contained-repeat
707	872	middle-only
709	3723	contained-repeat
711	207	span-repeat
712	1367	middle-only
713	823	contained-repeat
715	96	uniq-repeat-cont
716	1497	uniq-repeat-cont
717	11565	dovetail-repeat
718	1312	middle-only
720	62	contained-repeat
721	6032	uniq-repeat-dove
722	972	uniq-repeat-cont
723	771	middle-only
724	5638	no-5-prime
726	60	uniq-repeat-cont
729	65	contained-repeat
730	4947	contained-repeat
731	1204	contained-repeat
732	2792	no-3-prime
734	4733	contained-repeat
735	1323	uniq-repeat-cont
736	2388	contained-repeat
737	1648	no-3-prime
738	1109	contained-repeat
739	2214	contained-repeat
740	926	contained-repeat
741	3116	contained-repeat
742	2822	middle-only
748	3436	contained-repeat
749	780	middle-only
750	727	contained-repeat
753	594	contained-repeat
756	12375	contained-repeat
758	188	unique
759	2540	uniq-anchor
760	515	contained-repeat
761	1058	contained-repeat
762	89	contained-repeat
763	71	contained-repeat
764	80	contained-repeat
765	1045	unique
766	783	contained-repeat
768	5865	span-repeat
769	58	contained-repeat
770	1146	contained-repeat
772	584	middle-only
773	1137	contained-repeat
774	2952	contained-repeat
776	6950	uniq-repeat-cont
777	3557	contained-repeat
778	2560	contained-repeat
780	1263	middle-only
781	1743	contained-repeat
782	6421	contained-repeat
784	1370	contained-repeat
785	248	unique
787	490	uniq-anchor
788	63	contained-repeat
789	186	contained-repeat
790	788	contained-repeat
791	5728	contained-repeat
792	3934	contained-repeat
793	1465	uniq-repeat-cont
794	92	unique
795	7271	contained-repeat
797	4568	middle-only
799	3194	span-repeat
801	2617	middle-only
802	1662	uniq-repeat-cont
803	10079	uniq-repeat-cont
804	367	uniq-anchor
805	3072	contained-repeat
808	2560	contained-repeat
809	839	uniq-repeat-cont
810	856	middle-only
812	7911	contained-repeat
813	373	unique
814	2368	contained-repeat
816	635	contained-repeat
817	589	uniq-repeat-cont
818	94	contained-repeat
820	10921	contained-repeat
821	1478	middle-only
822	9909	contained-repeat
823	2233	contained-repeat
824	2126	middle-only
826	170	unique
827	76	contained-repeat
830	81	contained-repeat
831	642	span-repeat
834	598	contained-repeat
835	86	contained-repeat
836	733	uniq-repeat-cont
837	83	contained-repeat
838	4507	contained-repeat
840	6887	no-3-prime
841	5146	uniq-repeat-cont
842	6441	contained-repeat
843	284	no-3-prime
844	76	contained-repeat
846	666	contained-repeat
847	683	middle-only
848	3049	contained-repeat
850	392	no-5-prime
851	84	contained-repeat
852	1746	middle-only
853	1285	unique
854	263	no-3-prime
855	1067	uniq-repeat-cont
856	944	uniq-repeat-cont
857	3582	contained-repeat
858	18179	no-5-prime
859	2493	uniq-anchor
862	3863	uniq-repeat-cont
863	134	contained-repeat
864	6955	no-5-prime
865	1289	uniq-anchor
866	76	contained-repeat
867	489	unique
869	5323	uniq-repeat-cont
870	8398	no-5-prime
871	18676	dovetail-repeat
873	16607	contained-repeat
874	866	unique
875	9493	contained-repeat
876	737	span-repeat
877	191	unique
878	2843	contained-repeat
879	2902	contained-repeat
880	7676	uniq-repeat-cont
881	34645	dovetail-repeat
882	11298	contained-repeat
883	5472	contained-repeat
885	1048	uniq-repeat-cont
886	717	contained-repeat
887	4854	contained-repeat
889	27828	dovetail-repeat
891	2507	contained-repeat
892	2368	contained-repeat
893	8452	contained-repeat
894	120	unique
895	130	unique
896	86	no-5-prime
897	71	contained-repeat
898	692	middle-missing
900	151	no-5-prime
902	6588	uniq-anchor
903	4253	uniq-repeat-cont
904	1259	no-5-prime
905	1670	span-repeat
906	1998	contained-repeat
907	1244	uniq-repeat-cont
908	2318	contained-repeat
909	12693	contained-repeat
910	173	contained-repeat
911	61	contained-repeat
912	2435	uniq-anchor
913	79	contained-repeat
914	512	uniq-repeat-cont
915	2982	contained-repeat
917	1811	contained-repeat
918	757	contained-repeat
919	2797	contained-repeat
921	1668	contained-repeat
922	12509	contained-repeat
926	2462	contained-repeat
928	1712	no-3-prime
929	280	contained-repeat
931	3022	contained-repeat
932	760	contained-repeat
935	1250	no-5-prime
936	5570	no-5-prime
937	84	contained-repeat
938	73	contained-repeat
939	894	contained-repeat
941	2095	contained-repeat
942	17586	uniq-repeat-cont
943	715	no-3-prime
944	6718	contained-repeat
945	26051	contained-repeat
946	2133	uniq-repeat-cont
947	25685	contained-repeat
949	8238	contained-repeat
950	2744	uniq-repeat-cont
951	1382	uniq-repeat-cont
952	515	unique
953	764	contained-repeat
954	2695	middle-only
956	300	unique
957	84	contained-repeat
958	67	contained-repeat
959	56	contained-repeat
960	13304	contained-repeat
961	611	contained-repeat
962	1101	contained-repeat
963	13856	contained-repeat
964	7799	middle-only
966	1808	contained-repeat
967	9179	contained-repeat
968	4978	contained-repeat
969	517	uniq-repeat-cont
970	9218	contained-repeat
971	664	uniq-repeat-cont
972	74	contained-repeat
973	422	no-5-prime
974	70	contained-repeat
975	5571	contained-repeat
977	727	middle-missing
979	6079	contained-repeat
980	1188	uniq-repeat-cont
982	1209	contained-repeat
983	1632	span-repeat
984	72	contained-repeat
985	2062	middle-only
986	1519	contained-repeat
988	5182	contained-repeat
989	951	contained-repeat
990	1466	span-repeat
991	3978	uniq-repeat-cont
992	1094	contained-repeat
993	5064	contained-repeat
994	14095	contained-repeat
995	685	uniq-repeat-cont
996	479	uniq-repeat-cont
997	5881	span-repeat
998	3180	middle-missing
999	990	contained-repeat
1001	917	contained-repeat
1006	88	dovetail-repeat
1009	788	contained-repeat
1010	67	unique
1011	3850	middle-missing
1012	229	contained-repeat
1014	70	contained-repeat
1015	83	contained-repeat
1017	5934	dovetail-repeat
1018	5633	contained-repeat
1019	19210	middle-only
1020	675	contained-repeat
1021	2763	dovetail-repeat
1022	1019	no-3-prime
1024	6135	contained-repeat
1026	4637	contained-repeat
1029	6831	contained-repeat
1030	318	no-3-prime
1031	3633	contained-repeat
1033	1441	middle-only
1034	971	contained-repeat
1035	4341	contained-repeat
1037	6347	contained-repeat
1039	959	span-repeat
1040	1953	contained-repeat
1041	70	contained-repeat
1042	13177	contained-repeat
1043	83	contained-repeat
1044	3081	middle-only
1046	2020	contained-repeat
1047	19921	contained-repeat
1049	4144	contained-repeat
1050	20284	contained-repeat
1051	85	contained-repeat
1052	2919	contained-repeat
1054	3477	contained-repeat
1055	629	contained-repeat
1056	1945	uniq-anchor
1057	269	unique
1058	1138	uniq-repeat-cont
1059	73	contained-repeat
1060	81	contained-repeat
1061	1778	span-repeat
1062	693	span-repeat
1066	459	uniq-anchor
1067	620	contained-repeat
1068	522	contained-repeat
1069	869	no-3-prime
1070	2069	contained-repeat
1072	1067	contained-repeat
1075	1955	contained-repeat
1077	544	unique
1078	4337	contained-repeat
1079	60	contained-repeat
1081	900	contained-repeat
1083	741	uniq-repeat-cont
1084	78	contained-repeat
1085	6115	contained-repeat
1087	87	unique
1088	68	contained-repeat
1089	2471	contained-repeat
1091	1426	contained-repeat
1092	9332	contained-repeat
1094	3090	contained-repeat
1097	13946	no-5-prime
1098	85	contained-repeat
1099	2411	dovetail-repeat
1100	1012	contained-repeat
1102	1360	no-3-prime
1103	1209	span-repeat
1104	9988	contained-repeat
1107	13412	contained-repeat
1111	2004	contained-repeat
1113	1644	contained-repeat
1114	76	contained-repeat
1117	3534	contained-repeat
1118	133	unique
1120	8824	contained-repeat
1121	2486	contained-repeat
1122	19793	contained-repeat
1123	19699	contained-repeat
1124	2185	contained-repeat
1125	78	contained-repeat
1126	701	dovetail-repeat
1127	10042	no-5-prime
1128	78	contained-repeat
1131	631	contained-repeat
1133	1355	contained-repeat
1134	9947	contained-repeat
1135	83	contained-repeat
1136	10602	contained-repeat
1137	6850	uniq-anchor
1138	770	contained-repeat
1139	2739	contained-repeat
1141	13662	contained-repeat
1145	713	uniq-repeat-cont
1146	82	contained-repeat
1147	1333	contained-repeat
1148	734	span-repeat
1150	1083	no-3-prime
1151	118	contained-repeat
1152	2915	contained-repeat
1153	822	no-5-prime
1154	2974	contained-repeat
1156	10418	no-5-prime
1157	15899	contained-repeat
1158	1055	contained-repeat
1159	14723	contained-repeat
1160	439	uniq-repeat-cont
1161	1674	contained-repeat
1163	3393	contained-repeat
1164	728	uniq-repeat-cont
1165	6132	contained-repeat
1166	1219	span-repeat
1168	1762	uniq-repeat-cont
1169	1082	contained-repeat
1173	1702	uniq-repeat-cont
1174	1866	contained-repeat
1175	1649	uniq-anchor
1176	10377	uniq-anchor
1177	360	unique
1179	891	contained-repeat
1182	967	uniq-repeat-cont
1184	14857	contained-repeat
1185	2293	contained-repeat
1187	1004	no-3-prime
1188	14852	contained-repeat
1189	175	unique
1190	790	contained-repeat
1192	173	middle-only
1194	2869	contained-repeat
1195	665	contained-repeat
1196	6837	contained-repeat
1199	700	contained-repeat
1200	1252	middle-only
1203	2232	contained-repeat
1205	72	contained-repeat
1206	2051	contained-repeat
1208	180	unique
1210	19785	contained-repeat
1212	252	uniq-repeat-cont
1214	5283	no-5-prime
1215	73	contained-repeat
1217	61	contained-repeat
1218	1675	contained-repeat
1219	254	contained-repeat
1220	375	contained-repeat
1221	5678	contained-repeat
1222	77	contained-repeat
1223	3243	contained-repeat
1224	2893	contained-repeat
1225	709	contained-repeat
1226	76	contained-repeat
1227	3553	contained-repeat
1228	1367	contained-repeat
1229	5670	contained-repeat
1230	2010	contained-repeat
1231	2883	contained-repeat
1233	410	no-3-prime
1234	2764	contained-repeat
1236	239	unique
1238	81	contained-repeat
1239	1675	uniq-repeat-cont
1240	5869	span-repeat
1241	13728	contained-repeat
1243	1138	contained-repeat
1244	2325	contained-repeat
1245	948	unique
1246	553	no-3-prime
1248	3886	middle-only
1249	1113	contained-repeat
1250	7229	uniq-anchor
1253	2894	contained-repeat
1254	11399	contained-repeat
1255	4698	contained-repeat
1256	2240	uniq-repeat-cont
1259	3769	uniq-anchor
1260	1103	dovetail-repeat
1261	25595	contained-repeat
1262	1135	contained-repeat
1263	5024	contained-repeat
1265	83	contained-repeat
1266	72	contained-repeat
1270	8566	contained-repeat
1271	2660	contained-repeat
1272	1089	unique
1274	1058	uniq-repeat-cont
1276	1262	contained-repeat
1278	1500	middle-only
1279	232	unique
1281	155	unique
1283	17453	uniq-repeat-cont
1284	16035	contained-repeat
1285	1872	unique
1286	2165	contained-repeat
1287	1128	contained-repeat
1288	20804	contained-repeat
1289	80	contained-repeat
1290	2070	uniq-repeat-cont
1291	7416	uniq-repeat-cont
1292	25981	middle-only
1295	87	unique
1296	83	contained-repeat
1297	584	uniq-repeat-cont
1298	2631	contained-repeat
1299	933	contained-repeat
1300	849	contained-repeat
1302	968	contained-repeat
1303	2668	no-5-prime
1304	27221	contained-repeat
1306	82	contained-repeat
1308	816	uniq-repeat-cont
1309	3170	no-5-prime
1310	79	contained-repeat
1311	16002	contained-repeat
1313	617	contained-repeat
1314	1057	no-3-prime
1316	79	unique
1318	1078	contained-repeat
1319	900	contained-repeat
1321	1799	contained-repeat
1322	257	uniq-repeat-dove
1323	7677	no-3-prime
1324	3182	contained-repeat
1325	642	span-repeat
1326	1233	contained-repeat
1327	9304	no-3-prime
1328	73	contained-repeat
1329	2211	uniq-repeat-cont
1333	16353	no-3-prime
1334	56	contained-repeat
1338	396	contained-repeat
1339	8755	contained-repeat
1340	1137	contained-repeat
1342	1289	contained-repeat
1343	1130	uniq-repeat-cont
1345	615	contained-repeat
1346	11160	no-3-prime
1348	83	contained-repeat
1349	462	unique
1350	11440	contained-repeat
1351	1312	middle-only
1352	488	uniq-repeat-cont
1353	2901	contained-repeat
1355	2583	contained-repeat
1357	2080	dovetail-repeat
1358	9064	uniq-anchor
1359	1502	uniq-anchor
1360	5549	contained-repeat
1361	5851	contained-repeat
1362	5758	no-3-prime
1363	8110	contained-repeat
1364	1620	span-repeat
1366	1142	uniq-anchor
1367	1781	span-repeat
1368	3725	contained-repeat
1369	1275	uniq-repeat-cont
1371	3577	uniq-repeat-cont
1372	5187	no-3-prime
1373	1497	uniq-repeat-cont
1374	1249	contained-repeat
1375	399	unique
1376	3651	contained-repeat
1377	3568	uniq-repeat-cont
1378	1393	contained-repeat
1379	4992	contained-repeat
1380	344	middle-only
1381	1080	no-3-prime
1382	1901	span-repeat
1383	58	contained-repeat
1384	1502	no-3-prime
1387	598	contained-repeat
1390	21552	contained-repeat
1391	3161	contained-repeat
1392	4729	no-5-prime
1393	4822	contained-repeat
1394	6964	contained-repeat
1396	533	uniq-repeat-cont
1397	1243	contained-repeat
1399	813	unique
1400	1206	span-repeat
1403	68	contained-repeat
1405	11898	contained-repeat
1408	1897	contained-repeat
1409	6719	uniq-anchor
1411	79	contained-repeat
1412	88	unique
1413	1812	contained-repeat
1414	3549	no-3-prime
1416	282	contained-repeat
1419	73	contained-repeat
1420	2316	contained-repeat
1421	9903	uniq-repeat-cont
1422	1113	uniq-anchor
1423	1244	unique
1425	493	contained-repeat
1427	3010	no-3-prime
1428	72	contained-repeat
1429	80	contained-repeat
1431	4165	contained-repeat
1432	500	contained-repeat
1435	2707	no-5-prime
1436	566	uniq-repeat-cont
1438	1368	uniq-repeat-cont
1440	1332	contained-repeat
1441	740	no-3-prime
1442	80	contained-repeat
1444	2833	span-repeat
1447	1365	uniq-repeat-cont
1449	2829	contained-repeat
1450	576	uniq-repeat-cont
1451	2129	contained-repeat
1452	330	no-3-prime
1453	3488	contained-repeat
1454	341	contained-repeat
1455	371	contained-repeat
1456	11549	uniq-anchor
1459	880	unique
1460	483	middle-only
1461	54	contained-repeat
1462	6797	contained-repeat
1463	1353	uniq-repeat-cont
1464	79	contained-repeat
1465	2839	uniq-repeat-cont
1466	74	contained-repeat
1467	1695	contained-repeat
1469	71	contained-repeat
1470	2917	uniq-repeat-cont
1471	610	uniq-repeat-cont
1472	81	contained-repeat
1473	461	middle-only
1474	31321	contained-repeat
1475	57	contained-repeat
1476	12520	no-3-prime
1477	2970	span-repeat
1479	1112	uniq-repeat-cont
1480	701	contained-repeat
1482	7624	contained-repeat
1484	247	middle-missing
1485	790	uniq-repeat-cont
1486	1007	contained-repeat
1487	2071	uniq-repeat-cont
1488	1069	contained-repeat
1489	482	contained-repeat
1490	2315	span-repeat
1491	2101	middle-only
1492	437	middle-missing
1493	1898	contained-repeat
1495	7447	dovetail-repeat
1496	6544	contained-repeat
1497	617	unique
1498	1802	span-repeat
1499	705	no-3-prime
1500	1407	contained-repeat
1501	71	contained-repeat
1502	2635	span-repeat
1503	815	contained-repeat
1504	1074	contained-repeat
1506	876	unique
1507	696	contained-repeat
1508	849	uniq-repeat-dove
1509	9502	no-3-prime
1510	2662	contained-repeat
1511	570	uniq-repeat-cont
1512	2678	uniq-repeat-cont
1513	2461	contained-repeat
1514	77	contained-repeat
1515	489	contained-repeat
1516	9971	contained-repeat
1517	1148	contained-repeat
1518	477	contained-repeat
1519	1291	no-5-prime
1521	992	contained-repeat
1523	1695	middle-only
1527	3095	contained-repeat
1528	60	contained-repeat
1529	2262	no-5-prime
1530	934	contained-repeat
1531	2228	contained-repeat
1532	966	contained-repeat
1533	1394	uniq-repeat-cont
1536	2388	middle-only
1537	2189	contained-repeat
1538	177	no-3-prime
1542	754	contained-repeat
1543	70	contained-repeat
1544	71	contained-repeat
1545	8289	contained-repeat
1546	183	no-3-prime
1547	500	contained-repeat
1551	1281	middle-only
1552	624	contained-repeat
1555	79	contained-repeat
1556	77	contained-repeat
1557	239	unique
1558	82	contained-repeat
1559	1159	uniq-repeat-cont
1560	1042	uniq-repeat-cont
1561	10638	uniq-repeat-cont
1562	542	contained-repeat
1564	7683	contained-repeat
1565	2807	middle-only
1566	6857	middle-missing
1567	1820	contained-repeat
1568	468	contained-repeat
1569	2202	span-repeat
1571	1340	uniq-repeat-cont
1572	3012	contained-repeat
1574	3796	contained-repeat
1575	535	contained-repeat
1576	75	contained-repeat
1577	2462	no-5-prime
1578	1004	contained-repeat
1580	4838	uniq-repeat-cont
1581	15662	contained-repeat
1582	8256	contained-repeat
1583	209	span-repeat
1584	75	contained-repeat
1585	4379	uniq-anchor
1587	13712	uniq-anchor
1588	1083	contained-repeat
1589	1202	span-repeat
1590	180	span-repeat
1592	2913	contained-repeat
1593	2057	contained-repeat
1594	3354	uniq-repeat-cont
1595	13918	uniq-repeat-dove
1596	2329	span-repeat
1597	5544	uniq-repeat-cont
1598	8755	contained-repeat
1599	728	uniq-repeat-cont
1601	693	contained-repeat
1602	4624	contained-repeat
1603	1477	middle-only
1604	65	contained-repeat
1605	2483	contained-repeat
1608	1922	no-5-prime
1609	3416	no-3-prime
1610	1198	no-3-prime
1611	3907	contained-repeat
1612	105	contained-repeat
1614	5908	no-5-prime
1615	187	uniq-repeat-cont
1617	2666	contained-repeat
1618	775	contained-repeat
1623	5957	middle-only
1624	1338	uniq-repeat-cont
1626	2921	contained-repeat
1627	9064	contained-repeat
1628	463	contained-repeat
1629	661	contained-repeat
1631	580	contained-repeat
1632	5816	contained-repeat
1633	8280	contained-repeat
1639	690	middle-only
1642	12778	contained-repeat
1643	14319	contained-repeat
1645	1167	uniq-repeat-cont
1647	11526	uniq-anchor
1649	287	unique
1654	25781	no-5-prime
1656	1175	middle-only
1660	8574	contained-repeat
1665	1067	middle-missing
1690	1365	contained-repeat
1697	6270	contained-repeat
1699	4751	contained-repeat
1702	14953	no-3-prime
1713	6008	uniq-repeat-cont
1724	21447	dovetail-repeat
1729	2405	uniq-repeat-cont
1748	917	contained-repeat
1752	74	contained-repeat
1759	64	contained-repeat
1763	3218	span-repeat
1772	3871	contained-repeat
1773	119	uniq-repeat-dove
1776	5406	contained-repeat
1777	28627	uniq-anchor
1784	5728	no-3-prime
1787	824	contained-repeat
1790	3132	contained-repeat
1794	1820	uniq-repeat-cont
1796	1305	unique
1797	1154	contained-repeat
1818	742	uniq-repeat-cont
1824	64	unique
1827	196	no-3-prime
1829	8392	contained-repeat
1849	953	uniq-repeat-cont
1856	958	contained-repeat
1862	1300	no-5-prime
1867	4199	no-3-prime
1870	477	contained-repeat
1894	53	contained-repeat
1896	912	middle-missing
1902	67	contained-repeat
1905	587	uniq-anchor
1910	2698	uniq-repeat-cont
1913	3639	contained-repeat
1916	3464	contained-repeat
1918	4051	no-5-prime
1920	631	uniq-repeat-cont
1922	8617	contained-repeat
1923	163	contained-repeat
1928	10536	uniq-repeat-cont
1931	6745	uniq-repeat-cont
1932	90	contained-repeat
1936	447	contained-repeat
1943	2297	no-3-prime
1946	271	uniq-repeat-cont
1947	96	contained-repeat
1948	92	middle-only
1951	51	unique
1952	59	no-5-prime
1955	4236	middle-only
1968	1136	contained-repeat
1970	61	contained-repeat
1975	390	contained-repeat
1979	60	contained-repeat
1982	658	middle-missing
1986	156	dovetail-repeat
1991	493	uniq-repeat-cont
1995	712	no-3-prime
1996	77	contained-repeat
2000	203	unique
2009	89	dovetail-repeat
2014	1451	uniq-repeat-cont
2032	169	dovetail-repeat
2036	105	unique
2041	366	uniq-repeat-cont
2042	11664	uniq-anchor
2043	73	contained-repeat
2048	344	uniq-anchor
2062	3226	uniq-repeat-cont
2088	84	contained-repeat
2091	86	contained-repeat
2095	84	contained-repeat
2100	61	contained-repeat
2106	5386	contained-repeat
2109	593	uniq-repeat-cont
2110	2047	uniq-repeat-cont
2120	12090	contained-repeat
2129	71	contained-repeat
2135	76	contained-repeat
2148	1343	contained-repeat
2158	3004	middle-only
2159	3485	contained-repeat
2161	107	contained-repeat
2167	5887	middle-only
2179	991	contained-repeat
2185	9616	contained-repeat
2201	73	contained-repeat
2209	2684	contained-repeat
2223	275	contained-repeat
2229	4168	contained-repeat
2233	93	contained-repeat
2236	4789	contained-repeat
2238	1103	middle-missing
2251	13796	no-3-prime
2263	874	contained-repeat
2264	137	unique
2265	114	contained-repeat
2271	2658	span-repeat
2276	54	contained-repeat
2283	5292	uniq-repeat-cont
2292	1188	uniq-repeat-cont
2294	9396	middle-missing
2298	77	contained-repeat
2299	5873	uniq-anchor
2301	445	contained-repeat
2304	13248	middle-only
2312	2949	span-repeat
2332	9633	contained-repeat
2339	3615	contained-repeat
2340	2016	contained-repeat
2345	726	uniq-repeat-cont
2350	446	middle-only
2358	889	contained-repeat
2366	284	dovetail-repeat
2367	386	contained-repeat
2376	286	no-3-prime
2379	5766	middle-only
2394	120	unique
2400	2125	unique
2401	2912	uniq-repeat-cont
2416	2126	contained-repeat
2418	53	contained-repeat
2422	361	unique
2424	98	contained-repeat
2432	2130	contained-repeat
2437	173	uniq-anchor
2464	187	span-repeat
2480	1124	middle-missing
2488	1212	contained-repeat
2493	54	contained-repeat
2495	222	contained-repeat
2517	925	middle-missing
2527	65	uniq-repeat-dove
2536	85	contained-repeat
2537	946	uniq-repeat-cont
2543	52	uniq-repeat-cont
2544	1104	contained-repeat
2546	139	unique
2556	65	contained-repeat
2563	666	uniq-repeat-cont
2564	1201	middle-only
2566	95	no-3-prime
2572	459	middle-missing
2575	6254	contained-repeat
2576	1131	contained-repeat
2587	13445	contained-repeat
2608	5914	contained-repeat
2609	842	contained-repeat
2628	107	dovetail-repeat
2631	9115	uniq-repeat-dove
2637	2222	span-repeat
2640	16016	contained-repeat
2644	142	contained-repeat
2650	1091	contained-repeat
2651	4565	contained-repeat
2653	77	contained-repeat
2657	66	contained-repeat
2662	1041	no-3-prime
2665	3215	span-repeat
2668	2632	contained-repeat
2670	3511	uniq-repeat-cont
2682	74	contained-repeat
2683	87	contained-repeat
2685	57	contained-repeat
2700	895	contained-repeat
2703	1000	uniq-repeat-cont
2731	2096	contained-repeat
2737	1145	uniq-anchor
2738	96	unique
2743	1107	contained-repeat
2750	6606	no-3-prime
2755	4606	contained-repeat
2769	69	contained-repeat
2776	3103	uniq-anchor
2780	8264	contained-repeat
2799	992	contained-repeat
2806	180	no-5-prime
2815	636	contained-repeat
2817	1170	uniq-anchor
2826	2477	middle-only
2830	113	contained-repeat
2842	67	unique
2846	72	contained-repeat
2852	1407	contained-repeat
2856	12870	middle-only
2857	64	contained-repeat
2858	1405	uniq-repeat-cont
2860	92	contained-repeat
2861	183	contained-repeat
2879	345	unique
2892	1112	middle-only
2893	76	contained-repeat
2902	3534	contained-repeat
2915	6899	middle-only
2916	1857	contained-repeat
2921	1417	no-5-prime
2926	112	uniq-repeat-dove
2930	5556	contained-repeat
2942	2618	uniq-repeat-cont
2950	53	unique
2957	4057	contained-repeat
2961	1195	middle-only
2978	785	contained-repeat
2990	34379	dovetail-repeat
2993	126	contained-repeat
2994	2895	uniq-repeat-cont
2996	4494	uniq-repeat-cont
2999	54	contained-repeat
3003	8479	contained-repeat
3007	74	contained-repeat
3008	1177	unique
3014	1320	middle-missing
3018	207	unique
3023	236	no-5-prime
3025	76	contained-repeat
3029	4979	no-5-prime
3033	503	contained-repeat
3040	2129	middle-only
3042	1065	middle-only
3044	1694	contained-repeat
3048	348	contained-repeat
3054	77	contained-repeat
3069	61	contained-repeat
3078	1104	contained-repeat
3080	5253	no-3-prime
3082	3521	contained-repeat
3084	3700	contained-repeat
3094	67	contained-repeat
3097	67	contained-repeat
3099	9093	contained-repeat
3109	72	contained-repeat
3111	4596	uniq-repeat-cont
3115	9997	no-5-prime
3122	4044	uniq-repeat-cont
3126	52	contained-repeat
3130	156	contained-repeat
3135	4110	contained-repeat
3136	752	unique
3139	61	contained-repeat
3144	80	contained-repeat
3145	63	contained-repeat
3163	86	contained-repeat
3188	67	contained-repeat
3191	340	unique
3192	58	contained-repeat
3194	14315	no-3-prime
3200	56	unique
3201	4664	middle-only
3204	795	contained-repeat
3206	778	uniq-repeat-cont
3211	948	unique
3214	74	contained-repeat
3216	13141	contained-repeat
3220	7046	uniq-repeat-cont
3225	77	contained-repeat
3226	89	contained-repeat
3240	144	uniq-repeat-cont
3245	10155	contained-repeat
3250	160	contained-repeat
3258	3058	middle-only
3266	64	contained-repeat
3285	31974	contained-repeat
3293	84	uniq-repeat-cont
3294	145	uniq-repeat-dove
3301	56	contained-repeat
3306	94	unique
3317	3536	contained-repeat
3319	765	uniq-repeat-cont
3323	189	no-5-prime
3328	22687	uniq-anchor
3355	87	span-repeat
3358	546	unique
3361	300	contained-repeat
3363	6185	contained-repeat
3369	1329	uniq-repeat-cont
3373	118	contained-repeat
3374	4723	uniq-repeat-cont
3376	2639	contained-repeat
3378	31903	dovetail-repeat
3380	801	contained-repeat
3383	6230	dovetail-repeat
3385	3918	contained-repeat
3406	1176	contained-repeat
3408	782	contained-repeat
3409	1210	middle-missing
3417	6437	contained-repeat
3426	99	unique
3434	77	uniq-repeat-cont
3437	452	contained-repeat
3440	88	uniq-repeat-dove
3455	597	middle-missing
3457	62	contained-repeat
3463	54	contained-repeat
3466	65	contained-repeat
3472	2397	contained-repeat
3473	63	contained-repeat
3479	1397	contained-repeat
3487	74	contained-repeat
3488	86	contained-repeat
3492	1070	middle-only
3497	3017	contained-repeat
3498	2198	contained-repeat
3499	68	contained-repeat
3504	57	no-5-prime
3508	1255	contained-repeat
3509	73	contained-repeat
3518	55	contained-repeat
3519	6624	contained-repeat
3520	10501	uniq-repeat-dove
3522	518	unique
3524	660	contained-repeat
3525	311	contained-repeat
3528	3650	uniq-repeat-cont
3531	328	contained-repeat
3535	70	contained-repeat
3540	115	contained-repeat
3542	2057	no-5-prime
3546	71	contained-repeat
3554	61	contained-repeat
3566	3636	contained-repeat
3572	822	no-5-prime
3574	1079	contained-repeat
3588	4124	contained-repeat
3589	5076	uniq-anchor
3593	24576	contained-repeat
