-- Opening seqStore '../../sample.seqStore'.
-- Opening corStore '../sample.corStore' version 1.
    read    read evidence     corrected
      ID  length    reads       regions
-------- ------- -------- ------------- ...
       1    2837        5      0-2837  
       2     628       34      0-615   
       3    4357       15      0-4279  
       4    3797       14      0-3793  
       5   13746        8      0-13545 
       7    2031        5      0-2023  
       8     764        8      0-764   
       9     609       32      0-592   
      13     671        8      0-672   
      15    1819       18      0-1700  
      16    1247        7      0-1247  
      17    4290        6      0-4224  
      20    2034        1      0-2034  
      21     971       19      0-900   
      22    4482       21      0-4420  
      23    3009        6      0-3009  
      24    4273       42      0-4182  
      25     570       18      0-571   
      26    3333        1      0-3333  
      27    7904        1      0-7904  
      28    3896        3      0-3896  
      29     446        1      0-446   
      30    6103        1      0-6103  
      32    1477        4      0-1488  
      34    2119        1      0-2119  
      38   14213        5      0-13937 
      39    6968        3      0-6973  
      40    8014        3      0-7917  
      41     905        7      0-886   
      43    1101       22      0-1092  
      44    2128        3      0-2128  
      46    1654       20      0-1641  
      47     701       23      0-699   
      50    2507        4      0-2432  
      54    5371       60      0-5289  
      55     373        8      0-371   
      56   18495        1      0-18495 
      58     308       21      0-308   
      59    1732       42      0-1709  
      60     335       41      0-327   
      61   19686        6      0-19686 
      62    3628       21      0-3613  
      63   26554       13      0-25733 
      65     855       54      0-849   
      66    1105       14      0-1103  
      67    3733        3      0-3710  
      68   14482        8      0-14159 
      69     577       25      0-559   
      70    2208        7      0-2209  
      71     796       29      0-775   
      72   18899        4      0-18493 
      73   13239        4      0-13239 
      76    2641        3      0-2577  
      77    3314        5      0-3277  
      78    6304        3      0-6215  
      79    1029        5      0-1030  
      80    2015       52      0-1959  
      81    2361       12      0-2358  
      83    8455        3      0-8436  
      86     362       14      0-358   
      87    2013       10      0-2002  
      88    1035       37      0-1009  
      89     992        5      0-990   
      90    1897       13      0-1887  
      92    9735        6      0-9735  
      95    1307       18      0-1276  
      96    2394       32      0-2305  
      97   12264       10      0-11735 
      98    2277        2      0-2277  
     100    1823       23      0-1763  
     101    9070       14      0-8695  
     102     945        7      0-945   
     104     392        1      0-392   
     105    3225        1      0-3225  
     109    1777       44      0-1767  
     110    3313       61      0-3288  
     111   19378        2      0-19304 
     112    4484       26      0-3150  
     117     746       16      0-739   
     118     527        9      0-527   
     121    9076        6      0-8802  
     122    1341       13      0-1289  
     123    8294        5      0-8075  
     124    6880        1      0-6880  
     125    1038        2      0-1038  
     126     991       18      0-985   
     127     820       21      0-814   
     128    1265       14      0-1254  
     129   23332        8      0-22821 
     132    3504        1      0-3504  
     133     557        8      0-543   
     134    2001       24      0-1964  
     135    4946       17      0-4719  
     137    9204        3      0-9124  
     138    2072       37      0-1956  
     141    1766        3      0-1766  
     142     435       50      0-423   
     144   16222        8      0-15956 
     145    5899        5      0-5695  
     146    1164       13      0-1164  
     147     508        1      0-508   
     148    1754        7      0-1759  
     149    3375        7      0-3255  
     150    2246       12      0-2243  
     151     363        1      0-363   
     152    1079        1      0-1079  
     153    7372        7      0-7388  
     154    6999        3      0-6771  
     155     217        7      0-217   
     156    1301       30      0-1256  
     157    4825       28      0-4579  
     158     974       23      0-967   
     160   13649        8      0-13330 
     161    1736       56      0-1721  
     163    2656        3      0-2604  
     164     997        3      0-997   
     165    2683        2      0-2683  
     166     591       19      0-576   
     167    1198        2      0-1198  
     168   10050        5      0-9823  
     169    2014       15      0-1947  
     170     489        4      0-476   
     171     728        6      0-724   
     173    9877        3      0-9877  
     174     175        4      0-175   
     175     789        9      0-783   
     178   27118       11      0-26689 
     180    2153       20      0-2116  
     181    1670       12      0-1657  
     183     535       30      0-528   
     185    9465        6      0-9300  
     186    5127        4      0-4957  
     188    1992        5      0-1992  
     189     799        1      0-799   
     191    1339        1      0-1339  
     192    2684        6      0-2649  
     193    3008        1      0-3008  
     194     629        6      0-629   
     195    1677       20      0-1634  
     196    1176        8      0-1176  
     197   12279        2      0-12279 
     199     813        3      0-813   
     200   16073        9      0-15582 
     201     725       15      0-724   
     203     822        3      0-796   
     204    2135        3      0-2087  
     205     361        6      0-361   
     206    2738        2      0-2738  
     207   20155        4      0-19892 
     208   15489       59      0-14930 
     209    9109        8      0-9109  
     210    1935        5      0-1935  
     211    1059        2      0-1059  
     212    1165        2      0-1160  
     214    3710        2      0-3712  
     215    1043        1      0-1043  
     216     206        1      0-206   
     217    3592       21      0-3464  
     218     490       26      0-485   
     219    2431        4      0-2413  
     221    1027        1      0-1027  
     222   17139        3      0-16964 
     223    1537        3      0-1537  
     224    1316       15      0-1285  
     225    2822        3      0-2636  
     226    3363        1      0-3363  
     227     958        1      0-958   
     228    1112       10      0-1112  
     229     311        1      0-311   
     230    7578        8      0-7559  
     232     704       25      0-699   
     233    1146       23      0-1129  
     234   15625        5      0-15379 
     237    1319        9      0-1317  
     239    1262        1      0-1262  
     241  124994       25      0-124838
     242    4972        3      0-4861  
     243     704        7      0-704   
     244     736       17      0-727   
     245    2550        3      0-2465  
     247    1875       17      0-1875  
     249    8135       12      0-8086  
     250    7666        1      0-7666  
     253    1962       54      0-1951  
     255    6423        2      0-6381  
     256    2378        1      0-2378  
     257    1161        3      0-1160  
     258     195       59      0-186   
     259     544       43      0-522   
     260    5777        3      0-5777  
     262    4402        4      0-4402  
     263     269       15      0-266   
     264    3529        3      0-3447  
     265    2259        3      0-2214  
     268    6981        1      0-6981  
     270     578        8      0-572   
     276     395       27      0-375   
     277    7269        1      0-7269  
     278   18444       10      0-17736 
     279   30977        6      0-30298 
     280    5411        6      0-5252  
     281    3032       59      0-3022  
     282    2645        3      0-2558  
     284    3285       13      0-3231  
     285    1773       18      0-1766  
     286  108800       18      0-108555
     287     294        1      0-294   
     289    1492        1      0-1492  
     290    3457       11      0-3453  
     291     417        1      0-417   
     292    1583       43      0-1571  
     293    2257        2      0-2257  
     296     891        6      0-891   
     297    6565        1      0-6565  
     298    9819        3      0-9802  
     299     977        9      0-977   
     300    8236        3      0-8236  
     301    1620        4      0-1619  
     302    3215        6      0-3215  
     304    1739       22      0-1690  
     305    5162        1      0-5160  
     306     709       17      0-689   
     308    1063       19      0-1064  
     309    5525        6      0-5469  
     311    1016       12      0-948   
     312   22227       24      0-20969 
     314    1437        8      0-1437  
     320    1051        1      0-1051  
     321    2235       51      0-2221  
     322    1160        1      0-1160  
     323    2137       22      0-2068  
     324     322        2      0-322   
     326    1075       17      0-1074  
     327    1063        2      0-1063  
     329    1754        3      0-1754  
     330    1982       31      0-1881  
     332    4460        7      0-4355  
     333    1212        1      0-1212  
     334    1520       19      0-1506  
     337    3988        5      0-3956  
     338     929        2      0-929   
     339    1012       62      0-992   
     340    1110       12      0-1096  
     341    1963       15      0-1947  
     342   10725        3      0-10666 
     343    2883        9      0-2813  
     346     203        7      0-203   
     347    1175        2      0-1175  
     348    1112       13      0-1103  
     349     602        2      0-602   
     352    3631        3      0-3492  
     354    9885        2      0-9860  
     355    2667        1      0-2667  
     356    3596       14      0-3579  
     358    1356       26      0-1355  
     359   11089       15      0-11045 
     360    3403        1      0-3403  
     361    3846        6      0-3845  
     362   15113        3      0-15113 
     363     878       31      0-887   
     364   14111        2      0-14111 
     365     957        1      0-957   
     366     649       11      0-649   
     367    1329       28      0-1258  
     370     453       20      0-410   
     371     386       17      0-385   
     373   11890       13      0-11342 
     375    1539       36      0-1523  
     376     554        6      0-554   
     378     526       51      0-514   
     380    1949        4      0-1949  
     381    1447        1      0-1447  
     382     686       36      0-675   
     383    2627        2      0-2619  
     385   39153        7      0-38507 
     387     854       73      0-811   
     388    4591       16      0-4557  
     389     505        2      0-505   
     390    5841        9      0-5828  
     392     764        2      0-764   
     393     665       26      0-654   
     395    5817        4      0-5740  
     396    6903      127      0-6890  
     397     743        1      0-743   
     398   11551        1      0-11551 
     399     649       13      0-642   
     400    2835       35      0-2805  
     401     705       36      0-691   
     402    4169        4      0-4106  
     403   13789       10      0-13503 
     405    2941        9      0-2784  
     406    9896        7      0-9835  
     407    4325        9      0-4297  
     408     691        4      0-691   
     409    1123        1      0-1123  
     410    1457        1      0-1457  
     411     733        1      0-733   
     412    1017        3      0-1017  
     413    2328       31      0-2181  
     414    1255       58      0-1253  
     415   44995       25      0-44913 
     417   11667        5      0-11525 
     418    2076       49      0-2045  
     420     340       18      0-339   
     421    5425        4      0-5423  
     422    5328        1      0-5328  
     424    2615       10      0-2520  
     425   14193        8      0-14071 
     426     619       34      0-594   
     427   44598       14      0-44000 
     428   11616       47      0-11471 
     430    1056       22      0-1016  
     432    1983        2      0-1928  
     433     337       18      0-336   
     436   19698        6      0-19541 
     438    2179       28      0-2153  
     439     485       62      0-477   
     440    1091        1      0-1091  
     444    3799       10      0-3799  
     445    3539        7      0-3398  
     447    1103        3      0-1091  
     448    8989        4      0-8977  
     449    1302        4      0-1302  
     451    3217       18      0-3197  
     453    2374        2      0-2374  
     454    7416        2      0-7416  
     456     679       52      0-671   
     457     533        1      0-533   
     458     287       81      0-274   
     460     338       21      0-336   
     461    4361        5      0-4361  
     462    1084        1      0-1084  
     463    1965        8      0-1930  
     464     380        4      0-380   
     465     689       22      0-674   
     466     770        1      0-770   
     467    1991        2      0-1991  
     468     373        4      0-372   
     469     612       14      0-607   
     470    2363        3      0-2284  
     471   15926        8      0-15500 
     475    2790        1      0-2790  
     476     627       31      0-560   
     477    1377       25      0-1345  
     479     841       42      0-822   
     480    1476       40      0-1455  
     481    6125        5      0-6091  
     482    9909        5      0-9770  
     484   12930        3      0-12844 
     486     782        3      0-782   
     487    5283      133      0-5119  
     488    9402      193      0-9264  
     489     696       31      0-679   
     490    1817       13      0-1809  
     491    5604       66      0-5556  
     492     584       75      0-570   
     494     731       37      0-722   
     495    1910       51      0-1892  
     496    1830       38      0-1783  
     497    1655        4      0-1631  
     498     977       36      0-966   
     499    1159       52      0-1158  
     500   25638      128      0-25112 
     501    5334      125      0-5265  
     502   10481      205      0-10280 
     503    1227       37      0-1204  
     504    4795       36      0-4748  
     505    4086      113      0-3991  
     506    2252       54      0-2204  
     507    3221      149      0-3154  
     508    2938        5      0-2916  
     509    2268       28      0-2266  
     510    1149       85      0-1135  
     511   10893        6      0-10783 
     512   18265      130      0-18256 
     513    2610       25      0-2601  
     514     681       52      0-670   
     515    8581      187      0-8461  
     516     415       17      0-415   
     517    2143       29      0-2106  
     518    4804       96      0-4737  
     519     880       43      0-874   
     520   13025        6      0-13015 
     521    6666       12      0-6548  
     522    5287       47      0-5276  
     523     793      106      0-774   
     524    8323      153      0-8210  
     525    2076       52      0-2110  
     526    1145       91      0-1131  
     527    2036       36      0-1995  
     528     770       47      0-768   
     529    1078       40      0-1077  
     530    4174       24      0-4133  
     531    9704       63      0-9630  
     532     670       85      0-660   
     533     934       18      0-934   
     534    5500        7      0-5451  
     535     472       67      0-465   
     536    2720       49      0-2682  
     537    2369       19      0-2371  
     538    1604       44      0-1558  
     539    2007       19      0-1996  
     540    3210       19      0-3138  
     541    2183       23      0-2136  
     542    3530       76      0-3503  
     543     555      130      0-556   
     544     849       94      0-846   
     545     389       70      0-379   
     546    2635        9      0-2592  
     547    2510       67      0-2460  
     548    6311       32      0-6237  
     549    2354       46      0-2332  
     550    1960       21      0-1958  
     552    9369       79      0-9217  
     553    6304       60      0-6424  
     554     200        1      0-200   
     555    1100       70      0-1058  
     556     369       62      0-366   
     557    1694       16      0-1668  
     558     388       86      0-386   
     559    1478       61      0-1473  
     560     572       37      0-569   
     561    1457        6      0-1453  
     562    1193       75      0-1187  
     563     863        1      0-863   
     564    1063       26      0-1058  
     565     852       43      0-840   
     566    1025       73      0-1014  
     567    4184       73      0-4080  
     568    3787       38      0-3765  
     569    4433        8      0-4404  
     570    2064       79      0-1997  
     571     976        7      0-952   
     572    2584       75      0-2456  
     573     740       20      0-688   
     575    4751       37      0-4674  
     578     653       40      0-626   
     579    3412       30      0-3288  
     580     998        8      0-963   
     581     694       24      0-662   
     582    1739       22      0-1680  
     583    1168        2      0-1168  
     584    4056       36      0-4040  
     585    5062      157      0-4914  
     586     990       14      0-955   
     587    3016        7      0-2944  
     588    1345       16      0-1318  
     589    1258        1      0-1258  
     590     236        2      0-236   
     593    1282       44      0-1278  
     594    1637        2      0-1637  
     595    1874        2      0-1874  
     596    9608       37      0-9415  
     597    2126       62      0-2113  
     598    1248       21      0-1225  
     599    3873       35      0-3810  
     600    6673       14      0-6579  
     601    3295        1      0-3295  
     602    4416       47      0-4269  
     603    5147        5      0-5124  
     604    1710      120      0-1698  
     605    1111      146      0-1095  
     607    2537       13      0-2536  
     608    3135       11      0-3088  
     609    4413       86      0-4201  
     610    1264       27      0-1262  
     612   21732       15      0-21558 
     614    3614       35      0-3417  
     615    1607       53      0-1588  
     616    7480      104      0-7365  
     617    1529        1      0-1529  
     619     856       14      0-846   
     620    1589       48      0-1554  
     621    1725       28      0-1706  
     623    1880       65      0-1868  
     624    3144       26      0-3017  
     625    1290       70      0-1255  
     626    1058       39      0-1031  
     627    1991       40      0-1930  
     628    1703        1      0-1703  
     629    3238        8      0-3238  
     630    1104       12      0-1090  
     631     327       92      0-323   
     632    5096       34      0-4987  
     633    1550        3      0-1525  
     634    2388       10      0-2308  
     635    2267       86      0-2256  
     637    7015        3      0-6948  
     638    6897       41      0-6872  
     639    3232       21      0-3173  
     640    2202       66      0-2114  
     641    4946       60      0-4891  
     642     854       27      0-863   
     645     686        3      0-686   
     646    2266        2      0-2266  
     647     850       33      0-836   
     648   12912       76      0-12719 
     649    2265       11      0-2242  
     650     892       13      0-883   
     651     950        5      0-950   
     652    1601       26      0-1598  
     653    2618       96      0-2564  
     654    1357       28      0-1306  
     655    2590        9      0-2583  
     656     104        1      0-104   
     657     720       30      0-682   
     658    1253        1      0-1253  
     659    3260       34      0-3246  
     660    3413       64      0-3388  
     661    1680       31      0-1654  
     663    6013        1      0-6013  
     664     640        1      0-640   
     665    2379       82      0-2320  
     666    8835       21      0-8549  
     667    1139       45      0-1128  
     668    6304       55      0-6168  
     669    3540       33      0-3506  
     670    2350        1      0-2350  
     671    1576       14      0-1569  
     672    1604       21      0-1590  
     673    6518       88      0-6366  
     674    1235       53      0-1223  
     675     472       35      0-434   
     676    2492       60      0-2475  
     677    1409        8      0-1406  
     678    1624       33      0-1614  
     679    1185       28      0-1171  
     680    6928       38      0-6707  
     681    9742       47      0-9232  
     682   18766        2      0-18766 
     683   18075       76      0-17683 
     684    1294        5      0-1294  
     686     473       26      0-477   
     688     360        1      0-360   
     689     687       93      0-669   
     690    1779       50      0-1742  
     691     634       11      0-634   
     692    2206      103      0-2197  
     693   10713       26      0-10632 
     694    1004       57      0-982   
     695    4694       29      0-4553  
     696     811      106      0-801   
     698    1559       38      0-1539  
     699    3363       85      0-3283  
     700    1362        2      0-1362  
     701    1469       70      0-1425  
     703    1465        4      0-1403  
     704    1862       30      0-1867  
     705    2546       22      0-2536  
     706    1103        4      0-1078  
     707    1942       33      0-1925  
     708    1347      110      0-1337  
     709    4031       21      0-3869  
     711     734       60      0-727   
     712    1616       12      0-1607  
     713     974       93      0-973   
     715    2705       10      0-2698  
     716    2236        4      0-2174  
     717   45057       17      0-44092 
     718    3011       38      0-2981  
     719     995        6      0-997   
     720    1313       34      0-1300  
     721    9245        7      0-9069  
     722    2131       17      0-2092  
     723    2981       60      0-2950  
     724   14212       10      0-13931 
     725    3186        2      0-3186  
     726     691        9      0-689   
     728    4679      108      0-4650  
     729    4262        3      0-4262  
     730    5187       43      0-5035  
     731    1319      131      0-1301  
     732    8540       83      0-8484  
     734    4974        8      0-4856  
     735    1468       47      0-1412  
     736    2801       30      0-2692  
     737    1808       91      0-1784  
     738    1227       13      0-1194  
     739    3884       13      0-3883  
     740    1038       29      0-996   
     741    3520       20      0-3251  
     742    5217        4      0-5150  
     743    1043        1      0-1043  
     746     621        1      0-621   
     748    3728       24      0-3549  
     749   10249       76      0-10245 
     750     842       91      0-829   
     752    1497       38      0-1482  
     753     901       27      0-900   
     755    3167        1      0-3167  
     756   12674       90      0-12499 
     757    1522       50      0-1514  
     758    1921       12      0-1921  
     759    2718      112      0-2687  
     760    4084       11      0-4056  
     761    1093      108      0-1067  
     762    4935        2      0-4935  
     763     733       58      0-720   
     764    1522       44      0-1519  
     765    1163        4      0-1152  
     766     906       55      0-880   
     768    9028        9      0-8906  
     769     465       23      0-463   
     770    1152       25      0-1146  
     771    1872        1      0-1872  
     772    1534       16      0-1525  
     773    1172       35      0-1141  
     774    3113       24      0-2956  
     776   11574        8      0-11349 
     777    3653       34      0-3575  
     778    4493        4      0-4400  
     780    2277        6      0-2258  
     781    1883       33      0-1803  
     782    7087        6      0-6545  
     784    1480       37      0-1462  
     785    3266       38      0-3255  
     787     512       41      0-490   
     788    3975       14      0-3975  
     789     728       55      0-727   
     790    1718        8      0-1698  
     791    5925       37      0-5810  
     792    4417       28      0-4096  
     793    3604       43      0-3574  
     794     888       46      0-883   
     795    7496        6      0-7512  
     797   21092        8      0-20978 
     799    3601       55      0-3590  
     801    3154       65      0-3071  
     802    1869       88      0-1839  
     803   11086        5      0-10712 
     804     379      138      0-368   
     805    3189       37      0-3146  
     808    2752       30      0-2671  
     809    1289        2      0-1274  
     810    5904        3      0-5906  
     811     640       10      0-640   
     812    8125       48      0-7980  
     813     474      119      0-469   
     814    5086       68      0-5034  
     815    1253       16      0-1252  
     816     665       62      0-663   
     817    3644        5      0-3650  
     818     220       48      0-212   
     819    1706       10      0-1706  
     820   12898       13      0-12299 
     821    8936        2      0-8919  
     822   10094       56      0-9923  
     823    2354      112      0-2296  
     824    3283       13      0-3252  
     826    1253      109      0-1252  
     827    2461       71      0-2447  
     829    3677        2      0-3677  
     830     532       51      0-527   
     831    1486       48      0-1463  
     832   13434        2      0-13434 
     833     472        3      0-470   
     834     611       72      0-599   
     835    8714       22      0-8712  
     836    3565       34      0-3523  
     837    2704       73      0-2704  
     838    4592      133      0-4508  
     840    7191       19      0-7087  
     841    9045        5      0-8957  
     842   11783       12      0-11685 
     843     293       46      0-285   
     844    1302        9      0-1299  
     846     768       12      0-751   
     847     827       48      0-816   
     848    3118       31      0-3049  
     850    2060       27      0-2042  
     851     631       20      0-630   
     852    5916        6      0-5904  
     853    4521       76      0-4495  
     854     267       13      0-270   
     855    7359       35      0-7322  
     856    1032       13      0-1023  
     857    3615       60      0-3583  
     858   20707       22      0-19987 
     859    2556       23      0-2519  
     861    1840        6      0-1809  
     862   13743        5      0-13426 
     863    1734       39      0-1723  
     864    7496        5      0-7175  
     865    1385        6      0-1349  
     866     305       25      0-294   
     867    4760       30      0-4736  
     869    6953        6      0-6760  
     870    9797       12      0-9668  
     871   19036      154      0-18687 
     873   16900       85      0-16626 
     874    2282       18      0-2262  
     875    9686       37      0-9565  
     876    3078       21      0-3063  
     877    3796       28      0-3788  
     878    4031       75      0-4021  
     879    3042       30      0-2903  
     880    9516        8      0-9311  
     881   35897      166      0-34792 
     882   11738       50      0-11336 
     883    5725       43      0-5548  
     884     718        1      0-718   
     885    1184       95      0-1165  
     886     816       31      0-826   
     887    5116       24      0-4934  
     889   28584      135      0-27886 
     891    4211        4      0-4102  
     892    2578       34      0-2452  
     893    8662       62      0-8470  
     894     745        1      0-745   
     895     752      149      0-751   
     896     460       60      0-457   
     897   16728        7      0-16820 
     898     723       57      0-695   
     900     899       47      0-898   
     901     567        2      0-558   
     902    6766       24      0-6603  
     903    9663        2      0-9611  
     904    2162       28      0-2151  
     905    3757       15      0-3701  
     906    2055       25      0-2011  
     907    1738        4      0-1716  
     908    2392       61      0-2335  
     909   13127       81      0-12766 
     910     856        5      0-856   
     911     819       16      0-814   
     912    2675       47      0-2626  
     913    2842       79      0-2835  
     914    1918       50      0-1914  
     915    3663        2      0-3488  
     916    1355        6      0-1355  
     917    1953       28      0-1908  
     918     790       52      0-758   
     919   16246        7      0-16215 
     921    1724       13      0-1724  
     922   12830       71      0-12510 
     923    6288       10      0-6295  
     924    1407        1      0-1407  
     925   28609       21      0-28620 
     926    2614       19      0-2536  
     927     681        2      0-681   
     928    3848        7      0-3698  
     929    1090        2      0-1080  
     930    1113        2      0-1113  
     931    3120       20      0-3037  
     932     842       21      0-838   
     933     726        2      0-726   
     935    2537      157      0-2518  
     936   12244        6      0-12193 
     937    1653       47      0-1645  
     938    3884       34      0-3756  
     939    1023      152      0-993   
     941    2414       25      0-2297  
     942   23496       10      0-22638 
     943     734       92      0-715   
     944    6863       84      0-6750  
     945   26677      153      0-26052 
     946    2248       16      0-2218  
     947   26730      143      0-25771 
     948    1024       40      0-992   
     949    8523       55      0-8312  
     950    2886        7      0-2867  
     951    2622       14      0-2577  
     952   20245       19      0-19969 
     953     787       18      0-782   
     954    8089        7      0-8047  
     955     766        1      0-766   
     956    1391       36      0-1382  
     957    1128      116      0-1127  
     958     899       23      0-898   
     959    3311       17      0-3311  
     960   13870       95      0-13383 
     961    1017       50      0-952   
     962    1262       39      0-1246  
     963   14326       78      0-14007 
     964    9555        8      0-9499  
     965    6432        2      0-6432  
     966    1851       23      0-1808  
     967    9493      106      0-9257  
     968    5246       42      0-5087  
     969     603       66      0-590   
     970    9466       74      0-9291  
     971    4885        5      0-4881  
     972     636       51      0-628   
     973    1063        8      0-1058  
     974    1875       29      0-1865  
     975    5960        6      0-5675  
     976    8696       11      0-8573  
     977     745       71      0-728   
     979    6281       17      0-6163  
     980    3038       39      0-3025  
     982    1313       14      0-1306  
     983    6409       96      0-6406  
     984    3120       40      0-3120  
     985    6221       16      0-6210  
     986    1545       55      0-1548  
     987     948       48      0-917   
     988    5527       28      0-5271  
     989     995       32      0-974   
     990    4139       11      0-4138  
     991    4021       39      0-3980  
     992    1169       54      0-1113  
     993    6103       11      0-5963  
     994   15747        8      0-15345 
     995     781        8      0-781   
     996    1142        8      0-1144  
     997    6324       10      0-6205  
     998    3278       15      0-3260  
     999    1211        2      0-1189  
    1001    1301        2      0-1261  
    1005     624       88      0-607   
    1006    9939       18      0-9859  
    1007    2580        3      0-2585  
    1009     966       16      0-954   
    1010     413       17      0-413   
    1011    4123        7      0-4014  
    1012     684       37      0-673   
    1013     230       23      0-229   
    1014    3491        7      0-3491  
    1015     838       37      0-838   
    1017    6457        8      0-6345  
    1018    5739       41      0-5712  
    1019   30230       13      0-29726 
    1020     741       85      0-735   
    1021    2848       73      0-2764  
    1022    6522       69      0-6503  
    1023    4109        1      0-4109  
    1024    6200       71      0-6136  
    1026    8862        8      0-8722  
    1028     469        1      0-469   
    1029    6943       84      0-6832  
    1030     346      102      0-336   
    1031    3873        8      0-3759  
    1033    3154       16      0-3117  
    1034    1079       54      0-1068  
    1035    4574       46      0-4411  
    1036    2433        1      0-2433  
    1037   12297        6      0-12068 
    1039    7204       68      0-7186  
    1040    2143       21      0-2148  
    1041     532       73      0-529   
    1042   14475       11      0-14307 
    1043    2052       80      0-2050  
    1044    5862       16      0-5784  
    1045    1085        1      0-1085  
    1046    2084      105      0-2022  
    1047   20759      102      0-19986 
    1048    1073       16      0-1075  
    1049    4328       11      0-4233  
    1050   20872       92      0-20314 
    1051    1262       27      0-1263  
    1052    3122       28      0-3041  
    1054   11056       90      0-11010 
    1055     797       55      0-769   
    1056    2265       58      0-2211  
    1057     969       65      0-960   
    1058    1308        7      0-1281  
    1059    2586       27      0-2585  
    1060    1020       21      0-1020  
    1061    6209       34      0-6202  
    1062    1378       60      0-1368  
    1064    1276       31      0-1271  
    1066     770      130      0-764   
    1067    1113        6      0-1072  
    1068     591        5      0-542   
    1069    2313       81      0-2301  
    1070    2234       34      0-2195  
    1072    1759       24      0-1743  
    1073   12033        1      0-12033 
    1075    2047        9      0-2064  
    1076    2490       84      0-2492  
    1077     735       55      0-712   
    1078    4396       53      0-4337  
    1079     770       16      0-770   
    1080     903       13      0-892   
    1081    5265       17      0-5239  
    1083     747       64      0-742   
    1084    1147      137      0-1144  
    1085    6409       18      0-6300  
    1087     722        9      0-722   
    1088     660       85      0-644   
    1089    2614       21      0-2562  
    1090    6044       56      0-6033  
    1091    1528       31      0-1521  
    1092    9709       57      0-9410  
    1094   12629        5      0-12474 
    1095     918       13      0-908   
    1096    3525       23      0-3508  
    1097   15654        9      0-15391 
    1098    1772       42      0-1767  
    1099    2417      104      0-2412  
    1100    1133       15      0-1091  
    1102    3273       38      0-3239  
    1103    1320       30      0-1307  
    1104   10275       92      0-10054 
    1105    1308        2      0-1308  
    1107   14182       99      0-13685 
    1108    2691        8      0-2691  
    1109     375        6      0-374   
    1111    2069       75      0-2019  
    1113    1856        5      0-1824  
    1114     864       30      0-862   
    1115    1665       64      0-1660  
    1116    1440        1      0-1440  
    1117    3879       19      0-3666  
    1118    1259       30      0-1242  
    1119     357        1      0-357   
    1120    9173       64      0-8918  
    1121    2547       55      0-2493  
    1122   20640      118      0-19873 
    1123   20358      117      0-19759 
    1124    2372       45      0-2330  
    1125     614       81      0-604   
    1126     725       59      0-706   
    1127   11262       11      0-11158 
    1128    1301       67      0-1293  
    1130    1985        1      0-1985  
    1131    1471       96      0-1471  
    1132    3237        1      0-3237  
    1133    1507       24      0-1458  
    1134   11060       13      0-10608 
    1135    1005       35      0-1010  
    1136   11058       14      0-10734 
    1137    7036       73      0-6978  
    1138     806      116      0-805   
    1139    3088       12      0-2985  
    1141   14025      183      0-13761 
    1142    2214       86      0-2204  
    1143     617        7      0-621   
    1144     695       15      0-691   
    1145    2463        4      0-2457  
    1146     264       22      0-270   
    1147    2086        6      0-2003  
    1148    1599       65      0-1582  
    1149    1877       60      0-1863  
    1150    6743       16      0-6728  
    1151     866        3      0-866   
    1152    3112       35      0-3056  
    1153    5791        2      0-5782  
    1154    3119       59      0-3060  
    1155    1391        3      0-1391  
    1156   10555       12      0-10493 
    1157   16099      218      0-15900 
    1158    1234       11      0-1224  
    1159   15176       71      0-14867 
    1160     828       46      0-830   
    1161    1788       13      0-1766  
    1163    3506       83      0-3413  
    1164    1235       44      0-1273  
    1165    6359       93      0-6132  
    1166   11048       39      0-10955 
    1168    1968        6      0-1926  
    1169    1141       24      0-1100  
    1170    1212        5      0-1210  
    1172     399       27      0-395   
    1173    3693        8      0-3608  
    1174    2055       38      0-2016  
    1175    1796       78      0-1766  
    1176   10986       15      0-10771 
    1177    3751       47      0-3747  
    1178    6656        1      0-6656  
    1179     906       45      0-892   
    1182    2440        9      0-2412  
    1184   15144      142      0-14891 
    1185    2529       47      0-2447  
    1186    4061        3      0-4061  
    1187    7648        9      0-7609  
    1188   15223       86      0-14933 
    1189    4265       13      0-4262  
    1190    7484       16      0-7454  
    1191    3473        2      0-3473  
    1192    1179        2      0-1178  
    1194    2934       68      0-2879  
    1195    1149        7      0-1144  
    1196    7079      142      0-6919  
    1197   27411        8      0-27411 
    1198    1669        1      0-1669  
    1199     792       88      0-783   
    1200    6203       12      0-6197  
    1201     754        2      0-754   
    1203    2379       18      0-2329  
    1204   19139        1      0-19139 
    1205    1146       56      0-1142  
    1206    2165       17      0-2131  
    1208     986       29      0-984   
    1209    1041       36      0-1036  
    1210   20230      100      0-19843 
    1212     997       61      0-985   
    1213     844       19      0-844   
    1214    5846       55      0-5798  
    1215    3262       21      0-3262  
    1217    1623       11      0-1619  
    1218   12582       29      0-12622 
    1219     376      117      0-367   
    1220     482        8      0-486   
    1221    5836       56      0-5753  
    1222    1033       25      0-1029  
    1223    3463       16      0-3321  
    1224    3071       42      0-2975  
    1225     906       64      0-885   
    1226   10555       13      0-10543 
    1227    3764       19      0-3642  
    1228    1590       15      0-1491  
    1229   13551       13      0-13433 
    1230    2038      111      0-2014  
    1231    2926       38      0-2884  
    1232    1541        5      0-1542  
    1233     413       66      0-410   
    1234    2975       56      0-2906  
    1236    2662        4      0-2662  
    1237    2007       12      0-1998  
    1238     815       70      0-809   
    1239    1965       41      0-1965  
    1240    6412        4      0-6285  
    1241   14098       81      0-13730 
    1243    1276       15      0-1251  
    1244    2376       64      0-2331  
    1245   11950       52      0-11919 
    1246     555       91      0-559   
    1247    9514        1      0-9514  
    1248   30997       20      0-30739 
    1249    1115       62      0-1113  
    1250   18186        9      0-17280 
    1253    3033       25      0-2982  
    1254   11666       82      0-11488 
    1255    5424       21      0-5236  
    1256    3272        5      0-3086  
    1257    3508       19      0-3504  
    1259    3920        4      0-3917  
    1260    1154       61      0-1122  
    1261   25959      161      0-25596 
    1262    1179       71      0-1178  
    1263   18937        5      0-18283 
    1265     517        4      0-508   
    1266    1229       47      0-1219  
    1267    4387        2      0-4387  
    1270    8783      101      0-8567  
    1271    7290      101      0-7138  
    1272    1228      100      0-1202  
    1274    9506        3      0-9475  
    1276    1481       25      0-1492  
    1277    2465        2      0-2465  
    1278    8588      119      0-8557  
    1279    6455       15      0-6448  
    1280    1103        1      0-1103  
    1281    5425       12      0-5414  
    1282     458        1      0-458   
    1283   50456       21      0-49954 
    1284   23873       12      0-22910 
    1285    2305       74      0-2255  
    1286    2338       11      0-2246  
    1287    4822        4      0-4780  
    1288   21382      110      0-20853 
    1289     604        5      0-599   
    1290    4817       10      0-4783  
    1291    9004      116      0-8908  
    1292   30201       13      0-29923 
    1295     559       40      0-540   
    1296    1443       20      0-1442  
    1297     684       20      0-687   
    1298    6116       22      0-6075  
    1299     977       65      0-941   
    1300     909       50      0-850   
    1301     836        1      0-836   
    1302    1066       21      0-1062  
    1303    5420        7      0-5383  
    1304   27895      146      0-27304 
    1305    4605        1      0-4605  
    1306     645       41      0-644   
    1307    1406        1      0-1406  
    1308    1533       65      0-1517  
    1309   10534        5      0-10434 
    1310    1186       23      0-1187  
    1311   16595       85      0-16009 
    1313     726       75      0-715   
    1314    1072       95      0-1067  
    1316    2535       15      0-2534  
    1318    1178       25      0-1155  
    1319    1025       41      0-984   
    1320    6349        1      0-6346  
    1321    1847      116      0-1810  
    1322    1971       29      0-1987  
    1323    8242       46      0-8068  
    1324    3338       70      0-3258  
    1325    4754        3      0-4750  
    1326    1343       35      0-1305  
    1327    9561       15      0-9426  
    1328     497       57      0-488   
    1329    6766        4      0-6712  
    1330     746        2      0-746   
    1331    1724       55      0-1717  
    1332     924       47      0-906   
    1333   22245        8      0-21062 
    1334     388       13      0-388   
    1336    2727       24      0-2718  
    1338    3981        3      0-3906  
    1339    9106       64      0-8817  
    1340    1403       55      0-1341  
    1341      98        2      0-98    
    1342   15216       13      0-15181 
    1343    1411       30      0-1382  
    1345    1142       11      0-1132  
    1346   16440       12      0-16155 
    1347    1073        1      0-1073  
    1348    2529       34      0-2522  
    1349    3347       41      0-3333  
    1350   11911       10      0-11525 
    1351    4581       29      0-4550  
    1352     679       94      0-666   
    1353    3093      101      0-2981  
    1354     386        4      0-386   
    1355    6438        8      0-6376  
    1356     171        1      0-171   
    1357    3396       44      0-3360  
    1358    9157       52      0-9065  
    1359    1706       15      0-1666  
    1360    5803       28      0-5624  
    1361    6062       46      0-5931  
    1362    6721        8      0-6493  
    1363    8498       41      0-8111  
    1364    6562      112      0-6516  
    1365    1573        1      0-1573  
    1366    1217      108      0-1215  
    1367   30077        7      0-30022 
    1368    3947       55      0-3831  
    1369    1400       66      0-1374  
    1371   10487        9      0-10172 
    1372    7446        6      0-7423  
    1373    5032        6      0-4974  
    1374    1348       41      0-1322  
    1375     880        3      0-853   
    1376    3952        4      0-3781  
    1377    5870       51      0-5812  
    1378    2050       10      0-2047  
    1379    5307       22      0-5112  
    1380     828       14      0-813   
    1381    6016        5      0-5986  
    1382   16046        7      0-16016 
    1383     707       12      0-701   
    1384    2010       86      0-1989  
    1385     935       81      0-935   
    1387     738       25      0-727   
    1388     845       66      0-833   
    1389     564        1      0-564   
    1390   21955      123      0-21552 
    1391    3280       28      0-3189  
    1392   15938      121      0-15856 
    1393    5251       17      0-5112  
    1394    7394       49      0-7137  
    1395     291        3      0-291   
    1396    1301       29      0-1266  
    1397    1306       20      0-1269  
    1398     296       11      0-296   
    1399    1116       69      0-1091  
    1400    1500       90      0-1486  
    1402     379        1      0-379   
    1403     346       22      0-339   
    1405   12274       73      0-11912 
    1406    1158        1      0-1158  
    1408    2059       15      0-2050  
    1409   32840       12      0-32598 
    1410    1314       68      0-1296  
    1411    1322       62      0-1317  
    1412    4525       17      0-4525  
    1413    1839       27      0-1813  
    1414    5747       16      0-5577  
    1416     412       49      0-407   
    1419    1405       69      0-1394  
    1420    2377      100      0-2329  
    1421   17863        9      0-17391 
    1422    1619       57      0-1593  
    1423    1378       72      0-1363  
    1425     519      117      0-509   
    1426     198        7      0-198   
    1427    3116       62      0-3066  
    1428     438       75      0-427   
    1429    3933       39      0-3927  
    1430     803       26      0-803   
    1431    4396       51      0-4321  
    1432     734       41      0-717   
    1435    3658        4      0-3545  
    1436    1353       20      0-1354  
    1437     123        1      0-123   
    1438    7924        4      0-7868  
    1439     903       98      0-895   
    1440    6929        7      0-6898  
    1441     773       76      0-743   
    1442     435       33      0-433   
    1443   11823        4      0-11733 
    1444    4897       32      0-4850  
    1447    2224       10      0-2189  
    1448    2482       37      0-2475  
    1449    3011       79      0-2926  
    1450     675       54      0-672   
    1451    6317       10      0-6329  
    1452     670       40      0-662   
    1453    3601       26      0-3509  
    1454    1045       63      0-1067  
    1455     510        6      0-510   
    1456   12812       12      0-12365 
    1457     658        1      0-658   
    1459    2600       31      0-2589  
    1460    1835       15      0-1808  
    1461     936       17      0-934   
    1462    6895      224      0-6806  
    1463    1531       59      0-1501  
    1464    3755       33      0-3754  
    1465    4000       55      0-3959  
    1466    1565       67      0-1553  
    1467    2043       30      0-2045  
    1468    2331        4      0-2305  
    1469    4066       39      0-4050  
    1470    6253      117      0-6168  
    1471    1883       22      0-1858  
    1472     643       11      0-642   
    1473    1715       23      0-1709  
    1474   32122      176      0-31322 
    1475    1473       10      0-1470  
    1476   26310        9      0-26116 
    1477   13655        5      0-13640 
    1479    1157       48      0-1113  
    1480     947        6      0-920   
    1481    1859        3      0-1859  
    1482    8314       11      0-8186  
    1483     512        5      0-512   
    1484     296       25      0-288   
    1485    1117       31      0-1095  
    1486    1371        7      0-1344  
    1487    3240        6      0-3229  
    1488    2935       11      0-2850  
    1489    1518       92      0-1505  
    1490   14766        4      0-14742 
    1491    8314        5      0-8222  
    1492    3451       10      0-3421  
    1493    2113        8      0-2064  
    1495    7612       16      0-7525  
    1496    6801       42      0-6725  
    1497    2960       40      0-2958  
    1498    1897       16      0-1890  
    1499   12988        2      0-12973 
    1500    1441       43      0-1418  
    1501    1130       30      0-1111  
    1502   10323        4      0-10288 
    1503     931       53      0-908   
    1504    1766       27      0-1691  
    1505    1039        3      0-1039  
    1506    2490        2      0-2476  
    1507     733       19      0-714   
    1508     882       26      0-849   
    1509   21938       47      0-21568 
    1510    2792       81      0-2751  
    1511    1343       13      0-1343  
    1512    6595       61      0-6523  
    1513    7540       18      0-7518  
    1514     302       24      0-300   
    1515     502       65      0-490   
    1516   10355       77      0-9972  
    1517    1284       32      0-1275  
    1518     576       38      0-557   
    1519    6404       13      0-6348  
    1520     879       69      0-872   
    1521    1744        3      0-1696  
    1522    2146        1      0-2146  
    1523    7595       15      0-7595  
    1524    1186        4      0-1186  
    1527   10998       15      0-10865 
    1528     478       28      0-474   
    1529    3141       40      0-3120  
    1530    1088       10      0-1061  
    1531    2473       10      0-2386  
    1532     995       69      0-967   
    1533    3802        3      0-3807  
    1534    1497        2      0-1497  
    1535    1166       63      0-1146  
    1536    2809       17      0-2771  
    1537    2319       14      0-2302  
    1538    1691       70      0-1681  
    1541   10074        2      0-10069 
    1542     861       25      0-851   
    1543     545       25      0-529   
    1544     279       65      0-273   
    1545    8877       51      0-8381  
    1546    2026        2      0-2016  
    1547     638       14      0-621   
    1548    1677       22      0-1663  
    1549    2906        3      0-2906  
    1550     618        5      0-618   
    1551    3286       26      0-3249  
    1552     817       38      0-787   
    1554   22501       31      0-22520 
    1555     893       89      0-880   
    1556    1990       93      0-1976  
    1557     325       48      0-322   
    1558     787       26      0-787   
    1559   12269      111      0-12192 
    1560    1446        4      0-1427  
    1561   24714      104      0-24475 
    1562    1036        5      0-1020  
    1563    2609        1      0-2609  
    1564    7934        6      0-7769  
    1565    8330       11      0-8224  
    1566    7555       17      0-7449  
    1567    1970       25      0-1894  
    1568     576       56      0-574   
    1569    2623       81      0-2594  
    1570    3414        2      0-3414  
    1571    2644        8      0-2632  
    1572    3237       16      0-3155  
    1574    4058       40      0-3881  
    1575     708       43      0-690   
    1576     888       51      0-889   
    1577    4264       24      0-4226  
    1578    4931       87      0-4909  
    1579    2507        2      0-2473  
    1580   12548       12      0-12489 
    1581   16472       91      0-15684 
    1582    8868       59      0-8560  
    1583     821       54      0-805   
    1584     357       87      0-350   
    1585    4510       39      0-4483  
    1587   14141       13      0-13804 
    1588    1135       86      0-1091  
    1589   10471       47      0-10414 
    1590     504       29      0-494   
    1592    3327       14      0-3182  
    1593    2435        7      0-2357  
    1594    3474        7      0-3447  
    1595   31208       37      0-30972 
    1596    6151       64      0-6107  
    1597   10809        7      0-10624 
    1598    9027        9      0-8838  
    1599    3166        8      0-3154  
    1600     349        1      0-349   
    1601     903       87      0-893   
    1602    6892        7      0-6781  
    1603    4205       50      0-4143  
    1604    3710       19      0-3710  
    1605    2566       97      0-2509  
    1606   40842       11      0-40842 
    1607    7011        2      0-7011  
    1608    2587        5      0-2551  
    1609    7394      137      0-7303  
    1610    2702        9      0-2654  
    1611    4343        5      0-4079  
    1612    1588        7      0-1588  
    1613     492       18      0-488   
    1614   22666       11      0-22464 
    1615    1063        9      0-1051  
    1616    1283      100      0-1274  
    1617    5754        5      0-5568  
    1618    1399       12      0-1402  
    1619     834       41      0-828   
    1620    1090       39      0-1088  
    1621     311        1      0-311   
    1622    2490        1      0-2490  
    1623   15833       10      0-15715 
    1624    5481        5      0-5469  
    1625    3752       46      0-3737  
    1626    6712        7      0-6488  
    1627   13437      101      0-12963 
    1628     491       61      0-476   
    1629     673       27      0-662   
    1630    2692       46      0-2692  
    1631     688       11      0-682   
    1632    7960        6      0-7774  
    1633    8862       35      0-8547  
    1639    2587        3      0-2576  
    1640    4955        2      0-4955  
    1642   13080       83      0-12802 
    1643   15015      103      0-14405 
    1645    6370        5      0-6293  
    1646    2760        7      0-2760  
    1647   11969        9      0-11810 
    1648    4998        2      0-4998  
    1649     582      135      0-557   
    1650    4935        1      0-4935  
    1652     134        5      0-134   
    1654   28453       13      0-27755 
    1655     514        2      0-514   
    1656    1723       64      0-1684  
    1660    9586       11      0-9503  
    1661    1284        4      0-1284  
    1662     109        2      0-109   
    1665   10356       20      0-10325 
    1668    4159        1      0-4159  
    1675      73        6      0-73    
    1676    5564       30      0-1166  
    1682    6864        2      0-6891  
    1683    2096        1      0-2096  
    1687    6931       25      0-729   
    1688    8049        2      0-8049  
    1690    1403      106      0-1379  
    1691    1671        3      0-1671  
    1692   11368        1      0-11368 
    1694    2529        1      0-2529  
    1697    8145       34      0-7983  
    1699    5063       18      0-4766  
    1701    4300        1      0-4300  
    1702   15130       12      0-14953 
    1708     377        1      0-377   
    1711    9687        1      0-9687  
    1712    2233        3      0-2233  
    1713    6745      115      0-6649  
    1714     196        1      0-196   
    1715   11314        1      0-11314 
    1716   15744       11      0-15821 
    1719     909       63      0-898   
    1723    4749        3      0-4749  
    1724   23001       85      0-21448 
    1726    3235        1      0-3235  
    1727    1188       16      0-1188  
    1728    1046        3      0-1046  
    1729    5101       37      0-5054  
    1734    8127        2      0-8127  
    1740     153       17      0-155   
    1741     402        3      0-399   
    1744    2574       27      0-2537  
    1748    2714       11      0-2665  
    1752     474       23      0-472   
    1753    8916        5      0-8916  
    1757      83       18      0-83    
    1758    8162        1      0-8162  
    1759   34254       22      0-34007 
    1761    9827        1      0-9827  
    1762    2885        2      0-2885  
    1763    3572       19      0-3568  
    1765   17448       28      0-17447 
    1766    1442        6      0-1445  
    1772    3951        8      0-3910  
    1773     146       29      0-146   
    1774     458       17      0-458   
    1776    5535       81      0-5408  
    1777   29505       20      0-28740 
    1782     937        2      0-937   
    1783    1587        1      0-1587  
    1784    5913       67      0-5824  
    1786    1669       14      0-1665  
    1787     989       28      0-947   
    1790    4760       13      0-4681  
    1791   24749       31      0-24736 
    1793    1276        1      0-1276  
    1794    5867      128      0-5790  
    1796    3454        9      0-3404  
    1797    1376       45      0-1375  
    1805     320        1      0-320   
    1808     888        2      0-888   
    1813   95818        2      0-95818 
    1818   10275      143      0-10257 
    1824    5048        2      0-5048  
    1827    1286       16      0-1276  
    1829    8903       66      0-8465  
    1830     107        1      0-107   
    1831     102        2      0-102   
    1832    5723        1      0-5723  
    1834    1536        3      0-1536  
    1836    4606        4      0-4606  
    1842    1254        6      0-1254  
    1844     537       10      0-537   
    1849    1139        3      0-1143  
    1851    4300        1      0-4300  
    1855     619        3      0-619   
    1856    2365       14      0-2325  
    1861    1513       24      0-1512  
    1862    1493       66      0-1468  
    1863     402       16      0-402   
    1866    3097        8      0-3107  
    1867    8450        8      0-8368  
    1868    2421        1      0-2421  
    1869    2408        1      0-2408  
    1870     589       87      0-586   
    1871  163056        6      0-163056
    1872    2423        7      0-2423  
    1880     283        2      0-283   
    1882   17547       15      0-17279 
    1885   40698        5      0-40698 
    1887     589        3      0-589   
    1891    2373       19      0-2379  
    1894    5384        4      0-5384  
    1896    1631       22      0-1624  
    1898    4920        2      0-4920  
    1899     725       51      0-720   
    1902     661       36      0-661   
    1905    1570       27      0-1573  
    1907   28108       18      0-28321 
    1910    8868        7      0-8757  
    1911     228        2      0-228   
    1912     318        1      0-318   
    1913    3972       22      0-3851  
    1915     245        1      0-245   
    1916    5030       13      0-5141  
    1918    9705      101      0-9658  
    1920    2128       38      0-2110  
    1922    9051       11      0-8840  
    1923   24252        8      0-24252 
    1925     178        1      0-178   
    1926  190253        7      0-190253
    1927    2550        1      0-2550  
    1928   20521       12      0-20210 
    1930     348       12      0-350   
    1931    7076       71      0-6990  
    1932   13023       26      0-12854 
    1933     112        1      0-112   
    1935  112849        5      0-112849
    1936    1062       20      0-1047  
    1938     129       19      0-117   
    1942     512       82      0-503   
    1943    2434        5      0-2403  
    1944     169        1      0-169   
    1945   32971        1      0-32971 
    1946    1422       28      0-1409  
    1947  180069       10      0-180124
    1948   74139       12      0-74139 
    1949  137739       20      0-137754
    1951   46059       24      0-46057 
    1952   63555       26      0-63555 
    1955    7355       50      0-7307  
    1960      66       28      0-66    
    1963    5514        8      0-5525  
    1968    1694       78      0-1656  
    1969    1135        2      0-1135  
    1970   14579       30      0-14585 
    1973   56530        2      0-56530 
    1974     223        9      0-223   
    1975    5013        2      0-5008  
    1976    1760        4      0-1760  
    1979    1188        4      0-1191  
    1980    7409       18      0-7421  
    1982   27507       20      0-27242 
    1985    2552        2      0-2552  
    1986     407       14      0-409   
    1987     954        2      0-954   
    1991    8094        2      0-8043  
    1992     115        3      0-115   
    1995     885       86      0-880   
    1996     919       25      0-908   
    1998    4572        1      0-4572  
    2000    1502       39      0-1484  
    2002    2064        6      0-2064  
    2008    1653        9      0-1649  
    2009   32621       27      0-32607 
    2010   10614        1      0-10614 
    2012   19044       32      0-6441  
    2014    3887       38      0-3864  
    2017     787        1      0-787   
    2018    1279        4      0-1279  
    2019    4446        3      0-4446  
    2025   14421        1      0-14421 
    2027   52626       18      0-52712 
    2028  100329       20      0-100381
    2029    7208       17      0-7201  
    2031  156329       25      0-156372
    2032  156326        2      0-156326
    2033    9603        1      0-9603  
    2036    8575        3      0-8575  
    2037     220        4      0-220   
    2038     882        8      0-882   
    2039     484        4      0-484   
    2041     402       31      0-393   
    2042   11984       52      0-11745 
    2043    5271       23      0-5302  
    2044    2178        2      0-2178  
    2048   23745       30      0-23652 
    2049    6855        1      0-6855  
    2050     141        8      0-141   
    2052  140894        5      0-140894
    2053     418        1      0-418   
    2054     493        3      0-493   
    2056     584        2      0-584   
    2057    7315        1      0-7315  
    2058     880        5      0-878   
    2059     942        5      0-942   
    2060    2976        1      0-2976  
    2061   14456        1      0-14456 
    2062    3287       43      0-3258  
    2063     443        5      0-443   
    2064    4652        1      0-4652  
    2065     848        2      0-848   
    2072     280        2      0-280   
    2073    1145        2      0-1145  
    2075     534        8      0-538   
    2077    1447       13      0-1447  
    2078    1147        1      0-1147  
    2081     106        2      0-106   
    2083    2201        5      0-2201  
    2085   42626        1      0-42626 
    2087    2892        1      0-2892  
    2088     482       30      0-474   
    2089   64552        2      0-64552 
    2090     142        1      0-142   
    2091   32047       18      0-32009 
    2092     816        1      0-816   
    2094    1685        3      0-1685  
    2095   23391       21      0-23387 
    2096    2311        1      0-2311  
    2098     601        3      0-601   
    2099    4715        1      0-4715  
    2100    3102       30      0-3091  
    2104     883        4      0-883   
    2106   10303      109      0-10075 
    2107     217        5      0-218   
    2109   10033        2      0-10005 
    2110    4903        3      0-4827  
    2111    1118        2      0-1118  
    2112     210       12      0-207   
    2118    5336        1      0-5336  
    2120   12836       79      0-12318 
    2123    1028        3      0-1030  
    2125    2908        1      0-2908  
    2127    2389        1      0-2389  
    2128    4495        1      0-4495  
    2129     743       23      0-743   
    2130    3909        1      0-3909  
    2131     297        6      0-297   
    2135     990       19      0-988   
    2139    1214       14      0-1222  
    2141    3596        4      0-3596  
    2144    1127        1      0-1127  
    2145    5715        2      0-5715  
    2148    1431       41      0-1343  
    2150    1525        2      0-1525  
    2153   12011        1      0-12011 
    2155     933        1      0-933   
    2157    9654        5      0-9654  
    2158    5016        8      0-4942  
    2159    3663       43      0-3591  
    2161    3035        3      0-3010  
    2162    1298        2      0-1298  
    2163      90       14      0-90    
    2167    7878       69      0-7838  
    2170      75        1      0-75    
    2172   23567        3      0-23567 
    2176  158878        6      0-158878
    2177    4536        7      0-4536  
    2179    1024       65      0-1013  
    2182   45966        2      0-45966 
    2183     265        2      0-265   
    2184    5944        2      0-5944  
    2185   10143       66      0-9617  
    2186    5653        1      0-5653  
    2187  125718        6      0-125718
    2192    2698        5      0-2698  
    2197     193        2      0-193   
    2198    1601        1      0-1601  
    2199    5474        1      0-5474  
    2201    1629       79      0-1617  
    2205    1059        4      0-1059  
    2207    1735        3      0-1735  
    2208     179        8      0-179   
    2209    3004        8      0-2955  
    2215    8394        1      0-8394  
    2216     855        2      0-855   
    2217     421        4      0-421   
    2223   41152       33      0-41132 
    2225    2849       10      0-2856  
    2229    4387       36      0-4308  
    2230    2380        3      0-2380  
    2232     105        4      0-105   
    2233   12320        3      0-12320 
    2234    6281        1      0-6281  
    2236    8787       76      0-8557  
    2238    1109       14      0-1105  
    2239    3983        3      0-3983  
    2240    1329        1      0-1329  
    2241  348196        2      0-348196
    2242    1241        7      0-1241  
    2244    1120        2      0-1120  
    2249  179692        6      0-179692
    2250    1091        2      0-1091  
    2251   22851       17      0-22319 
    2256    7000        3      0-7000  
    2257    2225        1      0-2225  
    2258  105850        7      0-105850
    2259   79727        3      0-79727 
    2261    1544       10      0-1555  
    2262   16588       20      0-16595 
    2263     909       57      0-885   
    2264     294       18      0-292   
    2265     969       19      0-968   
    2267    2561        2      0-2561  
    2268    6763        1      0-6763  
    2270    1178        1      0-1178  
    2271    5225        3      0-5148  
    2276     109       15      0-99    
    2277   12839       41      0-12800 
    2278     328        1      0-328   
    2280    1491        4      0-1491  
    2283    5917       13      0-5676  
    2284     412        3      0-412   
    2285    4021        2      0-4021  
    2287     547        4      0-547   
    2290    1574        1      0-1574  
    2292    3577       67      0-3545  
    2293    1271        1      0-1271  
    2294   11918       10      0-11726 
    2295    2195        4      0-2195  
    2296    1459        2      0-1459  
    2297   12240       14      0-12240 
    2298     496       64      0-496   
    2299    6119       37      0-5874  
    2300     576        1      0-576   
    2301    1170        2      0-1156  
    2303    7076        1      0-7076  
    2304   17795       13      0-17167 
    2305     203        3      0-203   
    2306    3210       41      0-1313  
    2307    1333       11      0-1332  
    2308     284        4      0-284   
    2312   10667       14      0-10652 
    2313   17896        7      0-17899 
    2319    3967        1      0-3967  
    2320    1610        3      0-1610  
    2324    1508        1      0-1508  
    2325    1187        3      0-1187  
    2327    2166       12      0-2167  
    2330     691       26      0-693   
    2331     304        1      0-301   
    2332   11429       27      0-10634 
    2335   19486        1      0-19486 
    2337     253       26      0-251   
    2339    3813       37      0-3676  
    2340    2249        5      0-2205  
    2341     599        8      0-599   
    2345    3693        7      0-3616  
    2347     643       30      0-632   
    2350    4944        4      0-4937  
    2357    1808        1      0-1808  
    2358    1025       46      0-978   
    2359     259        4      0-261   
    2361     579        2      0-579   
    2362     228        1      0-228   
    2364    8549       24      0-8556  
    2366     314       22      0-313   
    2367   30899        4      0-30883 
    2373    1692        5      0-1692  
    2374   46712       21      0-46712 
    2376     672        4      0-660   
    2377   62358       41      0-62318 
    2379    8180      105      0-7998  
    2382     826        9      0-826   
    2384  189850        6      0-189850
    2385    4266        1      0-4266  
    2390    1686        3      0-1686  
    2391     255        1      0-255   
    2393      71        1      0-71    
    2394   10672        2      0-10672 
    2399     491        1      0-491   
    2400    4214       29      0-4157  
    2401    3188       21      0-3099  
    2405     146        2      0-146   
    2407     361        1      0-361   
    2410     802        1      0-802   
    2411     779        2      0-779   
    2414  145836       22      0-145843
    2416    5273        9      0-5257  
    2417     913        2      0-913   
    2418   28380       27      0-28342 
    2422    2739       98      0-2730  
    2424     731        4      0-731   
    2425   17422        1      0-17422 
    2428     212        4      0-212   
    2430     159        1      0-159   
    2431   12389        1      0-12389 
    2432    2316       15      0-2246  
    2437    8749       27      0-2261  
    2442     661        6      0-661   
    2446     417        1      0-417   
    2447    1173        3      0-1173  
    2448    3848        1      0-3848  
    2453    2817        1      0-2817  
    2456     852        4      0-852   
    2458     263        1      0-263   
    2459     596        2      0-596   
    2461    2488        6      0-2488  
    2463    2158        1      0-2158  
    2464   10169        4      0-10160 
    2466     246        2      0-246   
    2467      87        1      0-87    
    2468     121       23      0-121   
    2469     690        1      0-690   
    2476     162       19      0-162   
    2478     705       11      0-705   
    2479     521        1      0-521   
    2480   10922       22      0-10912 
    2481  107121        1      0-107121
    2482    1202        1      0-1202  
    2484     382        8      0-382   
    2485     100        1      0-100   
    2487    1670        1      0-1670  
    2488    1347       58      0-1292  
    2489    2402        2      0-2402  
    2491     125       19      0-126   
    2492      75        2      0-75    
    2493    6211       23      0-6211  
    2495     419       59      0-410   
    2498    1807        1      0-1807  
    2499   17033        1      0-17033 
    2507     453        1      0-453   
    2509    1918        1      0-1918  
    2511     757        7      0-757   
    2512    7954        2      0-7954  
    2514      69        4      0-69    
    2515    2003        5      0-2003  
    2516    3698        1      0-3698  
    2517   18580       16      0-17944 
    2522    6592        1      0-6592  
    2525    2738        4      0-2738  
    2526    5870        1      0-5870  
    2527   16324       31      0-16320 
    2529     300       12      0-300   
    2531    4155       16      0-4170  
    2532   13218        1      0-13218 
    2534    1938        1      0-1938  
    2536   12864       24      0-12697 
    2537    2544       20      0-2527  
    2540     903        5      0-903   
    2542     299        1      0-299   
    2543    5776       30      0-5736  
    2544    4129        4      0-4076  
    2546    1253        1      0-1251  
    2547    1361        1      0-1361  
    2549      52        2      0-52    
    2550    1887        3      0-1887  
    2552     680       25      0-663   
    2554   28932        4      0-28932 
    2556    2055       30      0-2015  
    2559     657        1      0-657   
    2561     138        1      0-138   
    2562     203        1      0-203   
    2563   10520        3      0-10524 
    2564    2290       51      0-2247  
    2566    2201       22      0-2190  
    2570     583        7      0-583   
    2571    1376        5      0-1376  
    2572   40103       23      0-39995 
    2575    6650       55      0-6283  
    2576    3324        7      0-3291  
    2578    1677        4      0-1677  
    2581    2499        1      0-2499  
    2582    4951        4      0-5007  
    2587   14204       65      0-13446 
    2589    4568        4      0-4571  
    2590    8014        2      0-8014  
    2592    2212        1      0-2212  
    2597     148        2      0-148   
    2599     628        2      0-628   
    2601   15620        1      0-15620 
    2608    6136       16      0-6015  
    2609     861       47      0-843   
    2612    1066       28      0-1059  
    2614  279653        5      0-279653
    2615    5926        1      0-5926  
    2623    2615        8      0-2613  
    2624   81120        6      0-81120 
    2625    6161       23      0-6127  
    2626  237539        8      0-237539
    2628  187570       14      0-187570
    2629   68276        1      0-68276 
    2631   16998       14      0-16337 
    2633    3520        2      0-3520  
    2634   75779        2      0-75779 
    2636   14705        3      0-14705 
    2637   17268        7      0-17143 
    2640   16637       95      0-16016 
    2642    1724        2      0-1724  
    2643    1185        2      0-1185  
    2644   39859       12      0-39975 
    2646    1900        1      0-1900  
    2650    1206       29      0-1151  
    2651    4748       31      0-4625  
    2652    1936       17      0-1938  
    2653     664        9      0-658   
    2655    1562        1      0-1562  
    2657   15065       29      0-4385  
    2659     365        2      0-365   
    2662   38383        5      0-38370 
    2665   10348       12      0-10317 
    2667     109        2      0-109   
    2668    2785       36      0-2726  
    2670   11451       78      0-11352 
    2671     200       17      0-201   
    2676     800        5      0-800   
    2677     482        2      0-482   
    2680    1643        4      0-1643  
    2682    1653       43      0-1653  
    2683   86914       12      0-86914 
    2684      61        1      0-61    
    2685   17181        1      0-17181 
    2686    3712        3      0-3712  
    2688    2503        2      0-2503  
    2689    7914        1      0-7914  
    2690    5600        1      0-5600  
    2692    3713        4      0-3713  
    2693     455       12      0-454   
    2695    5619        2      0-5619  
    2696    1059        5      0-1059  
    2700    1028       27      0-989   
    2703    5128        8      0-5106  
    2707   15115        1      0-15115 
    2709     833       52      0-831   
    2713     327       24      0-327   
    2714    1127        2      0-1127  
    2715    1669        5      0-1669  
    2718    5084        6      0-5084  
    2719    6624        6      0-6628  
    2720   10291        1      0-10291 
    2721     199        1      0-199   
    2729    4859        5      0-4859  
    2731    2817        8      0-2786  
    2735     590        9      0-593   
    2736    2831        3      0-2831  
    2737    1322       48      0-1291  
    2738    1051        5      0-1051  
    2742     397        1      0-397   
    2743    1232        8      0-1225  
    2746     140        1      0-140   
    2749    1593        1      0-1593  
    2750    7024       21      0-6714  
    2754     122        6      0-122   
    2755    4857       39      0-4682  
    2757     129        2      0-129   
    2759    6620        1      0-6620  
    2760      55       11      0-55    
    2761   50647       11      0-50647 
    2762    2883        4      0-2883  
    2765     324        1      0-324   
    2767    2101        7      0-2101  
    2768    1473        4      0-1473  
    2769    1429       10      0-1413  
    2770     222        2      0-222   
    2771     232        3      0-232   
    2776    5054       43      0-5020  
    2777    4096       30      0-381   
    2778     568        1      0-568   
    2779    2025        1      0-2025  
    2780    8655        9      0-8343  
    2782    4944        7      0-4929  
    2784    1181        3      0-1181  
    2785    1032        1      0-1032  
    2789     170        1      0-170   
    2791    1818        2      0-1818  
    2793   72819        1      0-72819 
    2794    8680        3      0-8680  
    2795   15404        1      0-15404 
    2796    2651        1      0-2651  
    2799    1406       11      0-1345  
    2806    3646       10      0-3647  
    2809    1612        2      0-1612  
    2814    2244        1      0-2244  
    2815     638       52      0-637   
    2817    1185       34      0-1172  
    2819     126        7      0-126   
    2821    2144        1      0-2144  
    2825    5763        1      0-5763  
    2826   34811       13      0-34561 
    2829    4459        4      0-4459  
    2830     581       11      0-575   
    2832     111        5      0-111   
    2836    1709        2      0-1709  
    2839    4333        1      0-4333  
    2840     302       10      0-300   
    2842    2976        5      0-2976  
    2846     891       14      0-887   
    2847     631        1      0-631   
    2849    4810        1      0-4810  
    2851    6931        1      0-6931  
    2852    1583       19      0-1491  
    2853     547        8      0-547   
    2855      76       12      0-76    
    2856   18261       14      0-18033 
    2857    1555       34      0-1542  
    2858    1614        2      0-1592  
    2860     315       10      0-315   
    2861   13057       23      0-3698  
    2864     437        4      0-437   
    2866  140292       10      0-140292
    2867    5408        1      0-5408  
    2869     615        7      0-615   
    2872    3825       12      0-3822  
    2873    1635       32      0-1635  
    2879     807        8      0-788   
    2881     416        3      0-416   
    2883   17268        1      0-17268 
    2886     142        4      0-142   
    2891    2139        9      0-2139  
    2892    1237       23      0-1230  
    2893    1601       73      0-1591  
    2895    1343        1      0-1343  
    2899    2543        5      0-2543  
    2902    6644        6      0-6540  
    2905    2321        2      0-2321  
    2908    1776        2      0-1776  
    2909    1218        2      0-1218  
    2912    2229        1      0-2229  
    2914    5351        1      0-5351  
    2915   20282        6      0-20118 
    2916    1907       83      0-1857  
    2921    5727       81      0-5578  
    2922    2670        1      0-2670  
    2923    9988        1      0-9988  
    2926    4706       39      0-4638  
    2927   84706       15      0-84706 
    2929    1699        1      0-1699  
    2930    5813       40      0-5627  
    2933     413        1      0-413   
    2935    1966        4      0-1966  
    2937    2342        1      0-2342  
    2939    1032        1      0-1032  
    2940     124        6      0-124   
    2942   19021       11      0-18851 
    2945    5119        1      0-5119  
    2950    5304        9      0-5304  
    2952     825       50      0-811   
    2954      93        1      0-93    
    2955    2880       37      0-1227  
    2957    6097        3      0-5878  
    2958    4067        1      0-4067  
    2959    5008        2      0-5008  
    2960    1456        4      0-1456  
    2961    7181        6      0-7161  
    2962     161        1      0-161   
    2964  388351        5      0-388351
    2965      93        2      0-93    
    2968    6676        1      0-6676  
    2969     453       18      0-453   
    2972    1051        8      0-1051  
    2973    1912        9      0-1912  
    2976     291        1      0-291   
    2977    5512        1      0-5512  
    2978     960        4      0-916   
    2988    1220        2      0-1220  
    2990   35858      169      0-34453 
    2993     200        8      0-197   
    2994    8524       44      0-8445  
    2996    4769       74      0-4696  
    2999     112       25      0-115   
    3003    8967        7      0-8740  
    3007     680       39      0-679   
    3008    1300       24      0-1250  
    3009  118389        5      0-118389
    3010    2517        1      0-2517  
    3011    2528        1      0-2528  
    3012    7292        2      0-7295  
    3014   62660       18      0-62681 
    3015    1100        1      0-1100  
    3018    7158        2      0-7158  
    3023    5031        2      0-5030  
    3025    3839       32      0-3805  
    3029   12707       16      0-12618 
    3031     342        2      0-342   
    3033     777       53      0-757   
    3035    3564       31      0-3511  
    3036     124        3      0-124   
    3037     554        1      0-554   
    3039    3229        1      0-3229  
    3040    6088        7      0-6030  
    3041    1217        1      0-1217  
    3042    6604        5      0-6574  
    3043     402        1      0-402   
    3044    1824       16      0-1782  
    3047    1449        3      0-1449  
    3048     885       17      0-869   
    3049    3532        1      0-3532  
    3051     272        3      0-272   
    3052   38483       20      0-38337 
    3054     441       44      0-430   
    3055   10103        1      0-10103 
    3057     403        1      0-403   
    3059    1889        3      0-1889  
    3062     920        1      0-920   
    3063      75        1      0-75    
    3064    1519       19      0-1519  
    3066    1711        6      0-1711  
    3068     793        1      0-793   
    3069   14919       22      0-14901 
    3071    2222        1      0-2222  
    3074    1711       13      0-1708  
    3075   26402       16      0-26405 
    3076     364        4      0-364   
    3078    1239       13      0-1215  
    3080    5715        4      0-5613  
    3081   39782        2      0-39782 
    3082    3645       25      0-3593  
    3084    8076        5      0-7873  
    3085     431        2      0-431   
    3086    5777        3      0-5798  
    3087     306       13      0-306   
    3089     382       44      0-388   
    3091      57        8      0-57    
    3094     866       14      0-851   
    3097   18413        4      0-18413 
    3098    4069        3      0-4069  
    3099   33479       16      0-32934 
    3105    1949        1      0-1949  
    3109     229       22      0-224   
    3111    4664       56      0-4596  
    3112    1303        2      0-1303  
    3114     417        5      0-417   
    3115   11775        7      0-11424 
    3117      68        4      0-68    
    3118     279        1      0-279   
    3120  178475        7      0-178475
    3122    6138        5      0-6037  
    3124    5532        1      0-5532  
    3126   17022       23      0-17036 
    3127    1475       28      0-1478  
    3130   68936        2      0-68936 
    3135    4830        4      0-4521  
    3136    3041       10      0-2941  
    3137   10667        3      0-10667 
    3138   10801        4      0-10801 
    3139   50582       29      0-50553 
    3140   64064        9      0-64064 
    3141    1365       35      0-1346  
    3142   13949        8      0-13908 
    3143    3026        7      0-3047  
    3144  110370       20      0-110112
    3145   34972        1      0-34972 
    3147    4588        2      0-4588  
    3152     949        2      0-949   
    3154   97084        1      0-97084 
    3155    5527        5      0-5527  
    3161     705        2      0-705   
    3163   13750        9      0-13756 
    3164  194975        4      0-194975
    3165    2883        1      0-2883  
    3166   13629        1      0-13629 
    3168   21212       44      0-2653  
    3169    1569       10      0-1569  
    3172    3072        8      0-3072  
    3179     290        5      0-290   
    3182     441        1      0-441   
    3183    2366        2      0-2366  
    3188     101       16      0-100   
    3191    2842        4      0-2804  
    3192   29633       30      0-29641 
    3194   14370       56      0-14317 
    3195  130350        4      0-130350
    3198   72850        1      0-72850 
    3199     144        3      0-144   
    3200    6391        1      0-6391  
    3201    8386        4      0-8348  
    3202    1981        1      0-1981  
    3204     948       38      0-930   
    3206    1907       11      0-1898  
    3211    1052       56      0-1046  
    3214     298       76      0-283   
    3216   13582       61      0-13247 
    3220    7458        6      0-7309  
    3225    3771       10      0-3761  
    3226    1042       19      0-1030  
    3228     733        2      0-733   
    3229     888        3      0-888   
    3233    1786       14      0-1733  
    3234    3441        2      0-3440  
    3235  176503        3      0-176503
    3239  255469        6      0-255469
    3240   49706       21      0-49456 
    3242    3154        1      0-3154  
    3245   10325      161      0-10156 
    3246    6877        1      0-6877  
    3248    5532        4      0-5532  
    3249    4035        1      0-4035  
    3250    2578       30      0-2574  
    3251     614        3      0-614   
    3252      71        5      0-71    
    3255     555        1      0-555   
    3256     530       11      0-532   
    3258    3660       12      0-3565  
    3260     952        2      0-952   
    3263     284       16      0-284   
    3266    1755       22      0-1752  
    3270     779       10      0-780   
    3273    1322        4      0-1322  
    3279   24948       22      0-24948 
    3282   25526        2      0-25526 
    3284      63       11      0-63    
    3285   32735       18      0-32042 
    3286    2270        1      0-2270  
    3293    4796       10      0-4796  
    3294    4744       10      0-4744  
    3295    3285        1      0-3285  
    3301     344       14      0-342   
    3306    1003       57      0-993   
    3307      67        8      0-67    
    3313    2512        1      0-2512  
    3316    1185        4      0-1185  
    3317    3716       71      0-3617  
    3318     367       29      0-371   
    3319     866       21      0-849   
    3323   32005       15      0-32005 
    3324   10618        1      0-10618 
    3328   23604       13      0-23132 
    3329     285        1      0-285   
    3331   27753       11      0-27707 
    3337      97        1      0-97    
    3340     162        2      0-162   
    3345    2284        1      0-2284  
    3346    3399        1      0-3399  
    3347    2508        2      0-2508  
    3351     230        6      0-230   
    3353     535        1      0-535   
    3355  203681        8      0-203681
    3356      70        2      0-70    
    3358     683       81      0-660   
    3360     242        1      0-242   
    3361     464        3      0-457   
    3363    6467        9      0-6303  
    3364    6003        1      0-6003  
    3369    9798       46      0-9721  
    3372     824        2      0-824   
    3373   37941        1      0-37941 
    3374   13499        7      0-13372 
    3376    2782       16      0-2732  
    3378   32796       19      0-32018 
    3379     871        1      0-871   
    3380     928       70      0-913   
    3382     239        1      0-239   
    3383   27621        9      0-27407 
    3385    4013       26      0-3924  
    3390    2839        1      0-2839  
    3391    4100       12      0-4097  
    3394    1373        1      0-1373  
    3399    2868        1      0-2868  
    3400    2513        1      0-2513  
    3401     559       10      0-563   
    3406    1278       76      0-1263  
    3408    2067       21      0-2032  
    3409    1254       78      0-1221  
    3411    3703        1      0-3703  
    3414   11595        1      0-11595 
    3415     485       20      0-486   
    3417    6631       49      0-6484  
    3422    4281        1      0-4281  
    3426     912      114      0-905   
    3430    4734        4      0-4734  
    3431   17560        1      0-17560 
    3434   89967        4      0-89967 
    3436    1064        9      0-1064  
    3437   10524        2      0-10501 
    3439    3874        1      0-3874  
    3440    5790       38      0-5682  
    3441     326        2      0-326   
    3446   22457       18      0-22385 
    3449     258       17      0-259   
    3452    4615        2      0-4615  
    3453    1884        1      0-1884  
    3455   42275       25      0-41982 
    3457    3369       29      0-3349  
    3459     527       10      0-527   
    3460   42841        1      0-42841 
    3463     880       29   
Bye.
   0-873   
    3466   16800        2      0-16800 
    3469    8174        1      0-8174  
    3472    2637        4      0-2575  
    3473     425       19      0-419   
    3476    2679        1      0-2679  
    3477    2511        2      0-2511  
    3478     778        1      0-778   
    3479    1670       25      0-1605  
    3480   13739        5      0-13739 
    3481   12031        6      0-12087 
    3483   84908        2      0-84908 
    3487    1554       56      0-1548  
    3488     212        4      0-209   
    3490    5072        4      0-5072  
    3491     822        1      0-822   
    3492    1250        8      0-1239  
    3496    4512       11      0-4512  
    3497    3265       52      0-3193  
    3498    2524       24      0-2473  
    3499   32137       28      0-32139 
    3503    1118       10      0-1107  
    3504  131279        3      0-131279
    3508    1346       19      0-1324  
    3509   12498       14      0-12499 
    3510     107        6      0-107   
    3511     709        2      0-709   
    3512      50        2
    3513   19654        1      0-19654 
    3515    3612        1      0-3612  
    3516    1137        2      0-1137  
    3518     146       28      0-146   
    3519    7195       42      0-6645  
    3520   16125       17      0-15494 
    3522    4275       20      0-4230  
    3523    2727        3      0-2727  
    3524     756       32      0-747   
    3525     416      160      0-406   
    3526      70        1      0-70    
    3528    8010       13      0-7762  
    3531     488       42      0-486   
    3535    1517       18      0-1512  
    3540   19381       12      0-19381 
    3542   14642       16      0-14562 
    3544     585       15      0-597   
    3546     235       10      0-233   
    3549    1894       10      0-1895  
    3550     938        6      0-938   
    3554    2612       11      0-2612  
    3555    1634       29      0-668   
    3557     456        2      0-456   
    3560     503        1      0-503   
    3563     433        6      0-433   
    3566    3852       50      0-3769  
    3567    8330        3      0-8397  
    3568     329        7      0-327   
    3571    2976        3      0-2976  
    3572    2310       51      0-2221  
    3574    1191       51      0-1168  
    3575   28245        1      0-28245 
    3578    8325        2      0-8325  
    3579     607        1      0-607   
    3587    3914        1      0-3914  
    3588    4326       91      0-4240  
    3589    5235       48      0-5140  
    3593   25163      138      0-24577 
    3594  287191        5      0-287191
    3595      54        3      0-54    
    3596     229        1      0-229   
    3602   21172        8      0-21274 
