
Counting 33  million canonical 16-mers from 1 input file:
    canu-seqStore: ../../sample.seqStore


SIMPLE MODE
-----------

  16-mers
    -> 4294967296 entries for counts up to 65535.
    -> 64 Gbits memory used

  34840031 input bases
    -> expected max count of 139360, needing 3 extra bits.
    -> 12 Gbits memory used

  9728 MB memory needed


COMPLEX MODE
------------

prefix     # of   struct   kmers/    segs/     data    total
  bits   prefix   memory   prefix   prefix   memory   memory
------  -------  -------  -------  -------  -------  -------
     1     2  P    16 kB    16 MM  1031  S   128 MB   128 MB
     2     4  P    16 kB  8505 kM   499  S   124 MB   124 MB
     3     8  P    15 kB  4252 kM   241  S   120 MB   120 MB
     4    16  P    16 kB  2126 kM   117  S   117 MB   117 MB
     5    32  P    17 kB  1063 kM    57  S   114 MB   114 MB
     6    64  P    20 kB   531 kM    27  S   108 MB   108 MB
     7   128  P    27 kB   265 kM    13  S   104 MB   104 MB
     8   256  P    42 kB   132 kM     7  S   112 MB   112 MB
     9   512  P    68 kB    66 kM     3  S    96 MB    96 MB
    10  1024  P   128 kB    33 kM     2  S   128 MB   128 MB  Best Value!
    11  2048  P   240 kB    16 kM     1  S   128 MB   128 MB
    12  4096  P   480 kB  8506  M     1  S   256 MB   256 MB
    13  8192  P   960 kB  4253  M     1  S   512 MB   512 MB
    14    16 kP  1920 kB  2127  M     1  S  1024 MB  1025 MB
    15    32 kP  3840 kB  1064  M     1  S  2048 MB  2051 MB


FINAL CONFIGURATION
-------------------

Configured complex mode for 0.125 GB memory per batch, and up to 1 batch.

Bye.
